Seq	Host	Starttime	JobRuntime	Send	Receive	Exitval	Signal	Command
10	:	1657035749.531	 94331.949	0	25	0	0	map_wrapper ../data/pool17/443_ATCTGACC-AAGTCGAG_L00M_R1_001.fastq.gz ../data/pool17/443_ATCTGACC-AAGTCGAG_L00M_R2_001.fastq.gz
5	:	1657035749.482	 99294.032	0	25	0	0	map_wrapper ../data/pool17/438_GTCGTTAC-GCTTAGCT_L00M_R1_001.fastq.gz ../data/pool17/438_GTCGTTAC-GCTTAGCT_L00M_R2_001.fastq.gz
9	:	1657035749.522	100598.707	0	25	0	0	map_wrapper ../data/pool17/442_CTTAGGAC-CAGTGAAG_L00M_R1_001.fastq.gz ../data/pool17/442_CTTAGGAC-CAGTGAAG_L00M_R2_001.fastq.gz
2	:	1657035749.453	106172.901	0	25	0	0	map_wrapper ../data/pool17/435_GCGTTAGA-GTATGCTG_L00M_R1_001.fastq.gz ../data/pool17/435_GCGTTAGA-GTATGCTG_L00M_R2_001.fastq.gz
1	:	1657035749.444	108517.848	0	25	0	0	map_wrapper ../data/pool17/434_GTCCTAAG-TGGTAGCT_L00M_R1_001.fastq.gz ../data/pool17/434_GTCCTAAG-TGGTAGCT_L00M_R2_001.fastq.gz
6	:	1657035749.491	110149.284	0	25	0	0	map_wrapper ../data/pool17/439_GTAACCGA-GGTGTCTT_L00M_R1_001.fastq.gz ../data/pool17/439_GTAACCGA-GGTGTCTT_L00M_R2_001.fastq.gz
4	:	1657035749.472	111648.901	0	25	0	0	map_wrapper ../data/pool17/437_AGACCTTG-GCACGTAA_L00M_R1_001.fastq.gz ../data/pool17/437_AGACCTTG-GCACGTAA_L00M_R2_001.fastq.gz
8	:	1657035749.511	122146.527	0	25	0	0	map_wrapper ../data/pool17/441_CATGAGCA-GCAAGATC_L00M_R1_001.fastq.gz ../data/pool17/441_CATGAGCA-GCAAGATC_L00M_R2_001.fastq.gz
7	:	1657035749.501	123629.686	0	25	0	0	map_wrapper ../data/pool17/440_GAATCCGT-TGGAGTTG_L00M_R1_001.fastq.gz ../data/pool17/440_GAATCCGT-TGGAGTTG_L00M_R2_001.fastq.gz
3	:	1657035749.463	125523.983	0	25	0	0	map_wrapper ../data/pool17/436_CAAGGTAC-GAGATACG_L00M_R1_001.fastq.gz ../data/pool17/436_CAAGGTAC-GAGATACG_L00M_R2_001.fastq.gz
12	:	1657135043.802	100663.960	0	25	0	0	map_wrapper ../data/pool17/445_AGGATAGC-AACCTTGG_L00M_R1_001.fastq.gz ../data/pool17/445_AGGATAGC-AACCTTGG_L00M_R2_001.fastq.gz
13	:	1657136348.378	106973.220	0	25	0	0	map_wrapper ../data/pool17/446_GGAGGAAT-AACCGTTC_L00M_R1_001.fastq.gz ../data/pool17/446_GGAGGAAT-AACCGTTC_L00M_R2_001.fastq.gz
11	:	1657130081.821	118852.087	0	25	0	0	map_wrapper ../data/pool17/444_TCCTCATG-AGGTGTAC_L00M_R1_001.fastq.gz ../data/pool17/444_TCCTCATG-AGGTGTAC_L00M_R2_001.fastq.gz
16	:	1657145898.934	113259.447	0	25	0	0	map_wrapper ../data/pool17/449_GACGAACT-TCGCATTG_L00M_R1_001.fastq.gz ../data/pool17/449_GACGAACT-TCGCATTG_L00M_R2_001.fastq.gz
14	:	1657141922.485	121918.243	0	25	0	0	map_wrapper ../data/pool17/447_GACGTCAT-TCAACTGG_L00M_R1_001.fastq.gz ../data/pool17/447_GACGTCAT-TCAACTGG_L00M_R2_001.fastq.gz
15	:	1657144267.457	119937.881	0	25	0	0	map_wrapper ../data/pool17/448_CCGCTTAA-ACGATGAC_L00M_R1_001.fastq.gz ../data/pool17/448_CCGCTTAA-ACGATGAC_L00M_R2_001.fastq.gz
17	:	1657147398.515	119127.577	0	25	0	0	map_wrapper ../data/pool17/451_TCCACGTT-GTTCAACC_L00M_R1_001.fastq.gz ../data/pool17/451_TCCACGTT-GTTCAACC_L00M_R2_001.fastq.gz
19	:	1657159379.448	107918.979	0	25	0	0	map_wrapper ../data/pool17/453_GTCAGTCA-TAATGCCG_L00M_R1_001.fastq.gz ../data/pool17/453_GTCAGTCA-TAATGCCG_L00M_R2_001.fastq.gz
20	:	1657161273.653	119976.848	0	25	0	0	map_wrapper ../data/pool17/454_CCTTCCAT-ATTGCGTG_L00M_R1_001.fastq.gz ../data/pool17/454_CCTTCCAT-ATTGCGTG_L00M_R2_001.fastq.gz
18	:	1657157896.245	127035.449	0	25	0	0	map_wrapper ../data/pool17/452_AACCAGAG-AACCGAAG_L00M_R1_001.fastq.gz ../data/pool17/452_AACCAGAG-AACCGAAG_L00M_R2_001.fastq.gz
