Seq	Host	Starttime	JobRuntime	Send	Receive	Exitval	Signal	Command
1	:	1659647863.517	 62237.496	0	25	1	0	map_wrapper ../data/pool12/337_TTGCGAGA-GTGCCATA_L00M_R1_001.fastq.gz ../data/pool12/337_TTGCGAGA-GTGCCATA_L00M_R2_001.fastq.gz
3	:	1659710101.288	  1966.389	0	25	0	0	map_wrapper ../data/pool12/339_CGAATTGC-CACCTTAC_L00M_R1_001.fastq.gz ../data/pool12/339_CGAATTGC-CACCTTAC_L00M_R2_001.fastq.gz
4	:	1659712069.626	   760.029	0	25	0	0	map_wrapper ../data/pool12/340_GGAAGAGA-TTCTCTCG_L00M_R1_001.fastq.gz ../data/pool12/340_GGAAGAGA-TTCTCTCG_L00M_R2_001.fastq.gz
5	:	1659712830.639	   325.995	0	25	0	0	map_wrapper ../data/pool12/341_TCGGATTC-TAGTTGCG_L00M_R1_001.fastq.gz ../data/pool12/341_TCGGATTC-TAGTTGCG_L00M_R2_001.fastq.gz
6	:	1659713159.672	   287.833	0	25	0	0	map_wrapper ../data/pool12/342_CTGTACCA-AGTCTGTG_L00M_R1_001.fastq.gz ../data/pool12/342_CTGTACCA-AGTCTGTG_L00M_R2_001.fastq.gz
7	:	1659713448.745	   310.585	0	25	0	0	map_wrapper ../data/pool12/343_GAGAGTAC-TGCTTCCA_L00M_R1_001.fastq.gz ../data/pool12/343_GAGAGTAC-TGCTTCCA_L00M_R2_001.fastq.gz
8	:	1659713759.937	   293.828	0	25	0	0	map_wrapper ../data/pool12/344_TCTACGCA-GGCTATTG_L00M_R1_001.fastq.gz ../data/pool12/344_TCTACGCA-GGCTATTG_L00M_R2_001.fastq.gz
9	:	1659714054.509	   402.885	0	25	0	0	map_wrapper ../data/pool12/345_GCAATTCC-TGTTCGAG_L00M_R1_001.fastq.gz ../data/pool12/345_GCAATTCC-TGTTCGAG_L00M_R2_001.fastq.gz
10	:	1659714464.238	   436.842	0	25	0	0	map_wrapper ../data/pool12/346_CTCAGAAG-AACTTGCC_L00M_R1_001.fastq.gz ../data/pool12/346_CTCAGAAG-AACTTGCC_L00M_R2_001.fastq.gz
11	:	1659714902.523	   633.934	0	25	0	0	map_wrapper ../data/pool12/347_GTCCTAAG-TGGTAGCT_L00M_R1_001.fastq.gz ../data/pool12/347_GTCCTAAG-TGGTAGCT_L00M_R2_001.fastq.gz
12	:	1659715538.208	   412.946	0	25	0	0	map_wrapper ../data/pool12/348_GCGTTAGA-GTATGCTG_L00M_R1_001.fastq.gz ../data/pool12/348_GCGTTAGA-GTATGCTG_L00M_R2_001.fastq.gz
13	:	1659715952.650	   329.825	0	25	0	0	map_wrapper ../data/pool12/349_CAAGGTAC-GAGATACG_L00M_R1_001.fastq.gz ../data/pool12/349_CAAGGTAC-GAGATACG_L00M_R2_001.fastq.gz
14	:	1659716283.683	   355.807	0	25	0	0	map_wrapper ../data/pool12/350_AGACCTTG-GCACGTAA_L00M_R1_001.fastq.gz ../data/pool12/350_AGACCTTG-GCACGTAA_L00M_R2_001.fastq.gz
15	:	1659716640.154	   327.605	0	25	0	0	map_wrapper ../data/pool12/351_GTCGTTAC-GCTTAGCT_L00M_R1_001.fastq.gz ../data/pool12/351_GTCGTTAC-GCTTAGCT_L00M_R2_001.fastq.gz
16	:	1659716968.221	   364.475	0	25	0	0	map_wrapper ../data/pool12/352_GTAACCGA-GGTGTCTT_L00M_R1_001.fastq.gz ../data/pool12/352_GTAACCGA-GGTGTCTT_L00M_R2_001.fastq.gz
17	:	1659717333.491	   346.740	0	25	0	0	map_wrapper ../data/pool12/353_GAATCCGT-TGGAGTTG_L00M_R1_001.fastq.gz ../data/pool12/353_GAATCCGT-TGGAGTTG_L00M_R2_001.fastq.gz
2	:	1659647863.530	 70024.687	0	25	0	0	map_wrapper ../data/pool12/338_GAACGAAG-GGTGATTC_L00M_R1_001.fastq.gz ../data/pool12/338_GAACGAAG-GGTGATTC_L00M_R2_001.fastq.gz
19	:	1659717888.684	 31748.190	0	25	1	0	map_wrapper ../data/pool12/355_CTTAGGAC-CAGTGAAG_L00M_R1_001.fastq.gz ../data/pool12/355_CTTAGGAC-CAGTGAAG_L00M_R2_001.fastq.gz
20	:	1659749637.107	   560.773	0	25	0	0	map_wrapper ../data/pool12/356_ATCTGACC-AAGTCGAG_L00M_R1_001.fastq.gz ../data/pool12/356_ATCTGACC-AAGTCGAG_L00M_R2_001.fastq.gz
18	:	1659717681.084	 33439.189	0	25	0	0	map_wrapper ../data/pool12/354_CATGAGCA-GCAAGATC_L00M_R1_001.fastq.gz ../data/pool12/354_CATGAGCA-GCAAGATC_L00M_R2_001.fastq.gz
