Seq	Host	Starttime	JobRuntime	Send	Receive	Exitval	Signal	Command
1	:	1658871754.157	     0.000	0	111	0	0	map_wrapper ../data/pool14/377_GTCGATTG-ACGGTCTT_L00M_R1_001.fastq.gz ../data/pool14/377_GTCGATTG-ACGGTCTT_L00M_R2_001.fastq.gz
2	:	1658871754.327	     0.007	0	111	0	0	map_wrapper ../data/pool14/378_ATAACGCC-TGAACCTG_L00M_R1_001.fastq.gz ../data/pool14/378_ATAACGCC-TGAACCTG_L00M_R2_001.fastq.gz
3	:	1658871754.334	     0.081	0	111	0	0	map_wrapper ../data/pool14/379_GCCTTAAC-AGCTCCTA_L00M_R1_001.fastq.gz ../data/pool14/379_GCCTTAAC-AGCTCCTA_L00M_R2_001.fastq.gz
4	:	1658871754.416	     0.018	0	111	0	0	map_wrapper ../data/pool14/381_GGTATAGG-CTGGAGTA_L00M_R1_001.fastq.gz ../data/pool14/381_GGTATAGG-CTGGAGTA_L00M_R2_001.fastq.gz
6	:	1658876681.807	     0.039	0	111	0	0	map_wrapper ../data/pool14/384_TGCGTAAC-GATAGGCT_L00M_R1_001.fastq.gz ../data/pool14/384_TGCGTAAC-GATAGGCT_L00M_R2_001.fastq.gz
5	:	1658934252.911	     1.091	0	111	0	0	map_wrapper ../data/pool14/383_TCTAGGAG-AGGTCACT_L00M_R1_001.fastq.gz ../data/pool14/383_TCTAGGAG-AGGTCACT_L00M_R2_001.fastq.gz
7	:	1658876686.617	 64767.185	0	25	0	0	map_wrapper ../data/pool14/385_CTTGCTAG-GGAGATGA_L00M_R1_001.fastq.gz ../data/pool14/385_CTTGCTAG-GGAGATGA_L00M_R2_001.fastq.gz
8	:	1658934254.542	 61727.930	0	25	0	0	map_wrapper ../data/pool14/386_AGCGAGAT-GATACTGG_L00M_R1_001.fastq.gz ../data/pool14/386_AGCGAGAT-GATACTGG_L00M_R2_001.fastq.gz
10	:	1658995983.583	     0.365	0	111	0	0	map_wrapper ../data/pool14/388_GAATCACC-CTTCGTTC_L00M_R1_001.fastq.gz ../data/pool14/388_GAATCACC-CTTCGTTC_L00M_R2_001.fastq.gz
11	:	1658995984.308	     0.013	0	111	0	0	map_wrapper ../data/pool14/389_GTAAGGTG-GCAATTCG_L00M_R1_001.fastq.gz ../data/pool14/389_GTAAGGTG-GCAATTCG_L00M_R2_001.fastq.gz
12	:	1658995984.433	     0.028	0	111	0	0	map_wrapper ../data/pool14/390_CGAGAGAA-TCTCTTCC_L00M_R1_001.fastq.gz ../data/pool14/390_CGAGAGAA-TCTCTTCC_L00M_R2_001.fastq.gz
13	:	1658995984.501	     0.013	0	111	0	0	map_wrapper ../data/pool14/391_CGCAACTA-GAATCCGA_L00M_R1_001.fastq.gz ../data/pool14/391_CGCAACTA-GAATCCGA_L00M_R2_001.fastq.gz
14	:	1658995984.657	     0.013	0	111	0	0	map_wrapper ../data/pool14/392_CACAGACT-TGGTACAG_L00M_R1_001.fastq.gz ../data/pool14/392_CACAGACT-TGGTACAG_L00M_R2_001.fastq.gz
15	:	1658995984.974	     0.013	0	111	0	0	map_wrapper ../data/pool14/393_TGGAAGCA-GTACTCTC_L00M_R1_001.fastq.gz ../data/pool14/393_TGGAAGCA-GTACTCTC_L00M_R2_001.fastq.gz
9	:	1658941454.660	 58259.766	0	25	0	0	map_wrapper ../data/pool14/387_TATGGCAC-TCTCGCAA_L00M_R1_001.fastq.gz ../data/pool14/387_TATGGCAC-TCTCGCAA_L00M_R2_001.fastq.gz
17	:	1658999714.886	     0.027	0	111	0	0	map_wrapper ../data/pool14/395_CTCGAACA-GGAATTGC_L00M_R1_001.fastq.gz ../data/pool14/395_CTCGAACA-GGAATTGC_L00M_R2_001.fastq.gz
18	:	1659038718.329	     0.272	0	111	0	0	map_wrapper ../data/pool14/396_GGCAAGTT-CTTCTGAG_L00M_R1_001.fastq.gz ../data/pool14/396_GGCAAGTT-CTTCTGAG_L00M_R2_001.fastq.gz
16	:	1659038728.621	     0.009	0	111	0	0	map_wrapper ../data/pool14/394_CAATAGCC-TGCGTAGA_L00M_R1_001.fastq.gz ../data/pool14/394_CAATAGCC-TGCGTAGA_L00M_R2_001.fastq.gz
20	:	1659056664.525	     0.018	0	111	0	0	map_wrapper ../data/pool14/398_CAGCATAC-TCTAACGC_L00M_R1_001.fastq.gz ../data/pool14/398_CAGCATAC-TCTAACGC_L00M_R2_001.fastq.gz
19	:	1659067487.269	     0.040	0	111	0	0	map_wrapper ../data/pool14/397_AGCTACCA-CTTAGGAC_L00M_R1_001.fastq.gz ../data/pool14/397_AGCTACCA-CTTAGGAC_L00M_R2_001.fastq.gz
