Seq	Host	Starttime	JobRuntime	Send	Receive	Exitval	Signal	Command
1	:	1659486223.626	     0.008	0	73	0	0	sort_wrapper ../data/pool03/144.unsorted.sam
2	:	1659486223.634	     0.013	0	73	0	0	sort_wrapper ../data/pool03/145.unsorted.sam
3	:	1659486223.648	     0.016	0	73	0	0	sort_wrapper ../data/pool03/146.unsorted.sam
4	:	1659486223.664	     0.014	0	73	0	0	sort_wrapper ../data/pool03/147.unsorted.sam
5	:	1659486223.679	     0.023	0	73	0	0	sort_wrapper ../data/pool03/148.unsorted.sam
6	:	1659486223.695	     0.025	0	86	0	0	sort_wrapper ../data/pool03/149.unsorted.sam
7	:	1659486223.702	     0.035	0	86	0	0	sort_wrapper ../data/pool03/150.unsorted.sam
8	:	1659486223.720	     0.016	0	73	0	0	sort_wrapper ../data/pool04/164.unsorted.sam
9	:	1659486223.736	     0.027	0	73	0	0	sort_wrapper ../data/pool05/185.unsorted.sam
10	:	1659486223.763	     0.038	0	73	0	0	sort_wrapper ../data/pool05/186.unsorted.sam
11	:	1659486223.800	     0.019	0	73	0	0	sort_wrapper ../data/pool05/188.unsorted.sam
13	:	1659486223.819	     0.015	0	86	0	0	sort_wrapper ../data/pool11/327.unsorted.sam
15	:	1659486223.846	     0.012	0	86	0	0	sort_wrapper ../data/pool11/329.unsorted.sam
16	:	1659486223.852	     0.075	0	73	0	0	sort_wrapper ../data/pool11/330.unsorted.sam
17	:	1659486223.858	     0.147	0	86	0	0	sort_wrapper ../data/pool11/331.unsorted.sam
18	:	1659486223.927	     0.078	0	73	0	0	sort_wrapper ../data/pool11/332.unsorted.sam
19	:	1659486224.004	     0.015	0	73	0	0	sort_wrapper ../data/pool11/333.unsorted.sam
20	:	1659486224.039	     0.016	0	73	0	0	sort_wrapper ../data/pool11/335.unsorted.sam
21	:	1659486224.047	     0.039	0	73	0	0	sort_wrapper ../data/pool11/336.unsorted.sam
24	:	1659486224.136	     0.012	0	86	0	0	sort_wrapper ../data/pool12/339.unsorted.sam
26	:	1659486224.241	     0.016	0	86	0	0	sort_wrapper ../data/pool12/341.unsorted.sam
27	:	1659486224.293	     0.012	0	86	0	0	sort_wrapper ../data/pool12/342.unsorted.sam
23	:	1659486224.086	 10765.296	0	50	1	0	sort_wrapper ../data/pool12/338.unsorted.sam
25	:	1659486224.144	 16265.881	0	50	0	0	sort_wrapper ../data/pool12/340.unsorted.sam
12	:	1659486223.812	 16268.940	0	50	0	0	sort_wrapper ../data/pool11/326.unsorted.sam
22	:	1659486224.055	 16312.708	0	50	0	0	sort_wrapper ../data/pool12/337.unsorted.sam
14	:	1659486223.834	 17009.023	0	50	0	0	sort_wrapper ../data/pool11/328.unsorted.sam
28	:	1659486224.321	 18472.135	0	50	0	0	sort_wrapper ../data/pool12/344.unsorted.sam
29	:	1659496989.446	 12820.194	0	50	0	0	sort_wrapper ../data/pool12/345.unsorted.sam
30	:	1659502492.753	 13739.519	0	50	0	0	sort_wrapper ../data/pool12/346.unsorted.sam
32	:	1659502536.866	 13914.328	0	50	0	0	sort_wrapper ../data/pool12/348.unsorted.sam
31	:	1659502493.968	 15420.180	0	50	0	0	sort_wrapper ../data/pool12/347.unsorted.sam
33	:	1659503233.039	 15764.039	0	50	0	0	sort_wrapper ../data/pool12/349.unsorted.sam
34	:	1659504696.824	 14702.768	0	50	0	0	sort_wrapper ../data/pool12/350.unsorted.sam
35	:	1659509809.772	 13124.922	0	50	0	0	sort_wrapper ../data/pool12/351.unsorted.sam
37	:	1659516451.354	 15680.218	0	50	0	0	sort_wrapper ../data/pool13/358.unsorted.sam
36	:	1659516232.918	 16333.247	0	50	0	0	sort_wrapper ../data/pool13/357.unsorted.sam
38	:	1659517914.647	 15948.454	0	50	0	0	sort_wrapper ../data/pool13/359.unsorted.sam
40	:	1659519400.033	 14551.647	0	50	0	0	sort_wrapper ../data/pool13/361.unsorted.sam
39	:	1659518999.710	 17199.721	0	50	0	0	sort_wrapper ../data/pool13/360.unsorted.sam
41	:	1659522935.108	 16664.253	0	50	0	0	sort_wrapper ../data/pool13/362.unsorted.sam
44	:	1659533863.349	 14239.449	0	50	0	0	sort_wrapper ../data/pool13/365.unsorted.sam
43	:	1659532566.941	 15739.661	0	50	0	0	sort_wrapper ../data/pool13/364.unsorted.sam
42	:	1659532135.703	 18110.609	0	50	0	0	sort_wrapper ../data/pool13/363.unsorted.sam
45	:	1659533956.357	 18106.087	0	50	0	0	sort_wrapper ../data/pool13/366.unsorted.sam
46	:	1659536203.064	 18604.787	0	50	0	0	sort_wrapper ../data/pool13/367.unsorted.sam
47	:	1659539608.726	 15767.737	0	50	0	0	sort_wrapper ../data/pool13/368.unsorted.sam
50	:	1659550246.750	 26293.917	0	50	0	0	sort_wrapper ../data/pool13/371.unsorted.sam
52	:	1659554808.032	 23410.389	0	50	0	0	sort_wrapper ../data/pool13/373.unsorted.sam
49	:	1659548306.690	 30798.304	0	50	0	0	sort_wrapper ../data/pool13/370.unsorted.sam
53	:	1659555376.588	 24417.304	0	50	0	0	sort_wrapper ../data/pool13/374.unsorted.sam
48	:	1659548104.039	 44219.432	0	50	0	0	sort_wrapper ../data/pool13/369.unsorted.sam
56	:	1659579107.457	 15987.412	0	50	0	0	sort_wrapper ../data/pool14/377.unsorted.sam
57	:	1659579801.285	 15602.151	0	50	0	0	sort_wrapper ../data/pool14/378.unsorted.sam
55	:	1659578228.139	 17194.907	0	50	0	0	sort_wrapper ../data/pool13/376.unsorted.sam
54	:	1659576543.454	 29781.775	0	50	0	0	sort_wrapper ../data/pool13/375.unsorted.sam
51	:	1659552062.559	 54306.214	0	50	0	0	sort_wrapper ../data/pool13/372.unsorted.sam
58	:	1659592343.677	 22033.724	0	50	0	0	sort_wrapper ../data/pool14/379.unsorted.sam
59	:	1659595095.761	 26176.952	0	50	0	0	sort_wrapper ../data/pool14/381.unsorted.sam
60	:	1659595403.695	 28463.209	0	50	0	0	sort_wrapper ../data/pool14/385.unsorted.sam
61	:	1659595423.988	 28578.867	0	50	0	0	sort_wrapper ../data/pool14/386.unsorted.sam
63	:	1659606369.589	 21947.770	0	50	0	0	sort_wrapper ../data/pool14/388.unsorted.sam
62	:	1659606325.720	 23344.200	0	50	0	0	sort_wrapper ../data/pool14/387.unsorted.sam
64	:	1659614377.705	 24492.884	0	50	0	0	sort_wrapper ../data/pool14/389.unsorted.sam
65	:	1659621273.121	 25444.253	0	50	0	0	sort_wrapper ../data/pool14/390.unsorted.sam
66	:	1659623870.395	 23773.681	0	50	0	0	sort_wrapper ../data/pool14/391.unsorted.sam
67	:	1659624003.956	 23701.631	0	50	0	0	sort_wrapper ../data/pool14/392.unsorted.sam
69	:	1659629672.380	 23659.502	0	50	0	0	sort_wrapper ../data/pool14/395.unsorted.sam
68	:	1659628320.002	 28155.602	0	50	0	0	sort_wrapper ../data/pool14/393.unsorted.sam
70	:	1659638873.348	 35155.996	0	50	0	0	sort_wrapper ../data/pool15/200.unsorted.sam
71	:	1659646720.734	 27377.851	0	50	0	0	sort_wrapper ../data/pool15/202.unsorted.sam
72	:	1659647645.447	 26599.493	0	50	0	0	sort_wrapper ../data/pool15/399.unsorted.sam
74	:	1659653335.252	 22860.473	0	50	0	0	sort_wrapper ../data/pool15/401.unsorted.sam
73	:	1659647707.739	 28887.158	0	50	0	0	sort_wrapper ../data/pool15/400.unsorted.sam
80	:	1659676595.165	     0.019	0	86	0	0	sort_wrapper ../data/pool15/408.unsorted.sam
75	:	1659656478.283	 22479.586	0	50	0	0	sort_wrapper ../data/pool15/402.unsorted.sam
77	:	1659674099.547	 21989.499	0	50	0	0	sort_wrapper ../data/pool15/404.unsorted.sam
83	:	1659696089.136	     0.023	0	86	0	0	sort_wrapper ../data/pool15/411.unsorted.sam
84	:	1659696089.240	     0.015	0	86	0	0	sort_wrapper ../data/pool15/412.unsorted.sam
78	:	1659674245.118	 23952.299	0	50	0	0	sort_wrapper ../data/pool15/405.unsorted.sam
76	:	1659674029.482	 24875.495	0	50	0	0	sort_wrapper ../data/pool15/403.unsorted.sam
87	:	1659698905.391	     0.014	0	86	0	0	sort_wrapper ../data/pool15/415.unsorted.sam
79	:	1659676195.947	 26878.427	0	50	0	0	sort_wrapper ../data/pool15/407.unsorted.sam
89	:	1659703074.535	     0.098	0	86	0	0	sort_wrapper ../data/pool15/417.unsorted.sam
81	:	1659676595.313	 28908.032	0	50	0	0	sort_wrapper ../data/pool15/409.unsorted.sam
82	:	1659678958.027	 26969.759	0	50	0	0	sort_wrapper ../data/pool15/410.unsorted.sam
85	:	1659696089.297	 23913.526	0	50	0	0	sort_wrapper ../data/pool15/413.unsorted.sam
86	:	1659698197.904	 22213.226	0	50	0	0	sort_wrapper ../data/pool15/414.unsorted.sam
88	:	1659698905.548	 26871.654	0	50	0	0	sort_wrapper ../data/pool15/416.unsorted.sam
92	:	1659705928.336	 21022.897	0	50	0	0	sort_wrapper ../data/pool16/419.unsorted.sam
90	:	1659703074.836	 27592.375	0	50	0	0	sort_wrapper ../data/pool16/287.unsorted.sam
91	:	1659705503.532	 29711.388	0	50	0	0	sort_wrapper ../data/pool16/308.unsorted.sam
93	:	1659720003.309	 22150.930	0	50	0	0	sort_wrapper ../data/pool16/421.unsorted.sam
96	:	1659726952.586	 15829.640	0	50	0	0	sort_wrapper ../data/pool16/427.unsorted.sam
94	:	1659720412.838	 22847.289	0	50	0	0	sort_wrapper ../data/pool16/424.unsorted.sam
95	:	1659725777.450	 19554.305	0	50	0	0	sort_wrapper ../data/pool16/425.unsorted.sam
97	:	1659730667.304	 15270.686	0	50	0	0	sort_wrapper ../data/pool16/428.unsorted.sam
103	:	1659745939.582	     5.059	0	73	0	0	sort_wrapper ../data/pool17/434.unsorted.sam
104	:	1659745948.628	     0.035	0	73	0	0	sort_wrapper ../data/pool17/435.unsorted.sam
105	:	1659745948.825	     0.023	0	73	0	0	sort_wrapper ../data/pool17/436.unsorted.sam
106	:	1659745949.633	     0.810	0	73	0	0	sort_wrapper ../data/pool17/437.unsorted.sam
107	:	1659745950.679	     0.857	0	73	0	0	sort_wrapper ../data/pool17/438.unsorted.sam
108	:	1659745955.722	     0.019	0	73	0	0	sort_wrapper ../data/pool17/439.unsorted.sam
109	:	1659745955.964	     0.032	0	73	0	0	sort_wrapper ../data/pool17/440.unsorted.sam
110	:	1659745956.076	     0.012	0	73	0	0	sort_wrapper ../data/pool17/441.unsorted.sam
111	:	1659745956.531	     0.750	0	73	0	0	sort_wrapper ../data/pool17/442.unsorted.sam
112	:	1659745957.461	     0.023	0	73	0	0	sort_wrapper ../data/pool17/443.unsorted.sam
113	:	1659745957.852	     0.296	0	73	0	0	sort_wrapper ../data/pool17/444.unsorted.sam
114	:	1659745958.485	     0.021	0	73	0	0	sort_wrapper ../data/pool17/445.unsorted.sam
115	:	1659745958.777	     2.440	0	73	0	0	sort_wrapper ../data/pool17/446.unsorted.sam
116	:	1659745963.025	     0.026	0	73	0	0	sort_wrapper ../data/pool17/447.unsorted.sam
117	:	1659745963.882	     0.045	0	73	0	0	sort_wrapper ../data/pool17/448.unsorted.sam
118	:	1659745964.640	     0.039	0	73	0	0	sort_wrapper ../data/pool17/449.unsorted.sam
119	:	1659745965.266	     0.835	0	73	0	0	sort_wrapper ../data/pool17/451.unsorted.sam
120	:	1659745967.315	     0.935	0	73	0	0	sort_wrapper ../data/pool17/452.unsorted.sam
121	:	1659745970.399	     0.052	0	73	0	0	sort_wrapper ../data/pool17/453.unsorted.sam
122	:	1659745970.614	     0.033	0	73	0	0	sort_wrapper ../data/pool17/454.unsorted.sam
123	:	1659745970.803	     0.038	0	73	0	0	sort_wrapper ../data/pool18/455.unsorted.sam
124	:	1659745971.133	     0.838	0	73	0	0	sort_wrapper ../data/pool18/456.unsorted.sam
125	:	1659745972.148	     0.039	0	73	0	0	sort_wrapper ../data/pool18/457.unsorted.sam
126	:	1659745974.511	     4.735	0	73	0	0	sort_wrapper ../data/pool18/458.unsorted.sam
127	:	1659745980.070	     0.074	0	73	0	0	sort_wrapper ../data/pool18/460.unsorted.sam
128	:	1659745985.008	     0.025	0	73	0	0	sort_wrapper ../data/pool18/461.unsorted.sam
129	:	1659745985.064	     0.030	0	73	0	0	sort_wrapper ../data/pool18/462.unsorted.sam
130	:	1659745985.124	     0.024	0	73	0	0	sort_wrapper ../data/pool18/463.unsorted.sam
131	:	1659745985.373	     0.077	0	73	0	0	sort_wrapper ../data/pool18/467.unsorted.sam
132	:	1659745985.634	     0.029	0	73	0	0	sort_wrapper ../data/pool18/469.unsorted.sam
133	:	1659745985.755	     0.125	0	73	0	0	sort_wrapper ../data/pool18/470.unsorted.sam
134	:	1659745986.405	     0.052	0	73	0	0	sort_wrapper ../data/pool18/471.unsorted.sam
135	:	1659745986.925	     0.028	0	73	0	0	sort_wrapper ../data/pool18/472.unsorted.sam
136	:	1659745987.796	     0.049	0	73	0	0	sort_wrapper ../data/pool18/473.unsorted.sam
137	:	1659745989.510	     0.015	0	73	0	0	sort_wrapper ../data/pool18/474.unsorted.sam
138	:	1659745989.644	     0.023	0	73	0	0	sort_wrapper ../data/pool18/475.unsorted.sam
139	:	1659745989.757	     0.022	0	73	0	0	sort_wrapper ../data/pool18/477.unsorted.sam
98	:	1659735215.538	 18337.393	0	50	0	0	sort_wrapper ../data/pool16/429.unsorted.sam
101	:	1659743261.273	 13217.927	0	50	0	0	sort_wrapper ../data/pool16/432.unsorted.sam
102	:	1659745338.186	 18697.854	0	50	0	0	sort_wrapper ../data/pool16/433.unsorted.sam
99	:	1659742158.249	 22846.299	0	50	0	0	sort_wrapper ../data/pool16/430.unsorted.sam
100	:	1659742786.470	 22408.131	0	50	0	0	sort_wrapper ../data/pool16/431.unsorted.sam
145	:	1659765194.867	     0.023	0	73	0	0	sort_wrapper ../data/pool19/484.unsorted.sam
146	:	1659765195.055	     0.011	0	73	0	0	sort_wrapper ../data/pool19/485.unsorted.sam
147	:	1659765195.187	     0.026	0	73	0	0	sort_wrapper ../data/pool19/486.unsorted.sam
148	:	1659765195.335	     0.020	0	73	0	0	sort_wrapper ../data/pool19/487.unsorted.sam
140	:	1659745989.798	 23058.866	0	50	0	0	sort_wrapper ../data/pool19/479.unsorted.sam
141	:	1659753554.261	 22348.913	0	50	0	0	sort_wrapper ../data/pool19/480.unsorted.sam
151	:	1659775905.026	     0.085	0	73	0	0	sort_wrapper ../data/pool19/490.unsorted.sam
152	:	1659775905.292	     0.042	0	86	0	0	sort_wrapper ../data/pool19/491.unsorted.sam
153	:	1659775905.618	     0.019	0	73	0	0	sort_wrapper ../data/pool19/492.unsorted.sam
142	:	1659756479.800	 21812.937	0	50	0	0	sort_wrapper ../data/pool19/481.unsorted.sam
143	:	1659764037.432	 23669.388	0	50	137	0	sort_wrapper ../data/pool19/482.unsorted.sam
156	:	1659787710.618	     1.496	0	86	0	0	sort_wrapper ../data/pool19/495.unsorted.sam
157	:	1659787712.469	     0.011	0	86	0	0	sort_wrapper ../data/pool19/496.unsorted.sam
158	:	1659787712.991	     0.014	0	86	0	0	sort_wrapper ../data/pool19/497.unsorted.sam
159	:	1659787713.163	     0.014	0	86	0	0	sort_wrapper ../data/pool19/498.unsorted.sam
160	:	1659787713.396	     0.101	0	86	0	0	sort_wrapper ../data/pool20/499.unsorted.sam
161	:	1659787713.854	     0.013	0	86	0	0	sort_wrapper ../data/pool20/500.unsorted.sam
144	:	1659765005.276	 23887.161	0	50	137	0	sort_wrapper ../data/pool19/483.unsorted.sam
163	:	1659788893.940	     0.497	0	86	0	0	sort_wrapper ../data/pool20/502.unsorted.sam
149	:	1659765195.381	 30538.875	0	50	137	0	sort_wrapper ../data/pool19/488.unsorted.sam
150	:	1659769052.992	 34528.740	0	50	0	0	sort_wrapper ../data/pool19/489.unsorted.sam
155	:	1659778293.953	 27542.971	0	50	0	0	sort_wrapper ../data/pool19/494.unsorted.sam
154	:	1659775906.393	 31643.304	0	50	0	0	sort_wrapper ../data/pool19/493.unsorted.sam
164	:	1659788894.649	 26639.896	0	50	0	0	sort_wrapper ../data/pool20/503.unsorted.sam
162	:	1659787713.964	 27956.462	0	50	0	0	sort_wrapper ../data/pool20/501.unsorted.sam
165	:	1659795734.951	 22820.161	0	50	0	0	sort_wrapper ../data/pool20/504.unsorted.sam
166	:	1659803582.438	 25474.184	0	50	0	0	sort_wrapper ../data/pool20/505.unsorted.sam
