Seq	Host	Starttime	JobRuntime	Send	Receive	Exitval	Signal	Command
1	:	1661785894.056	     0.013	0	69	0	0	call_wrapper ../data/pool01/100.bam
2	:	1661785894.069	     0.042	0	69	0	0	call_wrapper ../data/pool01/101.bam
3	:	1661785894.111	     0.054	0	69	0	0	call_wrapper ../data/pool01/104.bam
4	:	1661785894.154	     0.029	0	69	0	0	call_wrapper ../data/pool01/105.bam
5	:	1661785894.165	     0.033	0	69	0	0	call_wrapper ../data/pool01/106.bam
6	:	1661785894.183	     0.037	0	69	0	0	call_wrapper ../data/pool01/107.bam
7	:	1661785894.199	     0.023	0	69	0	0	call_wrapper ../data/pool01/108.bam
8	:	1661785894.220	     0.030	0	69	0	0	call_wrapper ../data/pool01/109.bam
9	:	1661785894.250	     0.030	0	69	0	0	call_wrapper ../data/pool01/110.bam
10	:	1661785894.268	     0.015	0	69	0	0	call_wrapper ../data/pool01/111.bam
11	:	1661785894.281	     0.030	0	69	0	0	call_wrapper ../data/pool01/112.bam
12	:	1661785894.311	     0.025	0	69	0	0	call_wrapper ../data/pool01/113.bam
13	:	1661785894.326	     0.013	0	69	0	0	call_wrapper ../data/pool01/114.bam
14	:	1661785894.337	     0.030	0	69	0	0	call_wrapper ../data/pool01/115.bam
15	:	1661785894.366	     0.035	0	69	0	0	call_wrapper ../data/pool01/116.bam
16	:	1661785894.388	     0.013	0	69	0	0	call_wrapper ../data/pool01/118.bam
17	:	1661785894.401	     0.019	0	69	0	0	call_wrapper ../data/pool01/119.bam
18	:	1661785894.421	     0.029	0	69	0	0	call_wrapper ../data/pool01/120.bam
19	:	1661785894.436	     0.015	0	69	0	0	call_wrapper ../data/pool01/122.bam
20	:	1661785894.450	     0.086	0	69	0	0	call_wrapper ../data/pool01/123.bam
21	:	1661785894.537	     0.070	0	69	0	0	call_wrapper ../data/pool02/124.bam
22	:	1661785894.595	     0.013	0	69	0	0	call_wrapper ../data/pool02/125.bam
23	:	1661785894.607	     0.037	0	69	0	0	call_wrapper ../data/pool02/126.bam
24	:	1661785894.645	     0.074	0	69	0	0	call_wrapper ../data/pool02/127.bam
25	:	1661785894.706	     0.014	0	69	0	0	call_wrapper ../data/pool02/128.bam
26	:	1661785894.719	     0.174	0	69	0	0	call_wrapper ../data/pool02/129.bam
27	:	1661785894.894	     0.099	0	69	0	0	call_wrapper ../data/pool02/130.bam
28	:	1661785894.981	     0.013	0	69	0	0	call_wrapper ../data/pool02/131.bam
29	:	1661785894.993	     0.144	0	69	0	0	call_wrapper ../data/pool02/132.bam
30	:	1661785895.137	     0.078	0	69	0	0	call_wrapper ../data/pool02/133.bam
31	:	1661785895.204	     0.048	0	69	0	0	call_wrapper ../data/pool02/134.bam
32	:	1661785895.216	     0.054	0	69	0	0	call_wrapper ../data/pool02/135.bam
33	:	1661785895.251	     0.044	0	69	0	0	call_wrapper ../data/pool02/136.bam
34	:	1661785895.270	     0.048	0	69	0	0	call_wrapper ../data/pool02/137.bam
35	:	1661785895.295	     0.024	0	69	0	0	call_wrapper ../data/pool02/138.bam
36	:	1661785895.317	     0.042	0	69	0	0	call_wrapper ../data/pool02/139.bam
37	:	1661785895.358	     0.034	0	69	0	0	call_wrapper ../data/pool02/140.bam
38	:	1661785895.380	     0.016	0	69	0	0	call_wrapper ../data/pool02/141.bam
39	:	1661785895.393	     0.076	0	69	0	0	call_wrapper ../data/pool02/142.bam
40	:	1661785895.469	     0.034	0	69	0	0	call_wrapper ../data/pool02/143.bam
41	:	1661785895.488	     0.017	0	69	0	0	call_wrapper ../data/pool03/144.bam
42	:	1661785895.503	     0.042	0	69	0	0	call_wrapper ../data/pool03/145.bam
43	:	1661785895.544	     0.032	0	69	0	0	call_wrapper ../data/pool03/146.bam
44	:	1661785895.563	     0.015	0	69	0	0	call_wrapper ../data/pool03/147.bam
45	:	1661785895.576	     0.032	0	69	0	0	call_wrapper ../data/pool03/148.bam
46	:	1661785895.608	     0.034	0	69	0	0	call_wrapper ../data/pool03/151.bam
47	:	1661785895.628	     0.016	0	69	0	0	call_wrapper ../data/pool03/152.bam
48	:	1661785895.642	     0.035	0	69	0	0	call_wrapper ../data/pool03/153.bam
49	:	1661785895.676	     0.033	0	69	0	0	call_wrapper ../data/pool03/154.bam
50	:	1661785895.695	     0.016	0	69	0	0	call_wrapper ../data/pool03/155.bam
51	:	1661785895.709	     0.034	0	69	0	0	call_wrapper ../data/pool03/156.bam
52	:	1661785895.743	     0.033	0	69	0	0	call_wrapper ../data/pool03/157.bam
53	:	1661785895.762	     0.016	0	69	0	0	call_wrapper ../data/pool03/158.bam
54	:	1661785895.776	     0.036	0	69	0	0	call_wrapper ../data/pool03/159.bam
55	:	1661785895.812	     0.029	0	69	0	0	call_wrapper ../data/pool03/161.bam
56	:	1661785895.827	     0.016	0	69	0	0	call_wrapper ../data/pool03/162.bam
57	:	1661785895.841	     0.029	0	69	0	0	call_wrapper ../data/pool03/163.bam
58	:	1661785895.871	     0.029	0	69	0	0	call_wrapper ../data/pool04/164.bam
59	:	1661785895.887	     0.014	0	69	0	0	call_wrapper ../data/pool04/165.bam
60	:	1661785895.900	     0.034	0	69	0	0	call_wrapper ../data/pool04/166.bam
61	:	1661785895.935	     0.035	0	69	0	0	call_wrapper ../data/pool04/167.bam
62	:	1661785895.954	     0.016	0	69	0	0	call_wrapper ../data/pool04/168.bam
63	:	1661785895.969	     0.032	0	69	0	0	call_wrapper ../data/pool04/169.bam
64	:	1661785896.001	     0.035	0	69	0	0	call_wrapper ../data/pool04/170.bam
65	:	1661785896.021	     0.017	0	69	0	0	call_wrapper ../data/pool04/172.bam
66	:	1661785896.035	     0.033	0	69	0	0	call_wrapper ../data/pool04/173.bam
67	:	1661785896.068	     0.036	0	69	0	0	call_wrapper ../data/pool04/174.bam
68	:	1661785896.089	     0.016	0	69	0	0	call_wrapper ../data/pool04/175.bam
69	:	1661785896.104	     0.029	0	69	0	0	call_wrapper ../data/pool04/176.bam
70	:	1661785896.134	     0.037	0	69	0	0	call_wrapper ../data/pool04/177.bam
71	:	1661785896.155	     0.018	0	69	0	0	call_wrapper ../data/pool04/178.bam
72	:	1661785896.171	     0.033	0	69	0	0	call_wrapper ../data/pool04/179.bam
73	:	1661785896.204	     0.032	0	69	0	0	call_wrapper ../data/pool04/180.bam
74	:	1661785896.220	     0.016	0	69	0	0	call_wrapper ../data/pool04/181.bam
75	:	1661785896.235	     0.034	0	69	0	0	call_wrapper ../data/pool04/182.bam
76	:	1661785896.268	     0.033	0	69	0	0	call_wrapper ../data/pool04/183.bam
77	:	1661785896.287	     0.016	0	69	0	0	call_wrapper ../data/pool04/184.bam
78	:	1661785896.301	     0.036	0	69	0	0	call_wrapper ../data/pool05/185.bam
79	:	1661785896.337	     0.031	0	69	0	0	call_wrapper ../data/pool05/186.bam
80	:	1661785896.352	     0.016	0	69	0	0	call_wrapper ../data/pool05/188.bam
81	:	1661785896.367	     0.034	0	69	0	0	call_wrapper ../data/pool05/216.bam
82	:	1661785896.401	     0.033	0	69	0	0	call_wrapper ../data/pool05/217.bam
83	:	1661785896.420	     0.016	0	69	0	0	call_wrapper ../data/pool05/218.bam
84	:	1661785896.435	     0.036	0	69	0	0	call_wrapper ../data/pool05/229.bam
85	:	1661785896.471	     0.029	0	69	0	0	call_wrapper ../data/pool05/230.bam
86	:	1661785896.488	     0.015	0	69	0	0	call_wrapper ../data/pool05/231.bam
87	:	1661785896.501	     0.034	0	69	0	0	call_wrapper ../data/pool05/236.bam
88	:	1661785896.534	     0.034	0	69	0	0	call_wrapper ../data/pool05/252.bam
89	:	1661785896.554	     0.016	0	69	0	0	call_wrapper ../data/pool05/255.bam
90	:	1661785896.568	     0.034	0	69	0	0	call_wrapper ../data/pool05/301.bam
91	:	1661785896.602	     0.033	0	69	0	0	call_wrapper ../data/pool05/380.bam
92	:	1661785896.621	     0.016	0	69	0	0	call_wrapper ../data/pool05/450.bam
93	:	1661785896.635	     0.032	0	69	0	0	call_wrapper ../data/pool05/464.bam
94	:	1661785896.667	     0.034	0	69	0	0	call_wrapper ../data/pool05/465.bam
95	:	1661785896.687	     0.016	0	69	0	0	call_wrapper ../data/pool05/466.bam
96	:	1661785896.702	     0.028	0	69	0	0	call_wrapper ../data/pool05/468.bam
97	:	1661785896.730	     0.030	0	69	0	0	call_wrapper ../data/pool06/201.bam
98	:	1661785896.746	     0.016	0	69	0	0	call_wrapper ../data/pool06/204.bam
99	:	1661785896.761	     0.032	0	69	0	0	call_wrapper ../data/pool06/205.bam
100	:	1661785896.792	     0.034	0	69	0	0	call_wrapper ../data/pool06/206.bam
101	:	1661785896.811	     0.016	0	69	0	0	call_wrapper ../data/pool06/207.bam
102	:	1661785896.826	     0.036	0	69	0	0	call_wrapper ../data/pool06/209.bam
103	:	1661785896.862	     0.030	0	69	0	0	call_wrapper ../data/pool06/211.bam
104	:	1661785896.877	     0.017	0	69	0	0	call_wrapper ../data/pool06/212.bam
105	:	1661785896.893	     0.037	0	69	0	0	call_wrapper ../data/pool06/213.bam
106	:	1661785896.929	     0.030	0	69	0	0	call_wrapper ../data/pool06/214.bam
107	:	1661785896.945	     0.015	0	69	0	0	call_wrapper ../data/pool06/215.bam
108	:	1661785896.958	     0.035	0	69	0	0	call_wrapper ../data/pool06/219.bam
109	:	1661785896.993	     0.035	0	69	0	0	call_wrapper ../data/pool06/220.bam
110	:	1661785897.013	     0.016	0	69	0	0	call_wrapper ../data/pool06/221.bam
111	:	1661785897.028	     0.032	0	69	0	0	call_wrapper ../data/pool06/222.bam
112	:	1661785897.060	     0.034	0	69	0	0	call_wrapper ../data/pool06/223.bam
113	:	1661785897.079	     0.016	0	69	0	0	call_wrapper ../data/pool06/224.bam
114	:	1661785897.093	     0.034	0	69	0	0	call_wrapper ../data/pool06/225.bam
115	:	1661785897.127	     0.033	0	69	0	0	call_wrapper ../data/pool06/226.bam
116	:	1661785897.146	     0.016	0	69	0	0	call_wrapper ../data/pool06/227.bam
117	:	1661785897.160	     0.032	0	69	0	0	call_wrapper ../data/pool07/228.bam
118	:	1661785897.192	     0.035	0	69	0	0	call_wrapper ../data/pool07/232.bam
119	:	1661785897.212	     0.017	0	69	0	0	call_wrapper ../data/pool07/233.bam
120	:	1661785897.226	     0.029	0	69	0	0	call_wrapper ../data/pool07/234.bam
121	:	1661785897.254	     0.031	0	69	0	0	call_wrapper ../data/pool07/235.bam
122	:	1661785897.270	     0.016	0	69	0	0	call_wrapper ../data/pool07/237.bam
123	:	1661785897.284	     0.037	0	69	0	0	call_wrapper ../data/pool07/238.bam
124	:	1661785897.320	     0.032	0	69	0	0	call_wrapper ../data/pool07/239.bam
125	:	1661785897.338	     0.016	0	69	0	0	call_wrapper ../data/pool07/240.bam
126	:	1661785897.352	     0.036	0	69	0	0	call_wrapper ../data/pool07/241.bam
127	:	1661785897.387	     0.030	0	69	0	0	call_wrapper ../data/pool07/242.bam
128	:	1661785897.404	     0.014	0	69	0	0	call_wrapper ../data/pool07/243.bam
129	:	1661785897.417	     0.037	0	69	0	0	call_wrapper ../data/pool07/244.bam
130	:	1661785897.454	     0.032	0	69	0	0	call_wrapper ../data/pool07/245.bam
131	:	1661785897.471	     0.016	0	69	0	0	call_wrapper ../data/pool07/246.bam
132	:	1661785897.485	     0.036	0	69	0	0	call_wrapper ../data/pool07/247.bam
133	:	1661785897.520	     0.032	0	69	0	0	call_wrapper ../data/pool07/248.bam
134	:	1661785897.538	     0.016	0	69	0	0	call_wrapper ../data/pool07/249.bam
135	:	1661785897.553	     0.032	0	69	0	0	call_wrapper ../data/pool07/250.bam
136	:	1661785897.584	     0.034	0	69	0	0	call_wrapper ../data/pool07/251.bam
137	:	1661785897.604	     0.016	0	69	0	0	call_wrapper ../data/pool08/210.bam
138	:	1661785897.619	     0.032	0	69	0	0	call_wrapper ../data/pool08/256.bam
139	:	1661785897.651	     0.033	0	69	0	0	call_wrapper ../data/pool08/257.bam
140	:	1661785897.671	     0.015	0	69	0	0	call_wrapper ../data/pool08/259.bam
141	:	1661785897.684	     0.032	0	69	0	0	call_wrapper ../data/pool08/260.bam
142	:	1661785897.716	     0.034	0	69	0	0	call_wrapper ../data/pool08/261.bam
143	:	1661785897.737	     0.016	0	69	0	0	call_wrapper ../data/pool08/262.bam
144	:	1661785897.751	     0.029	0	69	0	0	call_wrapper ../data/pool08/264.bam
145	:	1661785897.779	     0.030	0	69	0	0	call_wrapper ../data/pool08/266.bam
146	:	1661785897.795	     0.016	0	69	0	0	call_wrapper ../data/pool08/267.bam
147	:	1661785897.809	     0.036	0	69	0	0	call_wrapper ../data/pool08/269.bam
148	:	1661785897.845	     0.029	0	69	0	0	call_wrapper ../data/pool08/270.bam
149	:	1661785897.862	     0.029	0	69	0	0	call_wrapper ../data/pool08/271.bam
150	:	1661785897.874	     0.036	0	69	0	0	call_wrapper ../data/pool08/272.bam
151	:	1661785897.891	     0.035	0	69	0	0	call_wrapper ../data/pool09/273.bam
152	:	1661785897.909	     0.037	0	69	0	0	call_wrapper ../data/pool09/274.bam
153	:	1661785897.926	     0.035	0	69	0	0	call_wrapper ../data/pool09/275.bam
154	:	1661785897.946	     0.032	0	69	0	0	call_wrapper ../data/pool09/276.bam
155	:	1661785897.961	     0.041	0	69	0	0	call_wrapper ../data/pool09/277.bam
156	:	1661785897.978	     0.026	0	69	0	0	call_wrapper ../data/pool09/278.bam
157	:	1661785898.002	     0.031	0	69	0	0	call_wrapper ../data/pool09/279.bam
158	:	1661785898.033	     0.035	0	69	0	0	call_wrapper ../data/pool09/280.bam
159	:	1661785898.053	     0.016	0	69	0	0	call_wrapper ../data/pool09/281.bam
160	:	1661785898.068	     0.027	0	69	0	0	call_wrapper ../data/pool09/282.bam
161	:	1661785898.095	     0.030	0	69	0	0	call_wrapper ../data/pool09/283.bam
162	:	1661785898.111	     0.016	0	69	0	0	call_wrapper ../data/pool09/284.bam
163	:	1661785898.126	     0.035	0	69	0	0	call_wrapper ../data/pool09/285.bam
164	:	1661785898.160	     0.031	0	69	0	0	call_wrapper ../data/pool09/286.bam
165	:	1661785898.178	     0.015	0	69	0	0	call_wrapper ../data/pool09/288.bam
166	:	1661785898.191	     0.029	0	69	0	0	call_wrapper ../data/pool09/289.bam
167	:	1661785898.220	     0.029	0	69	0	0	call_wrapper ../data/pool09/290.bam
168	:	1661785898.234	     0.016	0	69	0	0	call_wrapper ../data/pool09/291.bam
169	:	1661785898.249	     0.036	0	69	0	0	call_wrapper ../data/pool09/292.bam
170	:	1661785898.284	     0.034	0	69	0	0	call_wrapper ../data/pool09/293.bam
171	:	1661785898.304	     0.016	0	69	0	0	call_wrapper ../data/pool10/294.bam
172	:	1661785898.318	     0.036	0	69	0	0	call_wrapper ../data/pool10/296.bam
173	:	1661785898.353	     0.032	0	69	0	0	call_wrapper ../data/pool10/297.bam
174	:	1661785898.371	     0.016	0	69	0	0	call_wrapper ../data/pool10/298.bam
175	:	1661785898.385	     0.033	0	69	0	0	call_wrapper ../data/pool10/299.bam
176	:	1661785898.418	     0.036	0	69	0	0	call_wrapper ../data/pool10/300.bam
177	:	1661785898.438	     0.018	0	69	0	0	call_wrapper ../data/pool10/303.bam
178	:	1661785898.453	     0.031	0	69	0	0	call_wrapper ../data/pool10/304.bam
179	:	1661785898.484	     0.035	0	69	0	0	call_wrapper ../data/pool10/305.bam
180	:	1661785898.505	     0.014	0	69	0	0	call_wrapper ../data/pool10/306.bam
181	:	1661785898.518	     0.033	0	69	0	0	call_wrapper ../data/pool10/307.bam
182	:	1661785898.550	     0.034	0	69	0	0	call_wrapper ../data/pool10/309.bam
183	:	1661785898.570	     0.016	0	69	0	0	call_wrapper ../data/pool10/310.bam
184	:	1661785898.584	     0.028	0	69	0	0	call_wrapper ../data/pool10/311.bam
185	:	1661785898.613	     0.028	0	69	0	0	call_wrapper ../data/pool10/312.bam
186	:	1661785898.628	     0.014	0	69	0	0	call_wrapper ../data/pool10/313.bam
187	:	1661785898.641	     0.030	0	69	0	0	call_wrapper ../data/pool10/314.bam
188	:	1661785898.671	     0.029	0	69	0	0	call_wrapper ../data/pool10/315.bam
189	:	1661785898.687	     0.016	0	69	0	0	call_wrapper ../data/pool11/316.bam
190	:	1661785898.701	     0.036	0	69	0	0	call_wrapper ../data/pool11/317.bam
191	:	1661785898.737	     0.030	0	69	0	0	call_wrapper ../data/pool11/318.bam
192	:	1661785898.753	     0.016	0	69	0	0	call_wrapper ../data/pool11/319.bam
193	:	1661785898.767	     0.036	0	69	0	0	call_wrapper ../data/pool11/320.bam
194	:	1661785898.803	     0.032	0	69	0	0	call_wrapper ../data/pool11/321.bam
195	:	1661785898.820	     0.016	0	69	0	0	call_wrapper ../data/pool11/322.bam
196	:	1661785898.834	     0.036	0	69	0	0	call_wrapper ../data/pool11/323.bam
197	:	1661785898.871	     0.030	0	69	0	0	call_wrapper ../data/pool11/324.bam
198	:	1661785898.887	     0.032	0	69	0	0	call_wrapper ../data/pool11/325.bam
199	:	1661785898.902	     0.032	0	69	0	0	call_wrapper ../data/pool11/326.bam
200	:	1661785898.920	     0.033	0	69	0	0	call_wrapper ../data/pool11/328.bam
201	:	1661785898.934	     0.055	0	69	0	0	call_wrapper ../data/pool11/329.bam
202	:	1661785898.954	     0.068	0	69	0	0	call_wrapper ../data/pool11/330.bam
203	:	1661785898.988	     0.074	0	69	0	0	call_wrapper ../data/pool11/331.bam
204	:	1661785899.021	     0.060	0	69	0	0	call_wrapper ../data/pool11/332.bam
205	:	1661785899.062	     0.039	0	69	0	0	call_wrapper ../data/pool11/333.bam
206	:	1661785899.080	     0.065	0	69	0	0	call_wrapper ../data/pool11/335.bam
207	:	1661785899.100	     0.064	0	69	0	0	call_wrapper ../data/pool11/336.bam
208	:	1661785899.144	     0.042	0	69	0	0	call_wrapper ../data/pool12/337.bam
209	:	1661785899.163	     0.025	0	69	0	0	call_wrapper ../data/pool12/340.bam
210	:	1661785899.187	     0.034	0	69	0	0	call_wrapper ../data/pool12/341.bam
211	:	1661785899.222	     0.032	0	69	0	0	call_wrapper ../data/pool12/344.bam
212	:	1661785899.239	     0.016	0	69	0	0	call_wrapper ../data/pool12/345.bam
213	:	1661785899.254	     0.032	0	69	0	0	call_wrapper ../data/pool12/346.bam
214	:	1661785899.286	     0.065	0	69	0	0	call_wrapper ../data/pool12/347.bam
215	:	1661785899.337	     0.016	0	69	0	0	call_wrapper ../data/pool12/348.bam
216	:	1661785899.351	     0.033	0	69	0	0	call_wrapper ../data/pool12/349.bam
217	:	1661785899.385	     0.035	0	69	0	0	call_wrapper ../data/pool12/350.bam
218	:	1661785899.406	     0.016	0	69	0	0	call_wrapper ../data/pool12/351.bam
219	:	1661785899.419	     0.035	0	69	0	0	call_wrapper ../data/pool12/352.bam
220	:	1661785899.453	     0.033	0	69	0	0	call_wrapper ../data/pool12/353.bam
221	:	1661785899.472	     0.016	0	69	0	0	call_wrapper ../data/pool12/355.bam
222	:	1661785899.486	     0.123	0	69	0	0	call_wrapper ../data/pool13/357.bam
223	:	1661785899.609	     0.075	0	69	0	0	call_wrapper ../data/pool13/358.bam
224	:	1661785899.670	     0.016	0	69	0	0	call_wrapper ../data/pool13/359.bam
225	:	1661785899.684	     0.162	0	69	0	0	call_wrapper ../data/pool13/360.bam
226	:	1661785899.847	     0.044	0	69	0	0	call_wrapper ../data/pool13/361.bam
227	:	1661785899.875	     0.017	0	69	0	0	call_wrapper ../data/pool13/362.bam
228	:	1661785899.891	     0.065	0	69	0	0	call_wrapper ../data/pool13/363.bam
229	:	1661785899.956	     0.039	0	69	0	0	call_wrapper ../data/pool13/364.bam
230	:	1661785899.981	     0.016	0	69	0	0	call_wrapper ../data/pool13/365.bam
231	:	1661785899.995	     0.051	0	69	0	0	call_wrapper ../data/pool13/366.bam
232	:	1661785900.045	     0.033	0	69	0	0	call_wrapper ../data/pool13/367.bam
233	:	1661785900.064	     0.016	0	69	0	0	call_wrapper ../data/pool13/368.bam
234	:	1661785900.078	     0.036	0	69	0	0	call_wrapper ../data/pool13/369.bam
235	:	1661785900.114	     0.032	0	69	0	0	call_wrapper ../data/pool13/370.bam
236	:	1661785900.134	     0.014	0	69	0	0	call_wrapper ../data/pool13/371.bam
237	:	1661785900.147	     0.037	0	69	0	0	call_wrapper ../data/pool13/372.bam
238	:	1661785900.184	     0.035	0	69	0	0	call_wrapper ../data/pool13/373.bam
239	:	1661785900.204	     0.016	0	69	0	0	call_wrapper ../data/pool13/374.bam
240	:	1661785900.218	     0.034	0	69	0	0	call_wrapper ../data/pool13/375.bam
241	:	1661785900.251	     0.034	0	69	0	0	call_wrapper ../data/pool13/376.bam
242	:	1661785900.270	     0.016	0	69	0	0	call_wrapper ../data/pool14/377.bam
243	:	1661785900.284	     0.034	0	69	0	0	call_wrapper ../data/pool14/378.bam
244	:	1661785900.317	     0.035	0	69	0	0	call_wrapper ../data/pool14/379.bam
245	:	1661785900.337	     0.017	0	69	0	0	call_wrapper ../data/pool14/381.bam
246	:	1661785900.352	     0.036	0	69	0	0	call_wrapper ../data/pool14/383.bam
247	:	1661785900.388	     0.033	0	69	0	0	call_wrapper ../data/pool14/384.bam
248	:	1661785900.406	     0.017	0	69	0	0	call_wrapper ../data/pool14/385.bam
249	:	1661785900.421	     0.035	0	69	0	0	call_wrapper ../data/pool14/386.bam
250	:	1661785900.455	     0.036	0	69	0	0	call_wrapper ../data/pool14/387.bam
251	:	1661785900.476	     0.016	0	69	0	0	call_wrapper ../data/pool14/388.bam
252	:	1661785900.490	     0.036	0	69	0	0	call_wrapper ../data/pool14/389.bam
253	:	1661785900.527	     0.034	0	69	0	0	call_wrapper ../data/pool14/390.bam
254	:	1661785900.547	     0.016	0	69	0	0	call_wrapper ../data/pool14/391.bam
255	:	1661785900.561	     0.034	0	69	0	0	call_wrapper ../data/pool14/392.bam
256	:	1661785900.595	     0.036	0	69	0	0	call_wrapper ../data/pool14/393.bam
257	:	1661785900.615	     0.016	0	69	0	0	call_wrapper ../data/pool14/395.bam
258	:	1661785900.630	     0.038	0	69	0	0	call_wrapper ../data/pool15/200.bam
259	:	1661785900.668	     0.033	0	69	0	0	call_wrapper ../data/pool15/202.bam
260	:	1661785900.687	     0.016	0	69	0	0	call_wrapper ../data/pool15/399.bam
261	:	1661785900.701	     0.032	0	69	0	0	call_wrapper ../data/pool15/400.bam
262	:	1661785900.733	     0.036	0	69	0	0	call_wrapper ../data/pool15/401.bam
263	:	1661785900.753	     0.016	0	69	0	0	call_wrapper ../data/pool15/402.bam
264	:	1661785900.768	     0.037	0	69	0	0	call_wrapper ../data/pool15/403.bam
265	:	1661785900.804	     0.034	0	69	0	0	call_wrapper ../data/pool15/404.bam
266	:	1661785900.823	     0.016	0	69	0	0	call_wrapper ../data/pool15/405.bam
267	:	1661785900.838	     0.034	0	69	0	0	call_wrapper ../data/pool15/407.bam
268	:	1661785900.873	     0.032	0	69	0	0	call_wrapper ../data/pool15/409.bam
269	:	1661785900.893	     0.014	0	69	0	0	call_wrapper ../data/pool15/410.bam
270	:	1661785900.905	     0.036	0	69	0	0	call_wrapper ../data/pool15/413.bam
271	:	1661785900.940	     0.032	0	69	0	0	call_wrapper ../data/pool15/414.bam
272	:	1661785900.959	     0.015	0	69	0	0	call_wrapper ../data/pool15/416.bam
273	:	1661785900.973	     0.037	0	69	0	0	call_wrapper ../data/pool16/287.bam
274	:	1661785901.010	     0.032	0	69	0	0	call_wrapper ../data/pool16/308.bam
275	:	1661785901.028	     0.015	0	69	0	0	call_wrapper ../data/pool16/419.bam
276	:	1661785901.042	     0.034	0	69	0	0	call_wrapper ../data/pool16/421.bam
277	:	1661785901.077	     0.034	0	69	0	0	call_wrapper ../data/pool16/424.bam
278	:	1661785901.095	     0.016	0	69	0	0	call_wrapper ../data/pool16/425.bam
279	:	1661785901.110	     0.036	0	69	0	0	call_wrapper ../data/pool16/427.bam
280	:	1661785901.146	     0.032	0	69	0	0	call_wrapper ../data/pool16/428.bam
281	:	1661785901.165	     0.032	0	69	0	0	call_wrapper ../data/pool16/429.bam
282	:	1661785901.178	     0.039	0	69	0	0	call_wrapper ../data/pool16/430.bam
283	:	1661785901.197	     0.040	0	69	0	0	call_wrapper ../data/pool16/431.bam
284	:	1661785901.217	     0.039	0	69	0	0	call_wrapper ../data/pool16/432.bam
285	:	1661785901.237	     0.039	0	69	0	0	call_wrapper ../data/pool16/433.bam
286	:	1661785901.256	     0.046	0	69	0	0	call_wrapper ../data/pool17/434.bam
287	:	1661785901.276	     0.029	0	69	0	0	call_wrapper ../data/pool17/435.bam
288	:	1661785901.295	     0.034	0	69	0	0	call_wrapper ../data/pool17/436.bam
290	:	1661785901.349	     0.016	0	69	0	0	call_wrapper ../data/pool17/438.bam
289	:	1661785901.329	     0.055	0	69	0	0	call_wrapper ../data/pool17/437.bam
291	:	1661785901.364	     0.039	0	69	0	0	call_wrapper ../data/pool17/439.bam
292	:	1661785901.384	     0.039	0	69	0	0	call_wrapper ../data/pool17/440.bam
293	:	1661785901.404	     0.039	0	69	0	0	call_wrapper ../data/pool17/441.bam
294	:	1661785901.424	     0.039	0	69	0	0	call_wrapper ../data/pool17/442.bam
295	:	1661785901.442	     0.041	0	69	0	0	call_wrapper ../data/pool17/443.bam
296	:	1661785901.463	     0.039	0	69	0	0	call_wrapper ../data/pool17/444.bam
297	:	1661785901.483	     0.037	0	69	0	0	call_wrapper ../data/pool17/445.bam
298	:	1661785901.501	     0.039	0	69	0	0	call_wrapper ../data/pool17/446.bam
299	:	1661785901.520	     0.039	0	69	0	0	call_wrapper ../data/pool17/447.bam
300	:	1661785901.540	     0.039	0	69	0	0	call_wrapper ../data/pool17/448.bam
301	:	1661785901.559	     0.039	0	69	0	0	call_wrapper ../data/pool17/449.bam
302	:	1661785901.579	     0.039	0	69	0	0	call_wrapper ../data/pool17/451.bam
303	:	1661785901.598	     0.042	0	69	0	0	call_wrapper ../data/pool17/452.bam
304	:	1661785901.618	     0.042	0	69	0	0	call_wrapper ../data/pool17/453.bam
305	:	1661785901.640	     0.038	0	69	0	0	call_wrapper ../data/pool17/454.bam
306	:	1661785901.659	     0.039	0	69	0	0	call_wrapper ../data/pool18/455.bam
307	:	1661785901.679	     0.039	0	69	0	0	call_wrapper ../data/pool18/456.bam
308	:	1661785901.698	     0.036	0	69	0	0	call_wrapper ../data/pool18/457.bam
309	:	1661785901.717	     0.038	0	69	0	0	call_wrapper ../data/pool18/458.bam
310	:	1661785901.734	     0.039	0	69	0	0	call_wrapper ../data/pool18/460.bam
311	:	1661785901.754	     0.039	0	69	0	0	call_wrapper ../data/pool18/461.bam
312	:	1661785901.773	     0.039	0	69	0	0	call_wrapper ../data/pool18/462.bam
313	:	1661785901.792	     0.039	0	69	0	0	call_wrapper ../data/pool18/463.bam
314	:	1661785901.812	     0.039	0	69	0	0	call_wrapper ../data/pool18/467.bam
315	:	1661785901.832	     0.045	0	69	0	0	call_wrapper ../data/pool18/469.bam
316	:	1661785901.851	     0.027	0	69	0	0	call_wrapper ../data/pool18/470.bam
317	:	1661785901.876	     0.035	0	69	0	0	call_wrapper ../data/pool18/471.bam
318	:	1661785901.910	     0.033	0	69	0	0	call_wrapper ../data/pool18/472.bam
319	:	1661785901.929	     0.017	0	69	0	0	call_wrapper ../data/pool18/473.bam
320	:	1661785901.944	     0.032	0	69	0	0	call_wrapper ../data/pool18/474.bam
321	:	1661785901.976	     0.036	0	69	0	0	call_wrapper ../data/pool18/475.bam
322	:	1661785901.996	     0.017	0	69	0	0	call_wrapper ../data/pool18/477.bam
323	:	1661785902.012	     0.036	0	69	0	0	call_wrapper ../data/pool19/479.bam
324	:	1661785902.048	     0.034	0	69	0	0	call_wrapper ../data/pool19/480.bam
325	:	1661785902.068	     0.016	0	69	0	0	call_wrapper ../data/pool19/481.bam
326	:	1661785902.082	     0.033	0	69	0	0	call_wrapper ../data/pool19/482.bam
327	:	1661785902.115	     0.035	0	69	0	0	call_wrapper ../data/pool19/483.bam
328	:	1661785902.134	     0.017	0	69	0	0	call_wrapper ../data/pool19/484.bam
329	:	1661785902.150	     0.033	0	69	0	0	call_wrapper ../data/pool19/485.bam
330	:	1661785902.183	     0.032	0	69	0	0	call_wrapper ../data/pool19/486.bam
331	:	1661785902.202	     0.015	0	69	0	0	call_wrapper ../data/pool19/487.bam
332	:	1661785902.215	     0.026	0	69	0	0	call_wrapper ../data/pool19/488.bam
333	:	1661785902.240	     0.033	0	69	0	0	call_wrapper ../data/pool19/489.bam
334	:	1661785902.259	     0.016	0	69	0	0	call_wrapper ../data/pool19/490.bam
335	:	1661785902.274	     0.034	0	69	0	0	call_wrapper ../data/pool19/492.bam
336	:	1661785902.307	     0.036	0	69	0	0	call_wrapper ../data/pool19/493.bam
337	:	1661785902.328	     0.016	0	69	0	0	call_wrapper ../data/pool19/494.bam
338	:	1661785902.343	     0.037	0	69	0	0	call_wrapper ../data/pool20/499.bam
339	:	1661785902.380	     0.034	0	69	0	0	call_wrapper ../data/pool20/500.bam
340	:	1661785902.399	     0.016	0	69	0	0	call_wrapper ../data/pool20/501.bam
341	:	1661785902.414	     0.036	0	69	0	0	call_wrapper ../data/pool20/502.bam
342	:	1661785902.449	     0.033	0	69	0	0	call_wrapper ../data/pool20/503.bam
343	:	1661785902.469	     0.013	0	69	0	0	call_wrapper ../data/pool20/504.bam
344	:	1661785902.481	     0.023	0	69	0	0	call_wrapper ../data/pool20/505.bam
