Seq	Host	Starttime	JobRuntime	Send	Receive	Exitval	Signal	Command
1	:	1661890025.752	     0.010	0	87	0	0	extract_wrapper ../data/pool10/294.bcf
2	:	1661890025.763	     0.036	0	87	0	0	extract_wrapper ../data/pool10/296.bcf
3	:	1661890025.798	     0.023	0	87	0	0	extract_wrapper ../data/pool10/297.bcf
4	:	1661890025.821	     0.024	0	87	0	0	extract_wrapper ../data/pool10/298.bcf
5	:	1661890025.846	     0.036	0	87	0	0	extract_wrapper ../data/pool10/299.bcf
6	:	1661890025.883	     0.059	0	87	0	0	extract_wrapper ../data/pool10/300.bcf
7	:	1661890025.941	     0.025	0	87	0	0	extract_wrapper ../data/pool10/303.bcf
8	:	1661890025.966	     0.023	0	87	0	0	extract_wrapper ../data/pool10/304.bcf
9	:	1661890025.988	     0.064	0	87	0	0	extract_wrapper ../data/pool10/305.bcf
10	:	1661890026.052	     0.029	0	87	0	0	extract_wrapper ../data/pool10/306.bcf
11	:	1661890026.081	     0.052	0	87	0	0	extract_wrapper ../data/pool10/307.bcf
12	:	1661890026.133	     0.095	0	87	0	0	extract_wrapper ../data/pool10/309.bcf
13	:	1661890026.215	     0.059	0	87	0	0	extract_wrapper ../data/pool10/310.bcf
14	:	1661890026.228	     0.048	0	87	0	0	extract_wrapper ../data/pool10/311.bcf
15	:	1661890026.274	     0.075	0	87	0	0	extract_wrapper ../data/pool10/312.bcf
16	:	1661890026.348	     0.082	0	87	0	0	extract_wrapper ../data/pool10/313.bcf
17	:	1661890026.430	     0.039	0	87	0	0	extract_wrapper ../data/pool10/314.bcf
18	:	1661890026.455	     0.019	0	87	0	0	extract_wrapper ../data/pool10/315.bcf
19	:	1661890026.469	     0.014	0	87	0	0	extract_wrapper ../data/pool10/352.bcf
