Seq	Host	Starttime	JobRuntime	Send	Receive	Exitval	Signal	Command
1	:	1661890027.116	     0.012	0	87	0	0	extract_wrapper ../data/pool11/316.bcf
2	:	1661890027.128	     0.095	0	87	0	0	extract_wrapper ../data/pool11/317.bcf
3	:	1661890027.223	     0.105	0	87	0	0	extract_wrapper ../data/pool11/318.bcf
4	:	1661890027.315	     0.062	0	87	0	0	extract_wrapper ../data/pool11/319.bcf
5	:	1661890027.327	     0.051	0	87	0	0	extract_wrapper ../data/pool11/320.bcf
6	:	1661890027.376	     0.177	0	87	0	0	extract_wrapper ../data/pool11/321.bcf
7	:	1661890027.554	     0.032	0	87	0	0	extract_wrapper ../data/pool11/322.bcf
8	:	1661890027.586	     0.067	0	87	0	0	extract_wrapper ../data/pool11/323.bcf
9	:	1661890027.653	     0.042	0	87	0	0	extract_wrapper ../data/pool11/324.bcf
10	:	1661890027.695	     0.054	0	87	0	0	extract_wrapper ../data/pool11/325.bcf
11	:	1661890027.734	     0.016	0	87	0	0	extract_wrapper ../data/pool11/326.bcf
12	:	1661890027.749	     0.036	0	87	0	0	extract_wrapper ../data/pool11/328.bcf
13	:	1661890027.785	     0.079	0	87	0	0	extract_wrapper ../data/pool11/329.bcf
14	:	1661890027.865	     0.112	0	87	0	0	extract_wrapper ../data/pool11/330.bcf
15	:	1661890027.963	     0.121	0	87	0	0	extract_wrapper ../data/pool11/331.bcf
16	:	1661890027.977	     0.180	0	87	0	0	extract_wrapper ../data/pool11/332.bcf
17	:	1661890028.084	     0.074	0	87	0	0	extract_wrapper ../data/pool11/333.bcf
18	:	1661890028.156	     0.030	0	87	0	0	extract_wrapper ../data/pool11/335.bcf
19	:	1661890028.186	     0.016	0	87	0	0	extract_wrapper ../data/pool11/336.bcf
