Seq	Host	Starttime	JobRuntime	Send	Receive	Exitval	Signal	Command
1	:	1661890029.927	     0.013	0	87	0	0	extract_wrapper ../data/pool13/357.bcf
2	:	1661890029.940	     0.075	0	87	0	0	extract_wrapper ../data/pool13/358.bcf
3	:	1661890030.002	     0.066	0	87	0	0	extract_wrapper ../data/pool13/359.bcf
4	:	1661890030.015	     0.056	0	87	0	0	extract_wrapper ../data/pool13/360.bcf
5	:	1661890030.069	     0.030	0	87	0	0	extract_wrapper ../data/pool13/361.bcf
6	:	1661890030.088	     0.014	0	87	0	0	extract_wrapper ../data/pool13/362.bcf
7	:	1661890030.100	     0.060	0	87	0	0	extract_wrapper ../data/pool13/363.bcf
8	:	1661890030.147	     0.014	0	87	0	0	extract_wrapper ../data/pool13/364.bcf
9	:	1661890030.159	     0.055	0	87	0	0	extract_wrapper ../data/pool13/365.bcf
10	:	1661890030.213	     0.019	0	87	0	0	extract_wrapper ../data/pool13/366.bcf
11	:	1661890030.233	     0.036	0	87	0	0	extract_wrapper ../data/pool13/367.bcf
12	:	1661890030.258	     0.032	0	87	0	0	extract_wrapper ../data/pool13/368.bcf
13	:	1661890030.269	     0.023	0	87	0	0	extract_wrapper ../data/pool13/369.bcf
14	:	1661890030.291	     0.031	0	87	0	0	extract_wrapper ../data/pool13/370.bcf
15	:	1661890030.322	     0.056	0	87	0	0	extract_wrapper ../data/pool13/371.bcf
16	:	1661890030.378	     0.060	0	87	0	0	extract_wrapper ../data/pool13/372.bcf
17	:	1661890030.438	     0.055	0	87	0	0	extract_wrapper ../data/pool13/373.bcf
18	:	1661890030.476	     0.018	0	87	0	0	extract_wrapper ../data/pool13/374.bcf
19	:	1661890030.494	     0.023	0	87	0	0	extract_wrapper ../data/pool13/375.bcf
20	:	1661890030.516	     0.116	0	87	0	0	extract_wrapper ../data/pool13/376.bcf
