Seq	Host	Starttime	JobRuntime	Send	Receive	Exitval	Signal	Command
1	:	1661890018.078	     0.010	0	87	0	0	extract_wrapper ../data/pool05/185.bcf
2	:	1661890018.088	     0.151	0	87	0	0	extract_wrapper ../data/pool05/186.bcf
3	:	1661890018.240	     0.129	0	87	0	0	extract_wrapper ../data/pool05/188.bcf
4	:	1661890018.360	     0.088	0	87	0	0	extract_wrapper ../data/pool05/216.bcf
5	:	1661890018.370	     0.081	0	87	0	0	extract_wrapper ../data/pool05/217.bcf
6	:	1661890018.449	     0.087	0	87	0	0	extract_wrapper ../data/pool05/218.bcf
7	:	1661890018.500	     0.038	0	87	0	0	extract_wrapper ../data/pool05/229.bcf
8	:	1661890018.511	     0.028	0	87	0	0	extract_wrapper ../data/pool05/230.bcf
9	:	1661890018.524	     0.016	0	87	0	0	extract_wrapper ../data/pool05/231.bcf
10	:	1661890018.535	     0.070	0	87	0	0	extract_wrapper ../data/pool05/236.bcf
11	:	1661890018.593	     0.031	0	87	0	0	extract_wrapper ../data/pool05/252.bcf
12	:	1661890018.606	     0.019	0	87	0	0	extract_wrapper ../data/pool05/255.bcf
13	:	1661890018.624	     0.021	0	87	0	0	extract_wrapper ../data/pool05/301.bcf
14	:	1661890018.646	     0.064	0	87	0	0	extract_wrapper ../data/pool05/380.bcf
15	:	1661890018.698	     0.013	0	87	0	0	extract_wrapper ../data/pool05/450.bcf
16	:	1661890018.709	     0.118	0	87	0	0	extract_wrapper ../data/pool05/464.bcf
17	:	1661890018.815	     0.052	0	87	0	0	extract_wrapper ../data/pool05/465.bcf
18	:	1661890018.827	     0.047	0	87	0	0	extract_wrapper ../data/pool05/466.bcf
19	:	1661890018.866	     0.026	0	87	0	0	extract_wrapper ../data/pool05/468.bcf
