Seq	Host	Starttime	JobRuntime	Send	Receive	Exitval	Signal	Command
1	:	1661890020.916	     0.011	0	87	0	0	extract_wrapper ../data/pool07/228.bcf
2	:	1661890020.927	     0.113	0	87	0	0	extract_wrapper ../data/pool07/232.bcf
3	:	1661890021.041	     0.021	0	87	0	0	extract_wrapper ../data/pool07/233.bcf
4	:	1661890021.061	     0.067	0	87	0	0	extract_wrapper ../data/pool07/234.bcf
5	:	1661890021.129	     0.039	0	87	0	0	extract_wrapper ../data/pool07/235.bcf
6	:	1661890021.169	     0.080	0	87	0	0	extract_wrapper ../data/pool07/237.bcf
7	:	1661890021.224	     0.026	0	87	0	0	extract_wrapper ../data/pool07/238.bcf
8	:	1661890021.236	     0.078	0	87	0	0	extract_wrapper ../data/pool07/239.bcf
9	:	1661890021.248	     0.138	0	87	0	0	extract_wrapper ../data/pool07/240.bcf
10	:	1661890021.385	     0.019	0	87	0	0	extract_wrapper ../data/pool07/241.bcf
11	:	1661890021.404	     0.043	0	87	0	0	extract_wrapper ../data/pool07/242.bcf
12	:	1661890021.436	     0.046	0	87	0	0	extract_wrapper ../data/pool07/243.bcf
13	:	1661890021.448	     0.035	0	87	0	0	extract_wrapper ../data/pool07/244.bcf
14	:	1661890021.481	     0.036	0	87	0	0	extract_wrapper ../data/pool07/245.bcf
15	:	1661890021.516	     0.068	0	87	0	0	extract_wrapper ../data/pool07/246.bcf
16	:	1661890021.584	     0.065	0	87	0	0	extract_wrapper ../data/pool07/247.bcf
17	:	1661890021.649	     0.034	0	87	0	0	extract_wrapper ../data/pool07/248.bcf
18	:	1661890021.683	     0.023	0	87	0	0	extract_wrapper ../data/pool07/249.bcf
19	:	1661890021.706	     0.039	0	87	0	0	extract_wrapper ../data/pool07/250.bcf
20	:	1661890021.739	     0.016	0	87	0	0	extract_wrapper ../data/pool07/251.bcf
