Seq	Host	Starttime	JobRuntime	Send	Receive	Exitval	Signal	Command
1	:	1661890012.104	     0.000	0	87	0	0	extract_wrapper ../data/pool01/100.bcf
2	:	1661890012.167	     0.024	0	87	0	0	extract_wrapper ../data/pool01/101.bcf
3	:	1661890012.180	     0.056	0	87	0	0	extract_wrapper ../data/pool01/104.bcf
4	:	1661890012.191	     0.065	0	87	0	0	extract_wrapper ../data/pool01/105.bcf
5	:	1661890012.237	     0.042	0	87	0	0	extract_wrapper ../data/pool01/106.bcf
6	:	1661890012.255	     0.026	0	87	0	0	extract_wrapper ../data/pool01/107.bcf
7	:	1661890012.279	     0.042	0	87	0	0	extract_wrapper ../data/pool01/108.bcf
8	:	1661890012.306	     0.036	0	87	0	0	extract_wrapper ../data/pool01/109.bcf
9	:	1661890012.320	     0.025	0	87	0	0	extract_wrapper ../data/pool01/110.bcf
10	:	1661890012.343	     0.055	0	87	0	0	extract_wrapper ../data/pool01/111.bcf
11	:	1661890012.398	     0.121	0	87	0	0	extract_wrapper ../data/pool01/112.bcf
12	:	1661890012.518	     0.078	0	87	0	0	extract_wrapper ../data/pool01/113.bcf
13	:	1661890012.595	     0.063	0	87	0	0	extract_wrapper ../data/pool01/114.bcf
14	:	1661890012.658	     0.049	0	87	0	0	extract_wrapper ../data/pool01/115.bcf
15	:	1661890012.693	     0.016	0	87	0	0	extract_wrapper ../data/pool01/116.bcf
16	:	1661890012.708	     0.075	0	87	0	0	extract_wrapper ../data/pool01/118.bcf
17	:	1661890012.783	     0.049	0	87	0	0	extract_wrapper ../data/pool01/119.bcf
18	:	1661890012.832	     0.121	0	87	0	0	extract_wrapper ../data/pool01/120.bcf
19	:	1661890012.953	     0.033	0	87	0	0	extract_wrapper ../data/pool01/122.bcf
20	:	1661890012.986	     0.059	0	87	0	0	extract_wrapper ../data/pool01/123.bcf
