Seq	Host	Starttime	JobRuntime	Send	Receive	Exitval	Signal	Command
1	:	1661890023.941	     0.012	0	87	0	0	extract_wrapper ../data/pool09/273.bcf
2	:	1661890023.953	     0.021	0	87	0	0	extract_wrapper ../data/pool09/274.bcf
3	:	1661890023.974	     0.078	0	87	0	0	extract_wrapper ../data/pool09/275.bcf
4	:	1661890024.041	     0.014	0	87	0	0	extract_wrapper ../data/pool09/276.bcf
5	:	1661890024.053	     0.042	0	87	0	0	extract_wrapper ../data/pool09/277.bcf
6	:	1661890024.095	     0.032	0	87	0	0	extract_wrapper ../data/pool09/278.bcf
7	:	1661890024.127	     0.039	0	87	0	0	extract_wrapper ../data/pool09/279.bcf
8	:	1661890024.167	     0.049	0	87	0	0	extract_wrapper ../data/pool09/280.bcf
9	:	1661890024.215	     0.021	0	87	0	0	extract_wrapper ../data/pool09/281.bcf
10	:	1661890024.235	     0.055	0	87	0	0	extract_wrapper ../data/pool09/282.bcf
11	:	1661890024.290	     0.032	0	87	0	0	extract_wrapper ../data/pool09/283.bcf
12	:	1661890024.323	     0.034	0	87	0	0	extract_wrapper ../data/pool09/284.bcf
13	:	1661890024.356	     0.406	0	87	0	0	extract_wrapper ../data/pool09/285.bcf
14	:	1661890024.762	     0.051	0	87	0	0	extract_wrapper ../data/pool09/286.bcf
15	:	1661890024.814	     0.061	0	87	0	0	extract_wrapper ../data/pool09/288.bcf
16	:	1661890024.874	     0.064	0	87	0	0	extract_wrapper ../data/pool09/289.bcf
17	:	1661890024.938	     0.085	0	87	0	0	extract_wrapper ../data/pool09/290.bcf
18	:	1661890025.014	     0.011	0	87	0	0	extract_wrapper ../data/pool09/291.bcf
19	:	1661890025.023	     0.020	0	87	0	0	extract_wrapper ../data/pool09/292.bcf
20	:	1661890025.043	     0.013	0	87	0	0	extract_wrapper ../data/pool09/293.bcf
