Seq	Host	Starttime	JobRuntime	Send	Receive	Exitval	Signal	Command
1	:	1661890035.002	     0.013	0	87	0	0	extract_wrapper ../data/pool17/434.bcf
2	:	1661890035.014	     0.052	0	87	0	0	extract_wrapper ../data/pool17/435.bcf
3	:	1661890035.067	     0.046	0	87	0	0	extract_wrapper ../data/pool17/436.bcf
4	:	1661890035.102	     0.039	0	87	0	0	extract_wrapper ../data/pool17/437.bcf
5	:	1661890035.113	     0.029	0	87	0	0	extract_wrapper ../data/pool17/438.bcf
6	:	1661890035.142	     0.036	0	87	0	0	extract_wrapper ../data/pool17/439.bcf
7	:	1661890035.164	     0.060	0	87	0	0	extract_wrapper ../data/pool17/440.bcf
8	:	1661890035.178	     0.048	0	87	0	0	extract_wrapper ../data/pool17/441.bcf
9	:	1661890035.225	     0.037	0	87	0	0	extract_wrapper ../data/pool17/442.bcf
10	:	1661890035.262	     0.030	0	87	0	0	extract_wrapper ../data/pool17/443.bcf
11	:	1661890035.293	     0.023	0	87	0	0	extract_wrapper ../data/pool17/444.bcf
12	:	1661890035.316	     0.052	0	87	0	0	extract_wrapper ../data/pool17/445.bcf
13	:	1661890035.356	     0.052	0	87	0	0	extract_wrapper ../data/pool17/446.bcf
14	:	1661890035.368	     0.042	0	87	0	0	extract_wrapper ../data/pool17/447.bcf
15	:	1661890035.408	     0.043	0	87	0	0	extract_wrapper ../data/pool17/448.bcf
16	:	1661890035.441	     0.012	0	87	0	0	extract_wrapper ../data/pool17/449.bcf
17	:	1661890035.452	     0.031	0	87	0	0	extract_wrapper ../data/pool17/451.bcf
18	:	1661890035.482	     0.035	0	87	0	0	extract_wrapper ../data/pool17/452.bcf
19	:	1661890035.517	     0.041	0	87	0	0	extract_wrapper ../data/pool17/453.bcf
20	:	1661890035.555	     0.016	0	87	0	0	extract_wrapper ../data/pool17/454.bcf
