Seq	Host	Starttime	JobRuntime	Send	Receive	Exitval	Signal	Command
1	:	1662605524.354	     0.013	0	86	0	0	map_wrapper ../data/pool19/479_GTAAGGTG-GCAATTCG_L00M_R1_001.fastq.gz ../data/pool19/479_GTAAGGTG-GCAATTCG_L00M_R2_001.fastq.gz
2	:	1662605524.367	     0.027	0	86	0	0	map_wrapper ../data/pool19/480_CGAGAGAA-TCTCTTCC_L00M_R1_001.fastq.gz ../data/pool19/480_CGAGAGAA-TCTCTTCC_L00M_R2_001.fastq.gz
3	:	1662605524.395	     0.042	0	86	0	0	map_wrapper ../data/pool19/481_CGCAACTA-GAATCCGA_L00M_R1_001.fastq.gz ../data/pool19/481_CGCAACTA-GAATCCGA_L00M_R2_001.fastq.gz
4	:	1662605524.421	     0.038	0	86	0	0	map_wrapper ../data/pool19/482_CACAGACT-TGGTACAG_L00M_R1_001.fastq.gz ../data/pool19/482_CACAGACT-TGGTACAG_L00M_R2_001.fastq.gz
5	:	1662605524.437	     0.042	0	86	0	0	map_wrapper ../data/pool19/483_TGGAAGCA-GTACTCTC_L00M_R1_001.fastq.gz ../data/pool19/483_TGGAAGCA-GTACTCTC_L00M_R2_001.fastq.gz
6	:	1662605524.459	     0.053	0	86	0	0	map_wrapper ../data/pool19/484_CAATAGCC-TGCGTAGA_L00M_R1_001.fastq.gz ../data/pool19/484_CAATAGCC-TGCGTAGA_L00M_R2_001.fastq.gz
7	:	1662605524.480	     0.035	0	86	0	0	map_wrapper ../data/pool19/485_CTCGAACA-GGAATTGC_L00M_R1_001.fastq.gz ../data/pool19/485_CTCGAACA-GGAATTGC_L00M_R2_001.fastq.gz
8	:	1662605524.512	     0.044	0	86	0	0	map_wrapper ../data/pool19/486_GGCAAGTT-CTTCTGAG_L00M_R1_001.fastq.gz ../data/pool19/486_GGCAAGTT-CTTCTGAG_L00M_R2_001.fastq.gz
9	:	1662605524.543	     0.036	0	86	0	0	map_wrapper ../data/pool19/487_AGCTACCA-CTTAGGAC_L00M_R1_001.fastq.gz ../data/pool19/487_AGCTACCA-CTTAGGAC_L00M_R2_001.fastq.gz
10	:	1662605524.557	     0.024	0	86	0	0	map_wrapper ../data/pool19/488_CAGCATAC-TCTAACGC_L00M_R1_001.fastq.gz ../data/pool19/488_CAGCATAC-TCTAACGC_L00M_R2_001.fastq.gz
11	:	1662605524.578	     0.040	0	86	0	0	map_wrapper ../data/pool19/489_CGTATCTC-GTACCTTG_L00M_R1_001.fastq.gz ../data/pool19/489_CGTATCTC-GTACCTTG_L00M_R2_001.fastq.gz
12	:	1662605524.619	     0.048	0	86	0	0	map_wrapper ../data/pool19/490_TTACGTGC-CAAGGTCT_L00M_R1_001.fastq.gz ../data/pool19/490_TTACGTGC-CAAGGTCT_L00M_R2_001.fastq.gz
13	:	1662605524.649	     0.019	0	86	0	0	map_wrapper ../data/pool19/491_AGCTAAGC-GTAACGAC_L00M_R1_001.fastq.gz ../data/pool19/491_AGCTAAGC-GTAACGAC_L00M_R2_001.fastq.gz
14	:	1662605524.667	     0.023	0	86	0	0	map_wrapper ../data/pool19/492_AAGACACC-TCGGTTAC_L00M_R1_001.fastq.gz ../data/pool19/492_AAGACACC-TCGGTTAC_L00M_R2_001.fastq.gz
15	:	1662605524.691	     0.035	0	86	0	0	map_wrapper ../data/pool19/493_CAACTCCA-ACGGATTC_L00M_R1_001.fastq.gz ../data/pool19/493_CAACTCCA-ACGGATTC_L00M_R2_001.fastq.gz
16	:	1662605524.710	     0.036	0	86	0	0	map_wrapper ../data/pool19/494_GATCTTGC-TGCTCATG_L00M_R1_001.fastq.gz ../data/pool19/494_GATCTTGC-TGCTCATG_L00M_R2_001.fastq.gz
17	:	1662605524.725	     0.042	0	86	0	0	map_wrapper ../data/pool19/495_CTTCACTG-GTCCTAAG_L00M_R1_001.fastq.gz ../data/pool19/495_CTTCACTG-GTCCTAAG_L00M_R2_001.fastq.gz
18	:	1662605524.745	     0.052	0	86	0	0	map_wrapper ../data/pool19/496_CTCGACTT-GGTCAGAT_L00M_R1_001.fastq.gz ../data/pool19/496_CTCGACTT-GGTCAGAT_L00M_R2_001.fastq.gz
19	:	1662605524.766	     0.032	0	86	0	0	map_wrapper ../data/pool19/497_GTACACCT-CATGAGGA_L00M_R1_001.fastq.gz ../data/pool19/497_GTACACCT-CATGAGGA_L00M_R2_001.fastq.gz
20	:	1662605524.796	     0.022	0	86	0	0	map_wrapper ../data/pool19/498_CCAAGGTT-GCTATCCT_L00M_R1_001.fastq.gz ../data/pool19/498_CCAAGGTT-GCTATCCT_L00M_R2_001.fastq.gz
