Seq	Host	Starttime	JobRuntime	Send	Receive	Exitval	Signal	Command
1	:	1662473911.040	     0.011	0	86	0	0	map_wrapper ../data/pool03/144_GCAATTCC-TGTTCGAG_L00M_R1_001.fastq.gz ../data/pool03/144_GCAATTCC-TGTTCGAG_L00M_R2_001.fastq.gz
2	:	1662473911.050	     0.023	0	86	0	0	map_wrapper ../data/pool03/145_CTCAGAAG-AACTTGCC_L00M_R1_001.fastq.gz ../data/pool03/145_CTCAGAAG-AACTTGCC_L00M_R2_001.fastq.gz
3	:	1662473911.072	     0.019	0	86	0	0	map_wrapper ../data/pool03/146_GTCCTAAG-TGGTAGCT_L00M_R1_001.fastq.gz ../data/pool03/146_GTCCTAAG-TGGTAGCT_L00M_R2_001.fastq.gz
4	:	1662473911.091	     0.021	0	86	0	0	map_wrapper ../data/pool03/147_GCGTTAGA-GTATGCTG_L00M_R1_001.fastq.gz ../data/pool03/147_GCGTTAGA-GTATGCTG_L00M_R2_001.fastq.gz
5	:	1662473911.112	     0.018	0	86	0	0	map_wrapper ../data/pool03/148_CAAGGTAC-GAGATACG_L00M_R1_001.fastq.gz ../data/pool03/148_CAAGGTAC-GAGATACG_L00M_R2_001.fastq.gz
8	:	1662473911.156	     0.021	0	86	0	0	map_wrapper ../data/pool03/151_GTAACCGA-GGTGTCTT_L00M_R1_001.fastq.gz ../data/pool03/151_GTAACCGA-GGTGTCTT_L00M_R2_001.fastq.gz
9	:	1662473911.166	     0.027	0	86	0	0	map_wrapper ../data/pool03/152_GAATCCGT-TGGAGTTG_L00M_R1_001.fastq.gz ../data/pool03/152_GAATCCGT-TGGAGTTG_L00M_R2_001.fastq.gz
10	:	1662473911.176	     0.033	0	86	0	0	map_wrapper ../data/pool03/153_CATGAGCA-GCAAGATC_L00M_R1_001.fastq.gz ../data/pool03/153_CATGAGCA-GCAAGATC_L00M_R2_001.fastq.gz
11	:	1662473911.193	     0.051	0	86	0	0	map_wrapper ../data/pool03/154_CTTAGGAC-CAGTGAAG_L00M_R1_001.fastq.gz ../data/pool03/154_CTTAGGAC-CAGTGAAG_L00M_R2_001.fastq.gz
12	:	1662473911.209	     0.063	0	86	0	0	map_wrapper ../data/pool03/155_ATCTGACC-AAGTCGAG_L00M_R1_001.fastq.gz ../data/pool03/155_ATCTGACC-AAGTCGAG_L00M_R2_001.fastq.gz
13	:	1662473911.244	     0.039	0	86	0	0	map_wrapper ../data/pool03/156_TCCTCATG-AGGTGTAC_L00M_R1_001.fastq.gz ../data/pool03/156_TCCTCATG-AGGTGTAC_L00M_R2_001.fastq.gz
14	:	1662473911.273	     0.028	0	86	0	0	map_wrapper ../data/pool03/157_AGGATAGC-AACCTTGG_L00M_R1_001.fastq.gz ../data/pool03/157_AGGATAGC-AACCTTGG_L00M_R2_001.fastq.gz
15	:	1662473911.284	     0.034	0	86	0	0	map_wrapper ../data/pool03/158_GGAGGAAT-AACCGTTC_L00M_R1_001.fastq.gz ../data/pool03/158_GGAGGAAT-AACCGTTC_L00M_R2_001.fastq.gz
16	:	1662473911.301	     0.031	0	86	0	0	map_wrapper ../data/pool03/159_GACGTCAT-TCAACTGG_L00M_R1_001.fastq.gz ../data/pool03/159_GACGTCAT-TCAACTGG_L00M_R2_001.fastq.gz
18	:	1662473911.333	     0.023	0	86	0	0	map_wrapper ../data/pool03/161_GACGAACT-TCGCATTG_L00M_R1_001.fastq.gz ../data/pool03/161_GACGAACT-TCGCATTG_L00M_R2_001.fastq.gz
19	:	1662473911.355	     0.029	0	86	0	0	map_wrapper ../data/pool03/162_TCCACGTT-GTTCAACC_L00M_R1_001.fastq.gz ../data/pool03/162_TCCACGTT-GTTCAACC_L00M_R2_001.fastq.gz
20	:	1662473911.383	     0.041	0	86	0	0	map_wrapper ../data/pool03/163_AACCAGAG-AACCGAAG_L00M_R1_001.fastq.gz ../data/pool03/163_AACCAGAG-AACCGAAG_L00M_R2_001.fastq.gz
21	:	1662473911.403	     0.021	0	86	0	0	map_wrapper ../data/pool04/164_GTCAGTCA-TAATGCCG_L00M_R1_001.fastq.gz ../data/pool04/164_GTCAGTCA-TAATGCCG_L00M_R2_001.fastq.gz
22	:	1662473911.413	     0.021	0	86	0	0	map_wrapper ../data/pool04/165_CCTTCCAT-ATTGCGTG_L00M_R1_001.fastq.gz ../data/pool04/165_CCTTCCAT-ATTGCGTG_L00M_R2_001.fastq.gz
23	:	1662473911.423	     0.030	0	86	0	0	map_wrapper ../data/pool04/166_AGGAACAC-GACATTCC_L00M_R1_001.fastq.gz ../data/pool04/166_AGGAACAC-GACATTCC_L00M_R2_001.fastq.gz
24	:	1662473911.454	     0.023	0	86	0	0	map_wrapper ../data/pool04/167_CTTACAGC-CTTCACCA_L00M_R1_001.fastq.gz ../data/pool04/167_CTTACAGC-CTTCACCA_L00M_R2_001.fastq.gz
25	:	1662473911.477	     0.029	0	86	0	0	map_wrapper ../data/pool04/168_TACCTGCA-TGATGTCC_L00M_R1_001.fastq.gz ../data/pool04/168_TACCTGCA-TGATGTCC_L00M_R2_001.fastq.gz
26	:	1662473911.495	     0.026	0	86	0	0	map_wrapper ../data/pool04/169_AGACGCTA-TGTACACC_L00M_R1_001.fastq.gz ../data/pool04/169_AGACGCTA-TGTACACC_L00M_R2_001.fastq.gz
27	:	1662473911.505	     0.032	0	86	0	0	map_wrapper ../data/pool04/170_CAACACAG-TGGCTATC_L00M_R1_001.fastq.gz ../data/pool04/170_CAACACAG-TGGCTATC_L00M_R2_001.fastq.gz
28	:	1662473911.520	     0.031	0	86	0	0	map_wrapper ../data/pool04/172_GTACCACA-TGTTGTGG_L00M_R1_001.fastq.gz ../data/pool04/172_GTACCACA-TGTTGTGG_L00M_R2_001.fastq.gz
29	:	1662473911.537	     0.029	0	86	0	0	map_wrapper ../data/pool04/173_CGAATACG-GTCGGTAA_L00M_R1_001.fastq.gz ../data/pool04/173_CGAATACG-GTCGGTAA_L00M_R2_001.fastq.gz
30	:	1662473911.550	     0.031	0	86	0	0	map_wrapper ../data/pool04/174_GTCCTTGA-TCAGACGA_L00M_R1_001.fastq.gz ../data/pool04/174_GTCCTTGA-TCAGACGA_L00M_R2_001.fastq.gz
31	:	1662473911.566	     0.032	0	86	0	0	map_wrapper ../data/pool04/175_CAGTGCTT-ACCTGGAA_L00M_R1_001.fastq.gz ../data/pool04/175_CAGTGCTT-ACCTGGAA_L00M_R2_001.fastq.gz
32	:	1662473911.581	     0.032	0	86	0	0	map_wrapper ../data/pool04/176_TCCATTGC-AGACCGTA_L00M_R1_001.fastq.gz ../data/pool04/176_TCCATTGC-AGACCGTA_L00M_R2_001.fastq.gz
33	:	1662473911.598	     0.029	0	86	0	0	map_wrapper ../data/pool04/177_GTCGATTG-ACGGTCTT_L00M_R1_001.fastq.gz ../data/pool04/177_GTCGATTG-ACGGTCTT_L00M_R2_001.fastq.gz
34	:	1662473911.614	     0.029	0	86	0	0	map_wrapper ../data/pool04/178_ATAACGCC-TGAACCTG_L00M_R1_001.fastq.gz ../data/pool04/178_ATAACGCC-TGAACCTG_L00M_R2_001.fastq.gz
35	:	1662473911.628	     0.036	0	86	0	0	map_wrapper ../data/pool04/179_GCCTTAAC-AGCTCCTA_L00M_R1_001.fastq.gz ../data/pool04/179_GCCTTAAC-AGCTCCTA_L00M_R2_001.fastq.gz
36	:	1662473911.644	     0.021	0	86	0	0	map_wrapper ../data/pool04/180_GGTATAGG-CTGGAGTA_L00M_R1_001.fastq.gz ../data/pool04/180_GGTATAGG-CTGGAGTA_L00M_R2_001.fastq.gz
37	:	1662473911.664	     0.030	0	86	0	0	map_wrapper ../data/pool04/181_TCTAGGAG-AGGTCACT_L00M_R1_001.fastq.gz ../data/pool04/181_TCTAGGAG-AGGTCACT_L00M_R2_001.fastq.gz
38	:	1662473911.694	     0.019	0	86	0	0	map_wrapper ../data/pool04/182_TGCGTAAC-GATAGGCT_L00M_R1_001.fastq.gz ../data/pool04/182_TGCGTAAC-GATAGGCT_L00M_R2_001.fastq.gz
39	:	1662473911.713	     0.019	0	86	0	0	map_wrapper ../data/pool04/183_CTTGCTAG-GGAGATGA_L00M_R1_001.fastq.gz ../data/pool04/183_CTTGCTAG-GGAGATGA_L00M_R2_001.fastq.gz
40	:	1662473911.732	     0.018	0	86	0	0	map_wrapper ../data/pool04/184_AGCGAGAT-GATACTGG_L00M_R1_001.fastq.gz ../data/pool04/184_AGCGAGAT-GATACTGG_L00M_R2_001.fastq.gz
41	:	1662473911.750	     0.046	0	86	0	0	map_wrapper ../data/pool05/185_TATGGCAC-TCTCGCAA_L00M_R1_001.fastq.gz ../data/pool05/185_TATGGCAC-TCTCGCAA_L00M_R2_001.fastq.gz
42	:	1662473911.796	     0.052	0	86	0	0	map_wrapper ../data/pool05/186_GAATCACC-CTTCGTTC_L00M_R1_001.fastq.gz ../data/pool05/186_GAATCACC-CTTCGTTC_L00M_R2_001.fastq.gz
43	:	1662473911.848	     0.029	0	86	0	0	map_wrapper ../data/pool05/188_GTAAGGTG-GCAATTCG_L00M_R1_001.fastq.gz ../data/pool05/188_GTAAGGTG-GCAATTCG_L00M_R2_001.fastq.gz
44	:	1662473911.877	     0.054	0	86	0	0	map_wrapper ../data/pool05/216_CGAGAGAA-TCTCTTCC_L00M_R1_001.fastq.gz ../data/pool05/216_CGAGAGAA-TCTCTTCC_L00M_R2_001.fastq.gz
45	:	1662473911.932	     0.021	0	86	0	0	map_wrapper ../data/pool05/217_CGCAACTA-GAATCCGA_L00M_R1_001.fastq.gz ../data/pool05/217_CGCAACTA-GAATCCGA_L00M_R2_001.fastq.gz
46	:	1662473911.953	     0.020	0	86	0	0	map_wrapper ../data/pool05/218_CACAGACT-TGGTACAG_L00M_R1_001.fastq.gz ../data/pool05/218_CACAGACT-TGGTACAG_L00M_R2_001.fastq.gz
47	:	1662473911.974	     0.019	0	86	0	0	map_wrapper ../data/pool05/229_TGGAAGCA-GTACTCTC_L00M_R1_001.fastq.gz ../data/pool05/229_TGGAAGCA-GTACTCTC_L00M_R2_001.fastq.gz
48	:	1662473911.993	     0.022	0	86	0	0	map_wrapper ../data/pool05/230_CAATAGCC-TGCGTAGA_L00M_R1_001.fastq.gz ../data/pool05/230_CAATAGCC-TGCGTAGA_L00M_R2_001.fastq.gz
49	:	1662473912.014	     0.028	0	86	0	0	map_wrapper ../data/pool05/231_CTCGAACA-GGAATTGC_L00M_R1_001.fastq.gz ../data/pool05/231_CTCGAACA-GGAATTGC_L00M_R2_001.fastq.gz
50	:	1662473912.031	     0.031	0	86	0	0	map_wrapper ../data/pool05/236_GGCAAGTT-CTTCTGAG_L00M_R1_001.fastq.gz ../data/pool05/236_GGCAAGTT-CTTCTGAG_L00M_R2_001.fastq.gz
51	:	1662473912.041	     0.022	0	86	0	0	map_wrapper ../data/pool05/252_AGCTACCA-CTTAGGAC_L00M_R1_001.fastq.gz ../data/pool05/252_AGCTACCA-CTTAGGAC_L00M_R2_001.fastq.gz
52	:	1662473912.061	     0.023	0	86	0	0	map_wrapper ../data/pool05/255_CAGCATAC-TCTAACGC_L00M_R1_001.fastq.gz ../data/pool05/255_CAGCATAC-TCTAACGC_L00M_R2_001.fastq.gz
53	:	1662473912.083	     0.036	0	86	0	0	map_wrapper ../data/pool05/301_CGTATCTC-GTACCTTG_L00M_R1_001.fastq.gz ../data/pool05/301_CGTATCTC-GTACCTTG_L00M_R2_001.fastq.gz
54	:	1662473912.118	     0.023	0	86	0	0	map_wrapper ../data/pool05/334_TTACGTGC-CAAGGTCT_L00M_R1_001.fastq.gz ../data/pool05/334_TTACGTGC-CAAGGTCT_L00M_R2_001.fastq.gz
55	:	1662473912.140	     0.019	0	86	0	0	map_wrapper ../data/pool05/380_AGCTAAGC-GTAACGAC_L00M_R1_001.fastq.gz ../data/pool05/380_AGCTAAGC-GTAACGAC_L00M_R2_001.fastq.gz
56	:	1662473912.159	     0.019	0	86	0	0	map_wrapper ../data/pool05/450_AAGACACC-TCGGTTAC_L00M_R1_001.fastq.gz ../data/pool05/450_AAGACACC-TCGGTTAC_L00M_R2_001.fastq.gz
57	:	1662473912.178	     0.020	0	86	0	0	map_wrapper ../data/pool05/464_CAACTCCA-ACGGATTC_L00M_R1_001.fastq.gz ../data/pool05/464_CAACTCCA-ACGGATTC_L00M_R2_001.fastq.gz
58	:	1662473912.199	     0.021	0	86	0	0	map_wrapper ../data/pool05/465_GATCTTGC-TGCTCATG_L00M_R1_001.fastq.gz ../data/pool05/465_GATCTTGC-TGCTCATG_L00M_R2_001.fastq.gz
59	:	1662473912.220	     0.020	0	86	0	0	map_wrapper ../data/pool05/466_CTTCACTG-GTCCTAAG_L00M_R1_001.fastq.gz ../data/pool05/466_CTTCACTG-GTCCTAAG_L00M_R2_001.fastq.gz
60	:	1662473912.240	     0.036	0	86	0	0	map_wrapper ../data/pool05/468_CTCGACTT-GGTCAGAT_L00M_R1_001.fastq.gz ../data/pool05/468_CTCGACTT-GGTCAGAT_L00M_R2_001.fastq.gz
61	:	1662473912.258	     0.021	0	86	0	0	map_wrapper ../data/pool07/245_CAAGGTAC-GAGATACG_L00M_R1_001.fastq.gz ../data/pool07/245_CAAGGTAC-GAGATACG_L00M_R2_001.fastq.gz
62	:	1662473912.267	     0.032	0	86	0	0	map_wrapper ../data/pool08/210_CAGGTTCA-GGCGTTAT_L00M_R1_001.fastq.gz ../data/pool08/210_CAGGTTCA-GGCGTTAT_L00M_R2_001.fastq.gz
63	:	1662473912.277	     0.023	0	86	0	0	map_wrapper ../data/pool08/253_ATCTGACC-AAGTCGAG_L00M_R1_001.fastq.gz ../data/pool08/253_ATCTGACC-AAGTCGAG_L00M_R2_001.fastq.gz
64	:	1662473912.298	     0.029	0	86	0	0	map_wrapper ../data/pool08/254_TCCTCATG-AGGTGTAC_L00M_R1_001.fastq.gz ../data/pool08/254_TCCTCATG-AGGTGTAC_L00M_R2_001.fastq.gz
65	:	1662473912.328	     0.024	0	86	0	0	map_wrapper ../data/pool08/256_AGGATAGC-AACCTTGG_L00M_R1_001.fastq.gz ../data/pool08/256_AGGATAGC-AACCTTGG_L00M_R2_001.fastq.gz
66	:	1662473912.343	     0.026	0	86	0	0	map_wrapper ../data/pool08/257_GGAGGAAT-AACCGTTC_L00M_R1_001.fastq.gz ../data/pool08/257_GGAGGAAT-AACCGTTC_L00M_R2_001.fastq.gz
67	:	1662473912.352	     0.032	0	86	0	0	map_wrapper ../data/pool08/258_GACGTCAT-TCAACTGG_L00M_R1_001.fastq.gz ../data/pool08/258_GACGTCAT-TCAACTGG_L00M_R2_001.fastq.gz
68	:	1662473912.370	     0.032	0	86	0	0	map_wrapper ../data/pool08/259_CCGCTTAA-ACGATGAC_L00M_R1_001.fastq.gz ../data/pool08/259_CCGCTTAA-ACGATGAC_L00M_R2_001.fastq.gz
69	:	1662473912.384	     0.033	0	86	0	0	map_wrapper ../data/pool08/260_GACGAACT-TCGCATTG_L00M_R1_001.fastq.gz ../data/pool08/260_GACGAACT-TCGCATTG_L00M_R2_001.fastq.gz
70	:	1662473912.402	     0.034	0	86	0	0	map_wrapper ../data/pool08/261_TCCACGTT-GTTCAACC_L00M_R1_001.fastq.gz ../data/pool08/261_TCCACGTT-GTTCAACC_L00M_R2_001.fastq.gz
71	:	1662473912.418	     0.032	0	86	0	0	map_wrapper ../data/pool08/262_AACCAGAG-AACCGAAG_L00M_R1_001.fastq.gz ../data/pool08/262_AACCAGAG-AACCGAAG_L00M_R2_001.fastq.gz
73	:	1662473912.451	     0.026	0	86	0	0	map_wrapper ../data/pool08/264_CCTTCCAT-ATTGCGTG_L00M_R1_001.fastq.gz ../data/pool08/264_CCTTCCAT-ATTGCGTG_L00M_R2_001.fastq.gz
75	:	1662473912.477	     0.025	0	86	0	0	map_wrapper ../data/pool08/266_CTTACAGC-CTTCACCA_L00M_R1_001.fastq.gz ../data/pool08/266_CTTACAGC-CTTCACCA_L00M_R2_001.fastq.gz
76	:	1662473912.494	     0.026	0	86	0	0	map_wrapper ../data/pool08/267_TACCTGCA-TGATGTCC_L00M_R1_001.fastq.gz ../data/pool08/267_TACCTGCA-TGATGTCC_L00M_R2_001.fastq.gz
78	:	1662473912.520	     0.020	0	86	0	0	map_wrapper ../data/pool08/269_CAACACAG-TGGCTATC_L00M_R1_001.fastq.gz ../data/pool08/269_CAACACAG-TGGCTATC_L00M_R2_001.fastq.gz
79	:	1662473912.540	     0.026	0	86	0	0	map_wrapper ../data/pool08/270_AAGACCGT-CAATCGAC_L00M_R1_001.fastq.gz ../data/pool08/270_AAGACCGT-CAATCGAC_L00M_R2_001.fastq.gz
80	:	1662473912.558	     0.026	0	86	0	0	map_wrapper ../data/pool08/271_TAGGAGCT-GTTAAGGC_L00M_R1_001.fastq.gz ../data/pool08/271_TAGGAGCT-GTTAAGGC_L00M_R2_001.fastq.gz
81	:	1662473912.584	     0.018	0	86	0	0	map_wrapper ../data/pool08/272_TACTCCAG-CCTATACC_L00M_R1_001.fastq.gz ../data/pool08/272_TACTCCAG-CCTATACC_L00M_R2_001.fastq.gz
82	:	1662473912.603	     0.044	0	86	0	0	map_wrapper ../data/pool11/316_CGGCATTA-TGACTGAC_L00M_R1_001.fastq.gz ../data/pool11/316_CGGCATTA-TGACTGAC_L00M_R2_001.fastq.gz
83	:	1662473912.638	     0.095	0	86	0	0	map_wrapper ../data/pool11/317_CACGCAAT-ATGGAAGG_L00M_R1_001.fastq.gz ../data/pool11/317_CACGCAAT-ATGGAAGG_L00M_R2_001.fastq.gz
84	:	1662473912.733	     0.024	0	86	0	0	map_wrapper ../data/pool11/318_GGAATGTC-GTGTTCCT_L00M_R1_001.fastq.gz ../data/pool11/318_GGAATGTC-GTGTTCCT_L00M_R2_001.fastq.gz
85	:	1662473912.758	     0.082	0	86	0	0	map_wrapper ../data/pool11/319_TGGTGAAG-GCTGTAAG_L00M_R1_001.fastq.gz ../data/pool11/319_TGGTGAAG-GCTGTAAG_L00M_R2_001.fastq.gz
86	:	1662473912.840	     0.026	0	86	0	0	map_wrapper ../data/pool11/320_GGACATCA-TGCAGGTA_L00M_R1_001.fastq.gz ../data/pool11/320_GGACATCA-TGCAGGTA_L00M_R2_001.fastq.gz
87	:	1662473912.866	     0.034	0	86	0	0	map_wrapper ../data/pool11/321_GGTGTACA-TAGCGTCT_L00M_R1_001.fastq.gz ../data/pool11/321_GGTGTACA-TAGCGTCT_L00M_R2_001.fastq.gz
88	:	1662473912.893	     0.081	0	86	0	0	map_wrapper ../data/pool11/322_GATAGCCA-CTGTGTTG_L00M_R1_001.fastq.gz ../data/pool11/322_GATAGCCA-CTGTGTTG_L00M_R2_001.fastq.gz
89	:	1662473912.973	     0.056	0	86	0	0	map_wrapper ../data/pool11/323_CCACAACA-TGTGGTAC_L00M_R1_001.fastq.gz ../data/pool11/323_CCACAACA-TGTGGTAC_L00M_R2_001.fastq.gz
90	:	1662473913.023	     0.038	0	86	0	0	map_wrapper ../data/pool11/324_TTACCGAC-CGTATTCG_L00M_R1_001.fastq.gz ../data/pool11/324_TTACCGAC-CGTATTCG_L00M_R2_001.fastq.gz
91	:	1662473913.060	     0.019	0	86	0	0	map_wrapper ../data/pool11/325_TCGTCTGA-TCAAGGAC_L00M_R1_001.fastq.gz ../data/pool11/325_TCGTCTGA-TCAAGGAC_L00M_R2_001.fastq.gz
92	:	1662473913.079	     0.023	0	86	0	0	map_wrapper ../data/pool11/326_TTCCAGGT-AAGCACTG_L00M_R1_001.fastq.gz ../data/pool11/326_TTCCAGGT-AAGCACTG_L00M_R2_001.fastq.gz
93	:	1662473913.096	     0.072	0	86	0	0	map_wrapper ../data/pool11/327_TACGGTCT-GCAATGGA_L00M_R1_001.fastq.gz ../data/pool11/327_TACGGTCT-GCAATGGA_L00M_R2_001.fastq.gz
94	:	1662473913.168	     0.069	0	86	0	0	map_wrapper ../data/pool11/328_AAGACCGT-CAATCGAC_L00M_R1_001.fastq.gz ../data/pool11/328_AAGACCGT-CAATCGAC_L00M_R2_001.fastq.gz
95	:	1662473913.230	     0.046	0	86	0	0	map_wrapper ../data/pool11/329_CAGGTTCA-GGCGTTAT_L00M_R1_001.fastq.gz ../data/pool11/329_CAGGTTCA-GGCGTTAT_L00M_R2_001.fastq.gz
96	:	1662473913.277	     0.075	0	86	0	0	map_wrapper ../data/pool11/330_TAGGAGCT-GTTAAGGC_L00M_R1_001.fastq.gz ../data/pool11/330_TAGGAGCT-GTTAAGGC_L00M_R2_001.fastq.gz
97	:	1662473913.345	     0.072	0	86	0	0	map_wrapper ../data/pool11/331_TACTCCAG-CCTATACC_L00M_R1_001.fastq.gz ../data/pool11/331_TACTCCAG-CCTATACC_L00M_R2_001.fastq.gz
98	:	1662473913.416	     0.147	0	86	0	0	map_wrapper ../data/pool11/332_AGTGACCT-CTCCTAGA_L00M_R1_001.fastq.gz ../data/pool11/332_AGTGACCT-CTCCTAGA_L00M_R2_001.fastq.gz
99	:	1662473913.556	     0.025	0	86	0	0	map_wrapper ../data/pool11/333_AGCCTATC-GTTACGCA_L00M_R1_001.fastq.gz ../data/pool11/333_AGCCTATC-GTTACGCA_L00M_R2_001.fastq.gz
100	:	1662473913.581	     0.013	0	86	0	0	map_wrapper ../data/pool11/335_TCATCTCC-CTAGCAAG_L00M_R1_001.fastq.gz ../data/pool11/335_TCATCTCC-CTAGCAAG_L00M_R2_001.fastq.gz
101	:	1662473913.594	     0.020	0	86	0	0	map_wrapper ../data/pool11/336_CCAGTATC-ATCTCGCT_L00M_R1_001.fastq.gz ../data/pool11/336_CCAGTATC-ATCTCGCT_L00M_R2_001.fastq.gz
102	:	1662473913.608	     0.024	0	86	0	0	map_wrapper ../data/pool12/337_TTGCGAGA-GTGCCATA_L00M_R1_001.fastq.gz ../data/pool12/337_TTGCGAGA-GTGCCATA_L00M_R2_001.fastq.gz
103	:	1662473913.632	     0.023	0	86	0	0	map_wrapper ../data/pool12/338_GAACGAAG-GGTGATTC_L00M_R1_001.fastq.gz ../data/pool12/338_GAACGAAG-GGTGATTC_L00M_R2_001.fastq.gz
104	:	1662473913.649	     0.025	0	86	0	0	map_wrapper ../data/pool12/339_CGAATTGC-CACCTTAC_L00M_R1_001.fastq.gz ../data/pool12/339_CGAATTGC-CACCTTAC_L00M_R2_001.fastq.gz
105	:	1662473913.674	     0.019	0	86	0	0	map_wrapper ../data/pool12/340_GGAAGAGA-TTCTCTCG_L00M_R1_001.fastq.gz ../data/pool12/340_GGAAGAGA-TTCTCTCG_L00M_R2_001.fastq.gz
106	:	1662473913.693	     0.020	0	86	0	0	map_wrapper ../data/pool12/341_TCGGATTC-TAGTTGCG_L00M_R1_001.fastq.gz ../data/pool12/341_TCGGATTC-TAGTTGCG_L00M_R2_001.fastq.gz
107	:	1662473913.714	     0.023	0	86	0	0	map_wrapper ../data/pool12/342_CTGTACCA-AGTCTGTG_L00M_R1_001.fastq.gz ../data/pool12/342_CTGTACCA-AGTCTGTG_L00M_R2_001.fastq.gz
108	:	1662473913.730	     0.027	0	86	0	0	map_wrapper ../data/pool12/343_GAGAGTAC-TGCTTCCA_L00M_R1_001.fastq.gz ../data/pool12/343_GAGAGTAC-TGCTTCCA_L00M_R2_001.fastq.gz
109	:	1662473913.758	     0.024	0	86	0	0	map_wrapper ../data/pool12/344_TCTACGCA-GGCTATTG_L00M_R1_001.fastq.gz ../data/pool12/344_TCTACGCA-GGCTATTG_L00M_R2_001.fastq.gz
110	:	1662473913.775	     0.027	0	86	0	0	map_wrapper ../data/pool12/345_GCAATTCC-TGTTCGAG_L00M_R1_001.fastq.gz ../data/pool12/345_GCAATTCC-TGTTCGAG_L00M_R2_001.fastq.gz
111	:	1662473913.803	     0.023	0	86	0	0	map_wrapper ../data/pool12/346_CTCAGAAG-AACTTGCC_L00M_R1_001.fastq.gz ../data/pool12/346_CTCAGAAG-AACTTGCC_L00M_R2_001.fastq.gz
112	:	1662473913.819	     0.032	0	86	0	0	map_wrapper ../data/pool12/347_GTCCTAAG-TGGTAGCT_L00M_R1_001.fastq.gz ../data/pool12/347_GTCCTAAG-TGGTAGCT_L00M_R2_001.fastq.gz
113	:	1662473913.850	     0.024	0	86	0	0	map_wrapper ../data/pool12/348_GCGTTAGA-GTATGCTG_L00M_R1_001.fastq.gz ../data/pool12/348_GCGTTAGA-GTATGCTG_L00M_R2_001.fastq.gz
114	:	1662473913.866	     0.029	0	86	0	0	map_wrapper ../data/pool12/349_CAAGGTAC-GAGATACG_L00M_R1_001.fastq.gz ../data/pool12/349_CAAGGTAC-GAGATACG_L00M_R2_001.fastq.gz
115	:	1662473913.894	     0.023	0	86	0	0	map_wrapper ../data/pool12/350_AGACCTTG-GCACGTAA_L00M_R1_001.fastq.gz ../data/pool12/350_AGACCTTG-GCACGTAA_L00M_R2_001.fastq.gz
116	:	1662473913.911	     0.027	0	86	0	0	map_wrapper ../data/pool12/351_GTCGTTAC-GCTTAGCT_L00M_R1_001.fastq.gz ../data/pool12/351_GTCGTTAC-GCTTAGCT_L00M_R2_001.fastq.gz
117	:	1662473913.938	     0.023	0	86	0	0	map_wrapper ../data/pool12/352_GTAACCGA-GGTGTCTT_L00M_R1_001.fastq.gz ../data/pool12/352_GTAACCGA-GGTGTCTT_L00M_R2_001.fastq.gz
118	:	1662473913.956	     0.024	0	86	0	0	map_wrapper ../data/pool12/353_GAATCCGT-TGGAGTTG_L00M_R1_001.fastq.gz ../data/pool12/353_GAATCCGT-TGGAGTTG_L00M_R2_001.fastq.gz
119	:	1662473913.981	     0.023	0	86	0	0	map_wrapper ../data/pool12/354_CATGAGCA-GCAAGATC_L00M_R1_001.fastq.gz ../data/pool12/354_CATGAGCA-GCAAGATC_L00M_R2_001.fastq.gz
120	:	1662473913.997	     0.029	0	86	0	0	map_wrapper ../data/pool12/355_CTTAGGAC-CAGTGAAG_L00M_R1_001.fastq.gz ../data/pool12/355_CTTAGGAC-CAGTGAAG_L00M_R2_001.fastq.gz
121	:	1662473914.025	     0.023	0	86	0	0	map_wrapper ../data/pool12/356_ATCTGACC-AAGTCGAG_L00M_R1_001.fastq.gz ../data/pool12/356_ATCTGACC-AAGTCGAG_L00M_R2_001.fastq.gz
122	:	1662473914.041	     0.031	0	86	0	0	map_wrapper ../data/pool13/357_TCCTCATG-AGGTGTAC_L00M_R1_001.fastq.gz ../data/pool13/357_TCCTCATG-AGGTGTAC_L00M_R2_001.fastq.gz
123	:	1662473914.071	     0.023	0	86	0	0	map_wrapper ../data/pool13/358_AGGATAGC-AACCTTGG_L00M_R1_001.fastq.gz ../data/pool13/358_AGGATAGC-AACCTTGG_L00M_R2_001.fastq.gz
124	:	1662473914.088	     0.027	0	86	0	0	map_wrapper ../data/pool13/359_GGAGGAAT-AACCGTTC_L00M_R1_001.fastq.gz ../data/pool13/359_GGAGGAAT-AACCGTTC_L00M_R2_001.fastq.gz
125	:	1662473914.115	     0.035	0	86	0	0	map_wrapper ../data/pool13/360_GACGTCAT-TCAACTGG_L00M_R1_001.fastq.gz ../data/pool13/360_GACGTCAT-TCAACTGG_L00M_R2_001.fastq.gz
126	:	1662473914.141	     0.024	0	86	0	0	map_wrapper ../data/pool13/361_CCGCTTAA-ACGATGAC_L00M_R1_001.fastq.gz ../data/pool13/361_CCGCTTAA-ACGATGAC_L00M_R2_001.fastq.gz
127	:	1662473914.165	     0.019	0	86	0	0	map_wrapper ../data/pool13/362_GACGAACT-TCGCATTG_L00M_R1_001.fastq.gz ../data/pool13/362_GACGAACT-TCGCATTG_L00M_R2_001.fastq.gz
128	:	1662473914.177	     0.017	0	86	0	0	map_wrapper ../data/pool13/363_TCCACGTT-GTTCAACC_L00M_R1_001.fastq.gz ../data/pool13/363_TCCACGTT-GTTCAACC_L00M_R2_001.fastq.gz
129	:	1662473914.194	     0.025	0	86	0	0	map_wrapper ../data/pool13/364_AACCAGAG-AACCGAAG_L00M_R1_001.fastq.gz ../data/pool13/364_AACCAGAG-AACCGAAG_L00M_R2_001.fastq.gz
130	:	1662473914.210	     0.027	0	86	0	0	map_wrapper ../data/pool13/365_GTCAGTCA-TAATGCCG_L00M_R1_001.fastq.gz ../data/pool13/365_GTCAGTCA-TAATGCCG_L00M_R2_001.fastq.gz
131	:	1662473914.238	     0.025	0	86	0	0	map_wrapper ../data/pool13/366_CCTTCCAT-ATTGCGTG_L00M_R1_001.fastq.gz ../data/pool13/366_CCTTCCAT-ATTGCGTG_L00M_R2_001.fastq.gz
132	:	1662473914.254	     0.036	0	86	0	0	map_wrapper ../data/pool13/367_AGGAACAC-GACATTCC_L00M_R1_001.fastq.gz ../data/pool13/367_AGGAACAC-GACATTCC_L00M_R2_001.fastq.gz
133	:	1662473914.291	     0.022	0	86	0	0	map_wrapper ../data/pool13/368_CTTACAGC-CTTCACCA_L00M_R1_001.fastq.gz ../data/pool13/368_CTTACAGC-CTTCACCA_L00M_R2_001.fastq.gz
134	:	1662473914.305	     0.024	0	86	0	0	map_wrapper ../data/pool13/369_TACCTGCA-TGATGTCC_L00M_R1_001.fastq.gz ../data/pool13/369_TACCTGCA-TGATGTCC_L00M_R2_001.fastq.gz
135	:	1662473914.330	     0.024	0	86	0	0	map_wrapper ../data/pool13/370_AGACGCTA-TGTACACC_L00M_R1_001.fastq.gz ../data/pool13/370_AGACGCTA-TGTACACC_L00M_R2_001.fastq.gz
136	:	1662473914.346	     0.029	0	86	0	0	map_wrapper ../data/pool13/371_CAACACAG-TGGCTATC_L00M_R1_001.fastq.gz ../data/pool13/371_CAACACAG-TGGCTATC_L00M_R2_001.fastq.gz
137	:	1662473914.375	     0.023	0	86	0	0	map_wrapper ../data/pool13/372_GTACCACA-TGTTGTGG_L00M_R1_001.fastq.gz ../data/pool13/372_GTACCACA-TGTTGTGG_L00M_R2_001.fastq.gz
138	:	1662473914.391	     0.027	0	86	0	0	map_wrapper ../data/pool13/373_CGAATACG-GTCGGTAA_L00M_R1_001.fastq.gz ../data/pool13/373_CGAATACG-GTCGGTAA_L00M_R2_001.fastq.gz
139	:	1662473914.419	     0.025	0	86	0	0	map_wrapper ../data/pool13/374_GTCCTTGA-TCAGACGA_L00M_R1_001.fastq.gz ../data/pool13/374_GTCCTTGA-TCAGACGA_L00M_R2_001.fastq.gz
140	:	1662473914.435	     0.028	0	86	0	0	map_wrapper ../data/pool13/375_CAGTGCTT-ACCTGGAA_L00M_R1_001.fastq.gz ../data/pool13/375_CAGTGCTT-ACCTGGAA_L00M_R2_001.fastq.gz
141	:	1662473914.463	     0.024	0	86	0	0	map_wrapper ../data/pool13/376_TCCATTGC-AGACCGTA_L00M_R1_001.fastq.gz ../data/pool13/376_TCCATTGC-AGACCGTA_L00M_R2_001.fastq.gz
142	:	1662473914.479	     0.028	0	86	0	0	map_wrapper ../data/pool14/377_GTCGATTG-ACGGTCTT_L00M_R1_001.fastq.gz ../data/pool14/377_GTCGATTG-ACGGTCTT_L00M_R2_001.fastq.gz
143	:	1662473914.508	     0.024	0	86	0	0	map_wrapper ../data/pool14/378_ATAACGCC-TGAACCTG_L00M_R1_001.fastq.gz ../data/pool14/378_ATAACGCC-TGAACCTG_L00M_R2_001.fastq.gz
144	:	1662473914.525	     0.024	0	86	0	0	map_wrapper ../data/pool14/379_GCCTTAAC-AGCTCCTA_L00M_R1_001.fastq.gz ../data/pool14/379_GCCTTAAC-AGCTCCTA_L00M_R2_001.fastq.gz
145	:	1662473914.550	     0.029	0	86	0	0	map_wrapper ../data/pool14/381_GGTATAGG-CTGGAGTA_L00M_R1_001.fastq.gz ../data/pool14/381_GGTATAGG-CTGGAGTA_L00M_R2_001.fastq.gz
146	:	1662473914.572	     0.024	0	86	0	0	map_wrapper ../data/pool14/383_TCTAGGAG-AGGTCACT_L00M_R1_001.fastq.gz ../data/pool14/383_TCTAGGAG-AGGTCACT_L00M_R2_001.fastq.gz
147	:	1662473914.596	     0.025	0	86	0	0	map_wrapper ../data/pool14/384_TGCGTAAC-GATAGGCT_L00M_R1_001.fastq.gz ../data/pool14/384_TGCGTAAC-GATAGGCT_L00M_R2_001.fastq.gz
148	:	1662473914.613	     0.028	0	86	0	0	map_wrapper ../data/pool14/385_CTTGCTAG-GGAGATGA_L00M_R1_001.fastq.gz ../data/pool14/385_CTTGCTAG-GGAGATGA_L00M_R2_001.fastq.gz
149	:	1662473914.641	     0.019	0	86	0	0	map_wrapper ../data/pool14/386_AGCGAGAT-GATACTGG_L00M_R1_001.fastq.gz ../data/pool14/386_AGCGAGAT-GATACTGG_L00M_R2_001.fastq.gz
150	:	1662473914.659	     0.024	0	86	0	0	map_wrapper ../data/pool14/387_TATGGCAC-TCTCGCAA_L00M_R1_001.fastq.gz ../data/pool14/387_TATGGCAC-TCTCGCAA_L00M_R2_001.fastq.gz
151	:	1662473914.676	     0.024	0	86	0	0	map_wrapper ../data/pool14/388_GAATCACC-CTTCGTTC_L00M_R1_001.fastq.gz ../data/pool14/388_GAATCACC-CTTCGTTC_L00M_R2_001.fastq.gz
152	:	1662473914.700	     0.032	0	86	0	0	map_wrapper ../data/pool14/389_GTAAGGTG-GCAATTCG_L00M_R1_001.fastq.gz ../data/pool14/389_GTAAGGTG-GCAATTCG_L00M_R2_001.fastq.gz
153	:	1662473914.725	     0.027	0	86	0	0	map_wrapper ../data/pool14/390_CGAGAGAA-TCTCTTCC_L00M_R1_001.fastq.gz ../data/pool14/390_CGAGAGAA-TCTCTTCC_L00M_R2_001.fastq.gz
154	:	1662473914.752	     0.023	0	86	0	0	map_wrapper ../data/pool14/391_CGCAACTA-GAATCCGA_L00M_R1_001.fastq.gz ../data/pool14/391_CGCAACTA-GAATCCGA_L00M_R2_001.fastq.gz
155	:	1662473914.768	     0.029	0	86	0	0	map_wrapper ../data/pool14/392_CACAGACT-TGGTACAG_L00M_R1_001.fastq.gz ../data/pool14/392_CACAGACT-TGGTACAG_L00M_R2_001.fastq.gz
156	:	1662473914.796	     0.023	0	86	0	0	map_wrapper ../data/pool14/393_TGGAAGCA-GTACTCTC_L00M_R1_001.fastq.gz ../data/pool14/393_TGGAAGCA-GTACTCTC_L00M_R2_001.fastq.gz
157	:	1662473914.812	     0.026	0	86	0	0	map_wrapper ../data/pool14/394_CAATAGCC-TGCGTAGA_L00M_R1_001.fastq.gz ../data/pool14/394_CAATAGCC-TGCGTAGA_L00M_R2_001.fastq.gz
158	:	1662473914.838	     0.021	0	86	0	0	map_wrapper ../data/pool14/395_CTCGAACA-GGAATTGC_L00M_R1_001.fastq.gz ../data/pool14/395_CTCGAACA-GGAATTGC_L00M_R2_001.fastq.gz
159	:	1662473914.853	     0.028	0	86	0	0	map_wrapper ../data/pool14/396_GGCAAGTT-CTTCTGAG_L00M_R1_001.fastq.gz ../data/pool14/396_GGCAAGTT-CTTCTGAG_L00M_R2_001.fastq.gz
160	:	1662473914.880	     0.019	0	86	0	0	map_wrapper ../data/pool14/397_AGCTACCA-CTTAGGAC_L00M_R1_001.fastq.gz ../data/pool14/397_AGCTACCA-CTTAGGAC_L00M_R2_001.fastq.gz
162	:	1662473914.916	     0.013	0	86	0	0	map_wrapper ../data/pool15/200_TTACCGAC-CGTATTCG_L00M_R1_001.fastq.gz ../data/pool15/200_TTACCGAC-CGTATTCG_L00M_R2_001.fastq.gz
163	:	1662473914.962	     0.013	0	86	0	0	map_wrapper ../data/pool15/202_TCGTCTGA-TCAAGGAC_L00M_R1_001.fastq.gz ../data/pool15/202_TCGTCTGA-TCAAGGAC_L00M_R2_001.fastq.gz
164	:	1662473914.991	     0.014	0	86	0	0	map_wrapper ../data/pool15/399_CGTATCTC-GTACCTTG_L00M_R1_001.fastq.gz ../data/pool15/399_CGTATCTC-GTACCTTG_L00M_R2_001.fastq.gz
165	:	1662473915.032	     0.013	0	86	0	0	map_wrapper ../data/pool15/400_TTACGTGC-CAAGGTCT_L00M_R1_001.fastq.gz ../data/pool15/400_TTACGTGC-CAAGGTCT_L00M_R2_001.fastq.gz
166	:	1662473915.065	     0.013	0	86	0	0	map_wrapper ../data/pool15/401_AGCTAAGC-GTAACGAC_L00M_R1_001.fastq.gz ../data/pool15/401_AGCTAAGC-GTAACGAC_L00M_R2_001.fastq.gz
167	:	1662473915.099	     0.015	0	86	0	0	map_wrapper ../data/pool15/402_AAGACACC-TCGGTTAC_L00M_R1_001.fastq.gz ../data/pool15/402_AAGACACC-TCGGTTAC_L00M_R2_001.fastq.gz
168	:	1662473915.133	     0.014	0	86	0	0	map_wrapper ../data/pool15/403_CAACTCCA-ACGGATTC_L00M_R1_001.fastq.gz ../data/pool15/403_CAACTCCA-ACGGATTC_L00M_R2_001.fastq.gz
169	:	1662473915.167	     0.014	0	86	0	0	map_wrapper ../data/pool15/404_GATCTTGC-TGCTCATG_L00M_R1_001.fastq.gz ../data/pool15/404_GATCTTGC-TGCTCATG_L00M_R2_001.fastq.gz
170	:	1662473915.201	     0.015	0	86	0	0	map_wrapper ../data/pool15/405_CTTCACTG-GTCCTAAG_L00M_R1_001.fastq.gz ../data/pool15/405_CTTCACTG-GTCCTAAG_L00M_R2_001.fastq.gz
171	:	1662473915.236	     0.016	0	86	0	0	map_wrapper ../data/pool15/407_CTCGACTT-GGTCAGAT_L00M_R1_001.fastq.gz ../data/pool15/407_CTCGACTT-GGTCAGAT_L00M_R2_001.fastq.gz
172	:	1662473915.285	     0.013	0	86	0	0	map_wrapper ../data/pool15/408_GTACACCT-CATGAGGA_L00M_R1_001.fastq.gz ../data/pool15/408_GTACACCT-CATGAGGA_L00M_R2_001.fastq.gz
173	:	1662473915.320	     0.014	0	86	0	0	map_wrapper ../data/pool15/409_CCAAGGTT-GCTATCCT_L00M_R1_001.fastq.gz ../data/pool15/409_CCAAGGTT-GCTATCCT_L00M_R2_001.fastq.gz
174	:	1662473915.356	     0.013	0	86	0	0	map_wrapper ../data/pool15/410_GAACGGTT-ATTCCTCC_L00M_R1_001.fastq.gz ../data/pool15/410_GAACGGTT-ATTCCTCC_L00M_R2_001.fastq.gz
175	:	1662473915.392	     0.013	0	86	0	0	map_wrapper ../data/pool15/411_CCAGTTGA-ATGACGTC_L00M_R1_001.fastq.gz ../data/pool15/411_CCAGTTGA-ATGACGTC_L00M_R2_001.fastq.gz
176	:	1662473915.427	     0.016	0	86	0	0	map_wrapper ../data/pool15/412_GTCATCGT-TTAAGCGG_L00M_R1_001.fastq.gz ../data/pool15/412_GTCATCGT-TTAAGCGG_L00M_R2_001.fastq.gz
177	:	1662473915.542	     0.013	0	86	0	0	map_wrapper ../data/pool15/413_CAATGCGA-AGTTCGTC_L00M_R1_001.fastq.gz ../data/pool15/413_CAATGCGA-AGTTCGTC_L00M_R2_001.fastq.gz
178	:	1662473915.576	     0.013	0	86	0	0	map_wrapper ../data/pool15/414_GGTTGAAC-AACGTGGA_L00M_R1_001.fastq.gz ../data/pool15/414_GGTTGAAC-AACGTGGA_L00M_R2_001.fastq.gz
179	:	1662473915.609	     0.013	0	86	0	0	map_wrapper ../data/pool15/415_CTTCGGTT-CTCTGGTT_L00M_R1_001.fastq.gz ../data/pool15/415_CTTCGGTT-CTCTGGTT_L00M_R2_001.fastq.gz
180	:	1662473915.643	     0.014	0	86	0	0	map_wrapper ../data/pool15/416_CGGCATTA-TGACTGAC_L00M_R1_001.fastq.gz ../data/pool15/416_CGGCATTA-TGACTGAC_L00M_R2_001.fastq.gz
181	:	1662473915.676	     0.015	0	86	0	0	map_wrapper ../data/pool15/417_CACGCAAT-ATGGAAGG_L00M_R1_001.fastq.gz ../data/pool15/417_CACGCAAT-ATGGAAGG_L00M_R2_001.fastq.gz
182	:	1662473915.709	     0.013	0	86	0	0	map_wrapper ../data/pool16/287_TTCCAGGT-AAGCACTG_L00M_R1_001.fastq.gz ../data/pool16/287_TTCCAGGT-AAGCACTG_L00M_R2_001.fastq.gz
183	:	1662473915.744	     0.013	0	86	0	0	map_wrapper ../data/pool16/308_TACGGTCT-GCAATGGA_L00M_R1_001.fastq.gz ../data/pool16/308_TACGGTCT-GCAATGGA_L00M_R2_001.fastq.gz
