Seq	Host	Starttime	JobRuntime	Send	Receive	Exitval	Signal	Command
1	:	1662536526.798	     0.019	0	86	0	0	map_wrapper ../data/pool16/287_TTCCAGGT-AAGCACTG_L00M_R1_001.fastq.gz ../data/pool16/287_TTCCAGGT-AAGCACTG_L00M_R2_001.fastq.gz
2	:	1662536526.817	     0.047	0	86	0	0	map_wrapper ../data/pool16/308_TACGGTCT-GCAATGGA_L00M_R1_001.fastq.gz ../data/pool16/308_TACGGTCT-GCAATGGA_L00M_R2_001.fastq.gz
3	:	1662536526.863	     0.044	0	86	0	0	map_wrapper ../data/pool16/382_AAGACCGT-CAATCGAC_L00M_R1_001.fastq.gz ../data/pool16/382_AAGACCGT-CAATCGAC_L00M_R2_001.fastq.gz
4	:	1662536526.879	     0.029	0	86	0	0	map_wrapper ../data/pool16/406_CAGGTTCA-GGCGTTAT_L00M_R1_001.fastq.gz ../data/pool16/406_CAGGTTCA-GGCGTTAT_L00M_R2_001.fastq.gz
6	:	1662536526.935	     0.024	0	86	0	0	map_wrapper ../data/pool16/419_TACTCCAG-CCTATACC_L00M_R1_001.fastq.gz ../data/pool16/419_TACTCCAG-CCTATACC_L00M_R2_001.fastq.gz
8	:	1662536526.980	     0.023	0	86	0	0	map_wrapper ../data/pool16/421_AGCCTATC-GTTACGCA_L00M_R1_001.fastq.gz ../data/pool16/421_AGCCTATC-GTTACGCA_L00M_R2_001.fastq.gz
9	:	1662536527.031	 62629.016	0	25	0	0	map_wrapper ../data/pool16/422_TCATCTCC-CTAGCAAG_L00M_R1_001.fastq.gz ../data/pool16/422_TCATCTCC-CTAGCAAG_L00M_R2_001.fastq.gz
10	:	1662599156.265	     0.083	0	86	0	0	map_wrapper ../data/pool16/423_CCAGTATC-ATCTCGCT_L00M_R1_001.fastq.gz ../data/pool16/423_CCAGTATC-ATCTCGCT_L00M_R2_001.fastq.gz
11	:	1662599156.445	     0.083	0	86	0	0	map_wrapper ../data/pool16/424_TTGCGAGA-GTGCCATA_L00M_R1_001.fastq.gz ../data/pool16/424_TTGCGAGA-GTGCCATA_L00M_R2_001.fastq.gz
12	:	1662599156.594	     0.042	0	86	0	0	map_wrapper ../data/pool16/425_GAACGAAG-GGTGATTC_L00M_R1_001.fastq.gz ../data/pool16/425_GAACGAAG-GGTGATTC_L00M_R2_001.fastq.gz
13	:	1662599156.716	     0.027	0	86	0	0	map_wrapper ../data/pool16/426_CGAATTGC-CACCTTAC_L00M_R1_001.fastq.gz ../data/pool16/426_CGAATTGC-CACCTTAC_L00M_R2_001.fastq.gz
14	:	1662599156.786	     0.048	0	86	0	0	map_wrapper ../data/pool16/427_GGAAGAGA-TTCTCTCG_L00M_R1_001.fastq.gz ../data/pool16/427_GGAAGAGA-TTCTCTCG_L00M_R2_001.fastq.gz
15	:	1662599156.895	     0.026	0	86	0	0	map_wrapper ../data/pool16/428_TCGGATTC-TAGTTGCG_L00M_R1_001.fastq.gz ../data/pool16/428_TCGGATTC-TAGTTGCG_L00M_R2_001.fastq.gz
16	:	1662599157.033	     0.030	0	86	0	0	map_wrapper ../data/pool16/429_CTGTACCA-AGTCTGTG_L00M_R1_001.fastq.gz ../data/pool16/429_CTGTACCA-AGTCTGTG_L00M_R2_001.fastq.gz
17	:	1662599157.094	     0.036	0	86	0	0	map_wrapper ../data/pool16/430_GAGAGTAC-TGCTTCCA_L00M_R1_001.fastq.gz ../data/pool16/430_GAGAGTAC-TGCTTCCA_L00M_R2_001.fastq.gz
18	:	1662599157.171	     0.046	0	86	0	0	map_wrapper ../data/pool16/431_TCTACGCA-GGCTATTG_L00M_R1_001.fastq.gz ../data/pool16/431_TCTACGCA-GGCTATTG_L00M_R2_001.fastq.gz
19	:	1662599157.249	     0.023	0	86	0	0	map_wrapper ../data/pool16/432_GCAATTCC-TGTTCGAG_L00M_R1_001.fastq.gz ../data/pool16/432_GCAATTCC-TGTTCGAG_L00M_R2_001.fastq.gz
20	:	1662599157.314	     0.030	0	86	0	0	map_wrapper ../data/pool16/433_CTCAGAAG-AACTTGCC_L00M_R1_001.fastq.gz ../data/pool16/433_CTCAGAAG-AACTTGCC_L00M_R2_001.fastq.gz
5	:	1662536526.907	 64337.149	0	25	0	0	map_wrapper ../data/pool16/418_TAGGAGCT-GTTAAGGC_L00M_R1_001.fastq.gz ../data/pool16/418_TAGGAGCT-GTTAAGGC_L00M_R2_001.fastq.gz
7	:	1662536526.948	 68994.133	0	25	0	0	map_wrapper ../data/pool16/420_AGTGACCT-CTCCTAGA_L00M_R1_001.fastq.gz ../data/pool16/420_AGTGACCT-CTCCTAGA_L00M_R2_001.fastq.gz
