Seq	Host	Starttime	JobRuntime	Send	Receive	Exitval	Signal	Command
1	:	1662605523.227	     0.032	0	86	0	0	map_wrapper ../data/pool18/455_AGGAACAC-GACATTCC_L00M_R1_001.fastq.gz ../data/pool18/455_AGGAACAC-GACATTCC_L00M_R2_001.fastq.gz
2	:	1662605523.237	     0.025	0	86	0	0	map_wrapper ../data/pool18/456_CTTACAGC-CTTCACCA_L00M_R1_001.fastq.gz ../data/pool18/456_CTTACAGC-CTTCACCA_L00M_R2_001.fastq.gz
3	:	1662605523.258	     0.065	0	86	0	0	map_wrapper ../data/pool18/457_TACCTGCA-TGATGTCC_L00M_R1_001.fastq.gz ../data/pool18/457_TACCTGCA-TGATGTCC_L00M_R2_001.fastq.gz
4	:	1662605523.300	     0.087	0	86	0	0	map_wrapper ../data/pool18/458_AGACGCTA-TGTACACC_L00M_R1_001.fastq.gz ../data/pool18/458_AGACGCTA-TGTACACC_L00M_R2_001.fastq.gz
5	:	1662605523.324	     0.064	0	86	0	0	map_wrapper ../data/pool18/459_CAACACAG-TGGCTATC_L00M_R1_001.fastq.gz ../data/pool18/459_CAACACAG-TGGCTATC_L00M_R2_001.fastq.gz
6	:	1662605523.386	     0.054	0	86	0	0	map_wrapper ../data/pool18/460_GTACCACA-TGTTGTGG_L00M_R1_001.fastq.gz ../data/pool18/460_GTACCACA-TGTTGTGG_L00M_R2_001.fastq.gz
7	:	1662605523.425	     0.036	0	86	0	0	map_wrapper ../data/pool18/461_CGAATACG-GTCGGTAA_L00M_R1_001.fastq.gz ../data/pool18/461_CGAATACG-GTCGGTAA_L00M_R2_001.fastq.gz
8	:	1662605523.440	     0.047	0	86	0	0	map_wrapper ../data/pool18/462_GTCCTTGA-TCAGACGA_L00M_R1_001.fastq.gz ../data/pool18/462_GTCCTTGA-TCAGACGA_L00M_R2_001.fastq.gz
9	:	1662605523.459	     0.029	0	86	0	0	map_wrapper ../data/pool18/463_CAGTGCTT-ACCTGGAA_L00M_R1_001.fastq.gz ../data/pool18/463_CAGTGCTT-ACCTGGAA_L00M_R2_001.fastq.gz
10	:	1662605523.487	     0.033	0	86	0	0	map_wrapper ../data/pool18/467_TCCATTGC-AGACCGTA_L00M_R1_001.fastq.gz ../data/pool18/467_TCCATTGC-AGACCGTA_L00M_R2_001.fastq.gz
11	:	1662605523.520	     0.041	0	86	0	0	map_wrapper ../data/pool18/469_GTCGATTG-ACGGTCTT_L00M_R1_001.fastq.gz ../data/pool18/469_GTCGATTG-ACGGTCTT_L00M_R2_001.fastq.gz
12	:	1662605523.541	     0.048	0	86	0	0	map_wrapper ../data/pool18/470_ATAACGCC-TGAACCTG_L00M_R1_001.fastq.gz ../data/pool18/470_ATAACGCC-TGAACCTG_L00M_R2_001.fastq.gz
13	:	1662605523.561	     0.048	0	86	0	0	map_wrapper ../data/pool18/471_GCCTTAAC-AGCTCCTA_L00M_R1_001.fastq.gz ../data/pool18/471_GCCTTAAC-AGCTCCTA_L00M_R2_001.fastq.gz
14	:	1662605523.588	     0.049	0	86	0	0	map_wrapper ../data/pool18/472_GGTATAGG-CTGGAGTA_L00M_R1_001.fastq.gz ../data/pool18/472_GGTATAGG-CTGGAGTA_L00M_R2_001.fastq.gz
15	:	1662605523.609	     0.055	0	86	0	0	map_wrapper ../data/pool18/473_TCTAGGAG-AGGTCACT_L00M_R1_001.fastq.gz ../data/pool18/473_TCTAGGAG-AGGTCACT_L00M_R2_001.fastq.gz
16	:	1662605523.637	     0.054	0	86	0	0	map_wrapper ../data/pool18/474_TGCGTAAC-GATAGGCT_L00M_R1_001.fastq.gz ../data/pool18/474_TGCGTAAC-GATAGGCT_L00M_R2_001.fastq.gz
17	:	1662605523.663	     0.057	0	86	0	0	map_wrapper ../data/pool18/475_CTTGCTAG-GGAGATGA_L00M_R1_001.fastq.gz ../data/pool18/475_CTTGCTAG-GGAGATGA_L00M_R2_001.fastq.gz
18	:	1662605523.692	     0.048	0	86	0	0	map_wrapper ../data/pool18/476_AGCGAGAT-GATACTGG_L00M_R1_001.fastq.gz ../data/pool18/476_AGCGAGAT-GATACTGG_L00M_R2_001.fastq.gz
19	:	1662605523.721	     0.029	0	86	0	0	map_wrapper ../data/pool18/477_TATGGCAC-TCTCGCAA_L00M_R1_001.fastq.gz ../data/pool18/477_TATGGCAC-TCTCGCAA_L00M_R2_001.fastq.gz
20	:	1662605523.740	     0.035	0	86	0	0	map_wrapper ../data/pool18/478_GAATCACC-CTTCGTTC_L00M_R1_001.fastq.gz ../data/pool18/478_GAATCACC-CTTCGTTC_L00M_R2_001.fastq.gz
