Seq	Host	Starttime	JobRuntime	Send	Receive	Exitval	Signal	Command
1	:	1662536525.751	     0.000	0	86	0	0	map_wrapper ../data/pool15/200_TTACCGAC-CGTATTCG_L00M_R1_001.fastq.gz ../data/pool15/200_TTACCGAC-CGTATTCG_L00M_R2_001.fastq.gz
2	:	1662536525.828	     0.036	0	86	0	0	map_wrapper ../data/pool15/202_TCGTCTGA-TCAAGGAC_L00M_R1_001.fastq.gz ../data/pool15/202_TCGTCTGA-TCAAGGAC_L00M_R2_001.fastq.gz
3	:	1662536525.843	     0.023	0	86	0	0	map_wrapper ../data/pool15/399_CGTATCTC-GTACCTTG_L00M_R1_001.fastq.gz ../data/pool15/399_CGTATCTC-GTACCTTG_L00M_R2_001.fastq.gz
4	:	1662536525.864	     0.041	0	86	0	0	map_wrapper ../data/pool15/400_TTACGTGC-CAAGGTCT_L00M_R1_001.fastq.gz ../data/pool15/400_TTACGTGC-CAAGGTCT_L00M_R2_001.fastq.gz
5	:	1662536525.894	     0.036	0	86	0	0	map_wrapper ../data/pool15/401_AGCTAAGC-GTAACGAC_L00M_R1_001.fastq.gz ../data/pool15/401_AGCTAAGC-GTAACGAC_L00M_R2_001.fastq.gz
6	:	1662536525.906	     0.046	0	86	0	0	map_wrapper ../data/pool15/402_AAGACACC-TCGGTTAC_L00M_R1_001.fastq.gz ../data/pool15/402_AAGACACC-TCGGTTAC_L00M_R2_001.fastq.gz
7	:	1662536525.931	     0.022	0	86	0	0	map_wrapper ../data/pool15/403_CAACTCCA-ACGGATTC_L00M_R1_001.fastq.gz ../data/pool15/403_CAACTCCA-ACGGATTC_L00M_R2_001.fastq.gz
8	:	1662536525.951	     0.035	0	86	0	0	map_wrapper ../data/pool15/404_GATCTTGC-TGCTCATG_L00M_R1_001.fastq.gz ../data/pool15/404_GATCTTGC-TGCTCATG_L00M_R2_001.fastq.gz
9	:	1662536525.986	     0.037	0	86	0	0	map_wrapper ../data/pool15/405_CTTCACTG-GTCCTAAG_L00M_R1_001.fastq.gz ../data/pool15/405_CTTCACTG-GTCCTAAG_L00M_R2_001.fastq.gz
10	:	1662536526.010	     0.053	0	86	0	0	map_wrapper ../data/pool15/407_CTCGACTT-GGTCAGAT_L00M_R1_001.fastq.gz ../data/pool15/407_CTCGACTT-GGTCAGAT_L00M_R2_001.fastq.gz
11	:	1662536526.024	     0.061	0	86	0	0	map_wrapper ../data/pool15/408_GTACACCT-CATGAGGA_L00M_R1_001.fastq.gz ../data/pool15/408_GTACACCT-CATGAGGA_L00M_R2_001.fastq.gz
12	:	1662536526.063	     0.042	0	86	0	0	map_wrapper ../data/pool15/409_CCAAGGTT-GCTATCCT_L00M_R1_001.fastq.gz ../data/pool15/409_CCAAGGTT-GCTATCCT_L00M_R2_001.fastq.gz
13	:	1662536526.085	     0.037	0	86	0	0	map_wrapper ../data/pool15/410_GAACGGTT-ATTCCTCC_L00M_R1_001.fastq.gz ../data/pool15/410_GAACGGTT-ATTCCTCC_L00M_R2_001.fastq.gz
14	:	1662536526.105	     0.037	0	86	0	0	map_wrapper ../data/pool15/411_CCAGTTGA-ATGACGTC_L00M_R1_001.fastq.gz ../data/pool15/411_CCAGTTGA-ATGACGTC_L00M_R2_001.fastq.gz
15	:	1662536526.123	     0.048	0	86	0	0	map_wrapper ../data/pool15/412_GTCATCGT-TTAAGCGG_L00M_R1_001.fastq.gz ../data/pool15/412_GTCATCGT-TTAAGCGG_L00M_R2_001.fastq.gz
16	:	1662536526.142	     0.031	0	86	0	0	map_wrapper ../data/pool15/413_CAATGCGA-AGTTCGTC_L00M_R1_001.fastq.gz ../data/pool15/413_CAATGCGA-AGTTCGTC_L00M_R2_001.fastq.gz
17	:	1662536526.171	     0.045	0	86	0	0	map_wrapper ../data/pool15/414_GGTTGAAC-AACGTGGA_L00M_R1_001.fastq.gz ../data/pool15/414_GGTTGAAC-AACGTGGA_L00M_R2_001.fastq.gz
18	:	1662536526.216	     0.032	0	86	0	0	map_wrapper ../data/pool15/415_CTTCGGTT-CTCTGGTT_L00M_R1_001.fastq.gz ../data/pool15/415_CTTCGGTT-CTCTGGTT_L00M_R2_001.fastq.gz
19	:	1662536526.249	     0.029	0	86	0	0	map_wrapper ../data/pool15/416_CGGCATTA-TGACTGAC_L00M_R1_001.fastq.gz ../data/pool15/416_CGGCATTA-TGACTGAC_L00M_R2_001.fastq.gz
20	:	1662536526.269	     0.023	0	86	0	0	map_wrapper ../data/pool15/417_CACGCAAT-ATGGAAGG_L00M_R1_001.fastq.gz ../data/pool15/417_CACGCAAT-ATGGAAGG_L00M_R2_001.fastq.gz
