Seq	Host	Starttime	JobRuntime	Send	Receive	Exitval	Signal	Command
1	:	1662605521.988	     0.016	0	86	0	0	map_wrapper ../data/pool17/434_GTCCTAAG-TGGTAGCT_L00M_R1_001.fastq.gz ../data/pool17/434_GTCCTAAG-TGGTAGCT_L00M_R2_001.fastq.gz
2	:	1662605522.003	     0.058	0	86	0	0	map_wrapper ../data/pool17/435_GCGTTAGA-GTATGCTG_L00M_R1_001.fastq.gz ../data/pool17/435_GCGTTAGA-GTATGCTG_L00M_R2_001.fastq.gz
3	:	1662605522.060	     0.049	0	86	0	0	map_wrapper ../data/pool17/436_CAAGGTAC-GAGATACG_L00M_R1_001.fastq.gz ../data/pool17/436_CAAGGTAC-GAGATACG_L00M_R2_001.fastq.gz
4	:	1662605522.080	     0.032	0	86	0	0	map_wrapper ../data/pool17/437_AGACCTTG-GCACGTAA_L00M_R1_001.fastq.gz ../data/pool17/437_AGACCTTG-GCACGTAA_L00M_R2_001.fastq.gz
5	:	1662605522.109	     0.055	0	86	0	0	map_wrapper ../data/pool17/438_GTCGTTAC-GCTTAGCT_L00M_R1_001.fastq.gz ../data/pool17/438_GTCGTTAC-GCTTAGCT_L00M_R2_001.fastq.gz
6	:	1662605522.139	     0.028	0	86	0	0	map_wrapper ../data/pool17/439_GTAACCGA-GGTGTCTT_L00M_R1_001.fastq.gz ../data/pool17/439_GTAACCGA-GGTGTCTT_L00M_R2_001.fastq.gz
7	:	1662605522.165	     0.049	0	86	0	0	map_wrapper ../data/pool17/440_GAATCCGT-TGGAGTTG_L00M_R1_001.fastq.gz ../data/pool17/440_GAATCCGT-TGGAGTTG_L00M_R2_001.fastq.gz
8	:	1662605522.199	     0.064	0	86	0	0	map_wrapper ../data/pool17/441_CATGAGCA-GCAAGATC_L00M_R1_001.fastq.gz ../data/pool17/441_CATGAGCA-GCAAGATC_L00M_R2_001.fastq.gz
9	:	1662605522.213	     0.083	0	86	0	0	map_wrapper ../data/pool17/442_CTTAGGAC-CAGTGAAG_L00M_R1_001.fastq.gz ../data/pool17/442_CTTAGGAC-CAGTGAAG_L00M_R2_001.fastq.gz
10	:	1662605522.262	     0.065	0	86	0	0	map_wrapper ../data/pool17/443_ATCTGACC-AAGTCGAG_L00M_R1_001.fastq.gz ../data/pool17/443_ATCTGACC-AAGTCGAG_L00M_R2_001.fastq.gz
11	:	1662605522.297	     0.055	0	86	0	0	map_wrapper ../data/pool17/444_TCCTCATG-AGGTGTAC_L00M_R1_001.fastq.gz ../data/pool17/444_TCCTCATG-AGGTGTAC_L00M_R2_001.fastq.gz
12	:	1662605522.327	     0.155	0	86	0	0	map_wrapper ../data/pool17/445_AGGATAGC-AACCTTGG_L00M_R1_001.fastq.gz ../data/pool17/445_AGGATAGC-AACCTTGG_L00M_R2_001.fastq.gz
13	:	1662605522.352	     0.132	0	86	0	0	map_wrapper ../data/pool17/446_GGAGGAAT-AACCGTTC_L00M_R1_001.fastq.gz ../data/pool17/446_GGAGGAAT-AACCGTTC_L00M_R2_001.fastq.gz
14	:	1662605522.482	     0.049	0	86	0	0	map_wrapper ../data/pool17/447_GACGTCAT-TCAACTGG_L00M_R1_001.fastq.gz ../data/pool17/447_GACGTCAT-TCAACTGG_L00M_R2_001.fastq.gz
15	:	1662605522.510	     0.023	0	86	0	0	map_wrapper ../data/pool17/448_CCGCTTAA-ACGATGAC_L00M_R1_001.fastq.gz ../data/pool17/448_CCGCTTAA-ACGATGAC_L00M_R2_001.fastq.gz
16	:	1662605522.531	     0.040	0	86	0	0	map_wrapper ../data/pool17/449_GACGAACT-TCGCATTG_L00M_R1_001.fastq.gz ../data/pool17/449_GACGAACT-TCGCATTG_L00M_R2_001.fastq.gz
17	:	1662605522.550	     0.023	0	86	0	0	map_wrapper ../data/pool17/451_TCCACGTT-GTTCAACC_L00M_R1_001.fastq.gz ../data/pool17/451_TCCACGTT-GTTCAACC_L00M_R2_001.fastq.gz
18	:	1662605522.570	     0.039	0	86	0	0	map_wrapper ../data/pool17/452_AACCAGAG-AACCGAAG_L00M_R1_001.fastq.gz ../data/pool17/452_AACCAGAG-AACCGAAG_L00M_R2_001.fastq.gz
19	:	1662605522.596	     0.023	0	86	0	0	map_wrapper ../data/pool17/453_GTCAGTCA-TAATGCCG_L00M_R1_001.fastq.gz ../data/pool17/453_GTCAGTCA-TAATGCCG_L00M_R2_001.fastq.gz
20	:	1662605522.609	     0.042	0	86	0	0	map_wrapper ../data/pool17/454_CCTTCCAT-ATTGCGTG_L00M_R1_001.fastq.gz ../data/pool17/454_CCTTCCAT-ATTGCGTG_L00M_R2_001.fastq.gz
