Seq	Host	Starttime	JobRuntime	Send	Receive	Exitval	Signal	Command
4	:	1662646070.981	     0.012	0	73	0	0	sort_wrapper ../data/pool04/164.unsorted.sam
5	:	1662646070.987	     0.025	0	73	0	0	sort_wrapper ../data/pool04/165.unsorted.sam
6	:	1662646070.993	     0.019	0	73	0	0	sort_wrapper ../data/pool04/166.unsorted.sam
7	:	1662646071.012	     0.046	0	73	0	0	sort_wrapper ../data/pool04/167.unsorted.sam
8	:	1662646071.059	     0.055	0	73	0	0	sort_wrapper ../data/pool04/168.unsorted.sam
9	:	1662646071.108	     0.060	0	73	0	0	sort_wrapper ../data/pool04/169.unsorted.sam
10	:	1662646071.114	     0.055	0	73	0	0	sort_wrapper ../data/pool04/170.unsorted.sam
11	:	1662646071.169	     0.071	0	73	0	0	sort_wrapper ../data/pool04/172.unsorted.sam
12	:	1662646071.240	     0.085	0	73	0	0	sort_wrapper ../data/pool04/173.unsorted.sam
13	:	1662646071.317	     0.167	0	73	0	0	sort_wrapper ../data/pool04/174.unsorted.sam
14	:	1662646071.323	     0.161	0	73	0	0	sort_wrapper ../data/pool04/175.unsorted.sam
15	:	1662646071.484	     0.131	0	73	0	0	sort_wrapper ../data/pool04/176.unsorted.sam
16	:	1662646071.603	     0.153	0	73	0	0	sort_wrapper ../data/pool05/185.unsorted.sam
17	:	1662646071.610	     0.147	0	73	0	0	sort_wrapper ../data/pool05/186.unsorted.sam
18	:	1662646071.756	     0.121	0	73	0	0	sort_wrapper ../data/pool05/188.unsorted.sam
19	:	1662646071.849	     0.085	0	73	0	0	sort_wrapper ../data/pool05/216.unsorted.sam
20	:	1662646071.859	     0.077	0	73	0	0	sort_wrapper ../data/pool05/217.unsorted.sam
21	:	1662646071.935	     0.059	0	73	0	0	sort_wrapper ../data/pool05/218.unsorted.sam
22	:	1662646071.994	     0.100	0	73	0	0	sort_wrapper ../data/pool05/229.unsorted.sam
23	:	1662646072.093	     0.045	0	73	0	0	sort_wrapper ../data/pool05/230.unsorted.sam
24	:	1662646072.137	     0.059	0	73	0	0	sort_wrapper ../data/pool05/231.unsorted.sam
25	:	1662646072.184	     0.052	0	73	0	0	sort_wrapper ../data/pool05/236.unsorted.sam
26	:	1662646072.195	     0.042	0	73	0	0	sort_wrapper ../data/pool05/252.unsorted.sam
27	:	1662646072.236	     0.032	0	73	0	0	sort_wrapper ../data/pool05/255.unsorted.sam
28	:	1662646072.269	     0.049	0	73	0	0	sort_wrapper ../data/pool05/301.unsorted.sam
30	:	1662646072.346	     0.036	0	73	0	0	sort_wrapper ../data/pool05/380.unsorted.sam
31	:	1662646072.354	     0.028	0	73	0	0	sort_wrapper ../data/pool05/450.unsorted.sam
32	:	1662646072.425	     0.016	0	73	0	0	sort_wrapper ../data/pool05/464.unsorted.sam
33	:	1662646072.435	     0.049	0	73	0	0	sort_wrapper ../data/pool05/466.unsorted.sam
34	:	1662646072.484	     0.130	0	73	0	0	sort_wrapper ../data/pool05/468.unsorted.sam
35	:	1662646072.613	     0.050	0	73	0	0	sort_wrapper ../data/pool07/245.unsorted.sam
36	:	1662646072.652	     0.054	0	73	0	0	sort_wrapper ../data/pool08/210.unsorted.sam
38	:	1662646072.764	     0.058	0	86	0	0	sort_wrapper ../data/pool08/254.unsorted.sam
39	:	1662646072.879	     0.034	0	73	0	0	sort_wrapper ../data/pool08/256.unsorted.sam
40	:	1662646072.966	     0.043	0	73	0	0	sort_wrapper ../data/pool08/257.unsorted.sam
41	:	1662646073.084	     0.098	0	86	0	0	sort_wrapper ../data/pool08/258.unsorted.sam
42	:	1662646073.228	     0.062	0	73	0	0	sort_wrapper ../data/pool08/259.unsorted.sam
43	:	1662646073.331	 17421.915	0	50	0	0	sort_wrapper ../data/pool08/263.unsorted.sam
3	:	1662646070.976	 17984.399	0	50	0	0	sort_wrapper ../data/pool03/160.unsorted.sam
2	:	1662646070.969	 18173.919	0	50	0	0	sort_wrapper ../data/pool03/150.unsorted.sam
46	:	1662664244.940	     0.027	0	73	0	0	sort_wrapper ../data/pool11/316.unsorted.sam
47	:	1662664244.993	     0.019	0	73	0	0	sort_wrapper ../data/pool11/317.unsorted.sam
48	:	1662664245.038	     0.015	0	73	0	0	sort_wrapper ../data/pool11/318.unsorted.sam
49	:	1662664245.120	     0.019	0	73	0	0	sort_wrapper ../data/pool11/319.unsorted.sam
50	:	1662664245.179	     0.019	0	73	0	0	sort_wrapper ../data/pool11/320.unsorted.sam
51	:	1662664245.226	     0.016	0	73	0	0	sort_wrapper ../data/pool11/321.unsorted.sam
52	:	1662664245.295	     0.017	0	73	0	0	sort_wrapper ../data/pool11/322.unsorted.sam
53	:	1662664245.344	     0.026	0	73	0	0	sort_wrapper ../data/pool11/323.unsorted.sam
54	:	1662664245.400	     0.023	0	73	0	0	sort_wrapper ../data/pool11/324.unsorted.sam
55	:	1662664245.445	     0.018	0	73	0	0	sort_wrapper ../data/pool11/325.unsorted.sam
56	:	1662664245.496	     0.032	0	73	0	0	sort_wrapper ../data/pool11/326.unsorted.sam
57	:	1662664245.550	     0.026	0	86	0	0	sort_wrapper ../data/pool11/327.unsorted.sam
58	:	1662664245.593	     0.032	0	73	0	0	sort_wrapper ../data/pool11/328.unsorted.sam
59	:	1662664245.656	     0.017	0	73	0	0	sort_wrapper ../data/pool11/329.unsorted.sam
60	:	1662664245.736	     0.050	0	73	0	0	sort_wrapper ../data/pool11/330.unsorted.sam
61	:	1662664245.830	     0.016	0	73	0	0	sort_wrapper ../data/pool11/331.unsorted.sam
62	:	1662664245.868	     0.032	0	73	0	0	sort_wrapper ../data/pool11/332.unsorted.sam
63	:	1662664245.939	     0.040	0	73	0	0	sort_wrapper ../data/pool11/333.unsorted.sam
64	:	1662664246.004	     0.025	0	73	0	0	sort_wrapper ../data/pool11/335.unsorted.sam
65	:	1662664246.053	     0.022	0	73	0	0	sort_wrapper ../data/pool11/336.unsorted.sam
66	:	1662664246.097	     0.048	0	73	0	0	sort_wrapper ../data/pool12/337.unsorted.sam
37	:	1662646072.706	 18455.255	0	50	0	0	sort_wrapper ../data/pool08/253.unsorted.sam
68	:	1662664528.061	     0.046	0	86	0	0	sort_wrapper ../data/pool12/339.unsorted.sam
69	:	1662664528.134	     0.026	0	73	0	0	sort_wrapper ../data/pool12/340.unsorted.sam
70	:	1662664528.189	     0.021	0	73	0	0	sort_wrapper ../data/pool12/341.unsorted.sam
71	:	1662664528.235	     0.035	0	86	0	0	sort_wrapper ../data/pool12/342.unsorted.sam
72	:	1662664528.309	     0.026	0	86	0	0	sort_wrapper ../data/pool12/343.unsorted.sam
73	:	1662664528.366	     0.028	0	73	0	0	sort_wrapper ../data/pool12/344.unsorted.sam
74	:	1662664528.450	     0.020	0	73	0	0	sort_wrapper ../data/pool12/345.unsorted.sam
75	:	1662664528.545	     0.026	0	73	0	0	sort_wrapper ../data/pool12/346.unsorted.sam
76	:	1662664528.634	     0.053	0	73	0	0	sort_wrapper ../data/pool12/347.unsorted.sam
77	:	1662664528.757	     0.117	0	73	0	0	sort_wrapper ../data/pool12/348.unsorted.sam
78	:	1662664528.950	     0.024	0	73	0	0	sort_wrapper ../data/pool12/349.unsorted.sam
79	:	1662664529.040	     0.016	0	73	0	0	sort_wrapper ../data/pool12/350.unsorted.sam
80	:	1662664529.124	     0.041	0	73	0	0	sort_wrapper ../data/pool12/351.unsorted.sam
81	:	1662664529.271	     0.027	0	73	0	0	sort_wrapper ../data/pool12/352.unsorted.sam
82	:	1662664529.367	     0.016	0	73	0	0	sort_wrapper ../data/pool12/353.unsorted.sam
83	:	1662664529.475	     0.017	0	86	0	0	sort_wrapper ../data/pool12/354.unsorted.sam
84	:	1662664529.516	     0.013	0	73	0	0	sort_wrapper ../data/pool12/355.unsorted.sam
85	:	1662664529.549	     0.019	0	86	0	0	sort_wrapper ../data/pool12/356.unsorted.sam
86	:	1662664529.594	     0.046	0	73	0	0	sort_wrapper ../data/pool13/357.unsorted.sam
87	:	1662664529.679	     0.039	0	73	0	0	sort_wrapper ../data/pool13/358.unsorted.sam
88	:	1662664529.779	     0.063	0	73	0	0	sort_wrapper ../data/pool13/359.unsorted.sam
89	:	1662664529.897	     0.033	0	73	0	0	sort_wrapper ../data/pool13/360.unsorted.sam
90	:	1662664529.957	     0.013	0	73	0	0	sort_wrapper ../data/pool13/361.unsorted.sam
91	:	1662664530.035	     0.051	0	73	0	0	sort_wrapper ../data/pool13/362.unsorted.sam
92	:	1662664530.114	     0.028	0	73	0	0	sort_wrapper ../data/pool13/363.unsorted.sam
93	:	1662664530.168	     0.025	0	73	0	0	sort_wrapper ../data/pool13/364.unsorted.sam
94	:	1662664530.227	     0.023	0	73	0	0	sort_wrapper ../data/pool13/365.unsorted.sam
95	:	1662664530.314	     0.041	0	73	0	0	sort_wrapper ../data/pool13/366.unsorted.sam
96	:	1662664530.396	     0.035	0	73	0	0	sort_wrapper ../data/pool13/367.unsorted.sam
97	:	1662664530.458	     0.035	0	73	0	0	sort_wrapper ../data/pool13/368.unsorted.sam
98	:	1662664530.530	     0.018	0	73	0	0	sort_wrapper ../data/pool13/369.unsorted.sam
99	:	1662664530.607	     0.021	0	73	0	0	sort_wrapper ../data/pool13/370.unsorted.sam
100	:	1662664530.658	     0.032	0	73	0	0	sort_wrapper ../data/pool13/371.unsorted.sam
101	:	1662664530.724	     0.043	0	73	0	0	sort_wrapper ../data/pool13/372.unsorted.sam
102	:	1662664530.805	     0.049	0	73	0	0	sort_wrapper ../data/pool13/373.unsorted.sam
103	:	1662664530.884	     0.027	0	73	0	0	sort_wrapper ../data/pool13/374.unsorted.sam
104	:	1662664530.953	     0.122	0	73	0	0	sort_wrapper ../data/pool13/375.unsorted.sam
105	:	1662664531.105	     0.019	0	73	0	0	sort_wrapper ../data/pool13/376.unsorted.sam
106	:	1662664531.156	     0.038	0	73	0	0	sort_wrapper ../data/pool14/377.unsorted.sam
107	:	1662664531.270	     0.018	0	73	0	0	sort_wrapper ../data/pool14/378.unsorted.sam
108	:	1662664531.320	     0.064	0	73	0	0	sort_wrapper ../data/pool14/379.unsorted.sam
109	:	1662664531.417	     0.039	0	73	0	0	sort_wrapper ../data/pool14/381.unsorted.sam
110	:	1662664531.514	     0.034	0	73	0	0	sort_wrapper ../data/pool14/383.unsorted.sam
111	:	1662664531.589	     0.028	0	73	0	0	sort_wrapper ../data/pool14/384.unsorted.sam
112	:	1662664531.641	     0.059	0	73	0	0	sort_wrapper ../data/pool14/385.unsorted.sam
113	:	1662664531.727	     0.026	0	73	0	0	sort_wrapper ../data/pool14/386.unsorted.sam
114	:	1662664531.801	     0.024	0	73	0	0	sort_wrapper ../data/pool14/387.unsorted.sam
115	:	1662664531.985	     0.021	0	73	0	0	sort_wrapper ../data/pool14/388.unsorted.sam
116	:	1662664532.054	     0.016	0	73	0	0	sort_wrapper ../data/pool14/389.unsorted.sam
117	:	1662664532.109	     0.015	0	73	0	0	sort_wrapper ../data/pool14/390.unsorted.sam
118	:	1662664532.164	     0.020	0	73	0	0	sort_wrapper ../data/pool14/391.unsorted.sam
119	:	1662664532.250	     0.016	0	73	0	0	sort_wrapper ../data/pool14/392.unsorted.sam
120	:	1662664532.304	     0.032	0	73	0	0	sort_wrapper ../data/pool14/393.unsorted.sam
1	:	1662646070.963	 18980.447	0	50	0	0	sort_wrapper ../data/pool03/149.unsorted.sam
29	:	1662646072.318	 20688.588	0	50	0	0	sort_wrapper ../data/pool05/334.unsorted.sam
123	:	1662666761.067	     0.088	0	73	0	0	sort_wrapper ../data/pool15/200.unsorted.sam
124	:	1662666761.240	     0.039	0	73	0	0	sort_wrapper ../data/pool15/202.unsorted.sam
125	:	1662666761.308	     0.026	0	73	0	0	sort_wrapper ../data/pool15/399.unsorted.sam
126	:	1662666761.403	     0.028	0	73	0	0	sort_wrapper ../data/pool15/400.unsorted.sam
127	:	1662666761.482	     0.043	0	73	0	0	sort_wrapper ../data/pool15/401.unsorted.sam
128	:	1662666761.628	     0.141	0	73	0	0	sort_wrapper ../data/pool15/402.unsorted.sam
129	:	1662666761.889	     0.038	0	73	0	0	sort_wrapper ../data/pool15/403.unsorted.sam
130	:	1662666762.058	     0.029	0	73	0	0	sort_wrapper ../data/pool15/404.unsorted.sam
131	:	1662666762.184	     0.026	0	73	0	0	sort_wrapper ../data/pool15/405.unsorted.sam
132	:	1662666762.251	     0.093	0	73	0	0	sort_wrapper ../data/pool15/407.unsorted.sam
133	:	1662666762.379	     0.047	0	86	0	0	sort_wrapper ../data/pool15/408.unsorted.sam
134	:	1662666762.475	     0.036	0	73	0	0	sort_wrapper ../data/pool15/409.unsorted.sam
135	:	1662666762.551	     0.029	0	73	0	0	sort_wrapper ../data/pool15/410.unsorted.sam
136	:	1662666762.626	     0.072	0	86	0	0	sort_wrapper ../data/pool15/411.unsorted.sam
137	:	1662666762.841	     0.067	0	86	0	0	sort_wrapper ../data/pool15/412.unsorted.sam
138	:	1662666762.990	     0.039	0	73	0	0	sort_wrapper ../data/pool15/413.unsorted.sam
139	:	1662666763.093	     0.037	0	73	0	0	sort_wrapper ../data/pool15/414.unsorted.sam
140	:	1662666763.183	     0.057	0	86	0	0	sort_wrapper ../data/pool15/415.unsorted.sam
141	:	1662666763.331	     0.029	0	73	0	0	sort_wrapper ../data/pool15/416.unsorted.sam
142	:	1662666763.399	     0.065	0	86	0	0	sort_wrapper ../data/pool15/417.unsorted.sam
143	:	1662666763.504	     0.088	0	73	0	0	sort_wrapper ../data/pool16/287.unsorted.sam
144	:	1662666763.656	     0.058	0	73	0	0	sort_wrapper ../data/pool16/308.unsorted.sam
67	:	1662664246.165	  9073.000	0	50	1	0	sort_wrapper ../data/pool12/338.unsorted.sam
44	:	1662663495.329	 16953.875	0	50	0	0	sort_wrapper ../data/pool08/265.unsorted.sam
121	:	1662664532.391	 15930.612	0	50	0	0	sort_wrapper ../data/pool14/394.unsorted.sam
148	:	1662680463.041	     0.019	0	73	0	0	sort_wrapper ../data/pool16/419.unsorted.sam
45	:	1662664055.448	 16584.697	0	50	0	0	sort_wrapper ../data/pool08/268.unsorted.sam
150	:	1662680640.249	     0.023	0	73	0	0	sort_wrapper ../data/pool16/421.unsorted.sam
122	:	1662665051.580	 17416.978	0	50	0	0	sort_wrapper ../data/pool14/398.unsorted.sam
145	:	1662666763.754	 17539.867	0	50	0	0	sort_wrapper ../data/pool16/382.unsorted.sam
153	:	1662684303.808	     0.059	0	73	0	0	sort_wrapper ../data/pool16/424.unsorted.sam
154	:	1662684303.921	     0.029	0	73	0	0	sort_wrapper ../data/pool16/425.unsorted.sam
146	:	1662673319.353	 19575.623	0	50	0	0	sort_wrapper ../data/pool16/406.unsorted.sam
156	:	1662692895.065	     0.032	0	73	0	0	sort_wrapper ../data/pool16/427.unsorted.sam
157	:	1662692895.123	     0.019	0	73	0	0	sort_wrapper ../data/pool16/428.unsorted.sam
158	:	1662692895.178	     0.015	0	73	0	0	sort_wrapper ../data/pool16/429.unsorted.sam
159	:	1662692895.236	     0.017	0	73	0	0	sort_wrapper ../data/pool16/430.unsorted.sam
160	:	1662692895.286	     0.022	0	73	0	0	sort_wrapper ../data/pool16/431.unsorted.sam
161	:	1662692895.371	     0.019	0	73	0	0	sort_wrapper ../data/pool16/432.unsorted.sam
162	:	1662692895.414	     0.019	0	73	0	0	sort_wrapper ../data/pool16/433.unsorted.sam
163	:	1662692895.520	     0.019	0	73	0	0	sort_wrapper ../data/pool17/434.unsorted.sam
164	:	1662692895.574	     0.019	0	73	0	0	sort_wrapper ../data/pool17/435.unsorted.sam
165	:	1662692895.615	     0.026	0	73	0	0	sort_wrapper ../data/pool17/436.unsorted.sam
166	:	1662692895.665	     0.023	0	73	0	0	sort_wrapper ../data/pool17/437.unsorted.sam
167	:	1662692895.757	     0.023	0	73	0	0	sort_wrapper ../data/pool17/438.unsorted.sam
168	:	1662692895.798	     0.015	0	73	0	0	sort_wrapper ../data/pool17/439.unsorted.sam
169	:	1662692895.832	     0.016	0	73	0	0	sort_wrapper ../data/pool17/440.unsorted.sam
170	:	1662692895.868	     0.013	0	73	0	0	sort_wrapper ../data/pool17/441.unsorted.sam
171	:	1662692895.907	     0.019	0	73	0	0	sort_wrapper ../data/pool17/442.unsorted.sam
172	:	1662692895.948	     0.019	0	73	0	0	sort_wrapper ../data/pool17/443.unsorted.sam
173	:	1662692896.002	     0.013	0	73	0	0	sort_wrapper ../data/pool17/444.unsorted.sam
174	:	1662692896.078	     0.046	0	73	0	0	sort_wrapper ../data/pool17/445.unsorted.sam
175	:	1662692896.205	     0.023	0	73	0	0	sort_wrapper ../data/pool17/446.unsorted.sam
176	:	1662692896.267	     0.016	0	73	0	0	sort_wrapper ../data/pool17/447.unsorted.sam
177	:	1662692896.424	     0.016	0	73	0	0	sort_wrapper ../data/pool17/448.unsorted.sam
178	:	1662692896.514	     0.016	0	73	0	0	sort_wrapper ../data/pool17/449.unsorted.sam
179	:	1662692896.640	     0.021	0	73	0	0	sort_wrapper ../data/pool17/451.unsorted.sam
180	:	1662692896.791	     0.017	0	73	0	0	sort_wrapper ../data/pool17/452.unsorted.sam
181	:	1662692896.905	     0.025	0	73	0	0	sort_wrapper ../data/pool17/453.unsorted.sam
182	:	1662692896.976	     0.016	0	73	0	0	sort_wrapper ../data/pool17/454.unsorted.sam
183	:	1662692897.038	     0.021	0	73	0	0	sort_wrapper ../data/pool18/455.unsorted.sam
184	:	1662692897.080	     0.016	0	73	0	0	sort_wrapper ../data/pool18/456.unsorted.sam
185	:	1662692897.113	     0.015	0	73	0	0	sort_wrapper ../data/pool18/457.unsorted.sam
186	:	1662692897.152	     0.016	0	73	0	0	sort_wrapper ../data/pool18/458.unsorted.sam
151	:	1662680640.340	 14317.769	0	50	0	0	sort_wrapper ../data/pool16/422.unsorted.sam
188	:	1662694958.177	     0.023	0	73	0	0	sort_wrapper ../data/pool18/460.unsorted.sam
189	:	1662694958.231	     0.016	0	73	0	0	sort_wrapper ../data/pool18/461.unsorted.sam
190	:	1662694958.269	     0.016	0	73	0	0	sort_wrapper ../data/pool18/462.unsorted.sam
191	:	1662694958.309	     0.019	0	73	0	0	sort_wrapper ../data/pool18/463.unsorted.sam
192	:	1662694958.370	     0.016	0	73	0	0	sort_wrapper ../data/pool18/467.unsorted.sam
193	:	1662694958.414	     0.016	0	73	0	0	sort_wrapper ../data/pool18/469.unsorted.sam
194	:	1662694958.449	     0.016	0	73	0	0	sort_wrapper ../data/pool18/470.unsorted.sam
195	:	1662694958.482	     0.016	0	73	0	0	sort_wrapper ../data/pool18/471.unsorted.sam
196	:	1662694958.520	     0.019	0	73	0	0	sort_wrapper ../data/pool18/472.unsorted.sam
197	:	1662694958.594	     0.013	0	73	0	0	sort_wrapper ../data/pool18/473.unsorted.sam
198	:	1662694958.634	     0.020	0	73	0	0	sort_wrapper ../data/pool18/474.unsorted.sam
199	:	1662694958.744	     0.016	0	73	0	0	sort_wrapper ../data/pool18/475.unsorted.sam
147	:	1662680449.267	 16207.338	0	50	0	0	sort_wrapper ../data/pool16/418.unsorted.sam
201	:	1662696656.722	     0.024	0	73	0	0	sort_wrapper ../data/pool18/477.unsorted.sam
155	:	1662684303.988	 13088.690	0	50	0	0	sort_wrapper ../data/pool16/426.unsorted.sam
203	:	1662697392.848	     0.109	0	73	0	0	sort_wrapper ../data/pool19/479.unsorted.sam
204	:	1662697393.083	     0.019	0	73	0	0	sort_wrapper ../data/pool19/480.unsorted.sam
205	:	1662697393.163	     0.024	0	73	0	0	sort_wrapper ../data/pool19/481.unsorted.sam
206	:	1662697393.237	     0.016	0	73	0	0	sort_wrapper ../data/pool19/482.unsorted.sam
207	:	1662697393.312	     0.019	0	73	0	0	sort_wrapper ../data/pool19/483.unsorted.sam
208	:	1662697393.373	     0.037	0	73	0	0	sort_wrapper ../data/pool19/484.unsorted.sam
209	:	1662697393.509	     0.014	0	73	0	0	sort_wrapper ../data/pool19/485.unsorted.sam
210	:	1662697393.625	     0.056	0	73	0	0	sort_wrapper ../data/pool19/486.unsorted.sam
211	:	1662697393.727	     0.042	0	73	0	0	sort_wrapper ../data/pool19/487.unsorted.sam
212	:	1662697393.856	     0.016	0	73	0	0	sort_wrapper ../data/pool19/488.unsorted.sam
213	:	1662697393.905	     0.035	0	73	0	0	sort_wrapper ../data/pool19/489.unsorted.sam
214	:	1662697393.998	     0.059	0	86	0	0	sort_wrapper ../data/pool19/491.unsorted.sam
215	:	1662697394.102	     0.053	0	73	0	0	sort_wrapper ../data/pool19/492.unsorted.sam
216	:	1662697394.210	     0.019	0	73	0	0	sort_wrapper ../data/pool19/493.unsorted.sam
217	:	1662697394.305	     0.029	0	73	0	0	sort_wrapper ../data/pool19/494.unsorted.sam
218	:	1662697394.384	     0.042	0	86	0	0	sort_wrapper ../data/pool19/495.unsorted.sam
152	:	1662682468.698	 15582.633	0	50	0	0	sort_wrapper ../data/pool16/423.unsorted.sam
149	:	1662680463.081	 17823.888	0	50	0	0	sort_wrapper ../data/pool16/420.unsorted.sam
221	:	1662698287.105	     0.109	0	73	0	0	sort_wrapper ../data/pool20/499.unsorted.sam
222	:	1662698287.273	     0.046	0	73	0	0	sort_wrapper ../data/pool20/500.unsorted.sam
223	:	1662698287.368	     0.032	0	73	0	0	sort_wrapper ../data/pool20/501.unsorted.sam
224	:	1662698287.430	     0.069	0	73	0	0	sort_wrapper ../data/pool20/502.unsorted.sam
225	:	1662698287.553	     0.031	0	73	0	0	sort_wrapper ../data/pool20/503.unsorted.sam
226	:	1662698287.649	     0.027	0	73	0	0	sort_wrapper ../data/pool20/505.unsorted.sam
187	:	1662692897.220	 14180.058	0	50	0	0	sort_wrapper ../data/pool18/459.unsorted.sam
202	:	1662696656.791	 13661.764	0	50	0	0	sort_wrapper ../data/pool18/478.unsorted.sam
219	:	1662697394.464	 14440.311	0	50	0	0	sort_wrapper ../data/pool19/496.unsorted.sam
200	:	1662694958.793	 17791.082	0	50	0	0	sort_wrapper ../data/pool18/476.unsorted.sam
220	:	1662698051.461	 15025.285	0	50	0	0	sort_wrapper ../data/pool19/497.unsorted.sam
