Seq	Host	Starttime	JobRuntime	Send	Receive	Exitval	Signal	Command
1	:	1661028188.609	 23472.065	0	0	0	0	call_wrapper ../data/pool13/357.bam
2	:	1661028188.648	 23919.276	0	0	0	0	call_wrapper ../data/pool13/358.bam
3	:	1661028188.692	 24579.399	0	0	0	0	call_wrapper ../data/pool13/359.bam
5	:	1661052107.963	 23678.970	0	0	0	0	call_wrapper ../data/pool13/361.bam
6	:	1661052768.155	 23996.677	0	0	0	0	call_wrapper ../data/pool13/362.bam
4	:	1661051660.802	 25370.993	0	0	0	0	call_wrapper ../data/pool13/360.bam
7	:	1661075786.999	 23535.297	0	0	0	0	call_wrapper ../data/pool13/363.bam
9	:	1661077031.853	 22333.236	0	0	0	0	call_wrapper ../data/pool13/365.bam
8	:	1661076765.008	 23202.578	0	0	0	0	call_wrapper ../data/pool13/364.bam
12	:	1661099967.679	 80850.768	0	0	0	0	call_wrapper ../data/pool13/368.bam
11	:	1661099365.149	 81665.953	0	0	255	0	call_wrapper ../data/pool13/367.bam
10	:	1661099322.366	 81721.843	0	0	0	0	call_wrapper ../data/pool13/366.bam
13	:	1661180818.566	 24362.822	0	0	0	0	call_wrapper ../data/pool13/369.bam
14	:	1661181031.173	 24543.116	0	0	0	0	call_wrapper ../data/pool13/370.bam
15	:	1661181044.247	 25580.315	0	0	0	0	call_wrapper ../data/pool13/371.bam
16	:	1661205181.452	 25003.404	0	0	0	0	call_wrapper ../data/pool13/372.bam
17	:	1661205574.359	 24656.802	0	0	0	0	call_wrapper ../data/pool13/373.bam
18	:	1661206624.674	 24810.527	0	0	0	0	call_wrapper ../data/pool13/374.bam
20	:	1661230231.220	 22831.878	0	0	0	0	call_wrapper ../data/pool13/376.bam
19	:	1661230184.977	 25397.767	0	0	0	0	call_wrapper ../data/pool13/375.bam
