Seq	Host	Starttime	JobRuntime	Send	Receive	Exitval	Signal	Command
1	:	1660532427.721	     0.000	0	69	0	0	call_wrapper ../data/pool01/100.bam
2	:	1660532427.748	     0.025	0	69	0	0	call_wrapper ../data/pool01/101.bam
3	:	1660532427.773	     0.028	0	69	0	0	call_wrapper ../data/pool01/104.bam
4	:	1660532427.799	     0.032	0	69	0	0	call_wrapper ../data/pool01/105.bam
5	:	1660532427.830	     0.031	0	69	0	0	call_wrapper ../data/pool01/106.bam
6	:	1660532427.860	     0.058	0	69	0	0	call_wrapper ../data/pool01/107.bam
7	:	1660532427.918	     0.062	0	69	0	0	call_wrapper ../data/pool01/108.bam
8	:	1660532427.979	     0.054	0	69	0	0	call_wrapper ../data/pool01/109.bam
9	:	1660532428.033	     0.042	0	69	0	0	call_wrapper ../data/pool01/110.bam
10	:	1660532428.074	     0.034	0	69	0	0	call_wrapper ../data/pool01/111.bam
11	:	1660532428.108	     0.050	0	69	0	0	call_wrapper ../data/pool01/112.bam
12	:	1660532428.158	     0.036	0	69	0	0	call_wrapper ../data/pool01/113.bam
13	:	1660532428.195	     0.031	0	69	0	0	call_wrapper ../data/pool01/114.bam
14	:	1660532428.226	     0.040	0	69	0	0	call_wrapper ../data/pool01/115.bam
15	:	1660532428.267	     0.029	0	69	0	0	call_wrapper ../data/pool01/116.bam
16	:	1660532428.295	     0.083	0	69	0	0	call_wrapper ../data/pool01/118.bam
17	:	1660532428.345	     0.035	0	69	0	0	call_wrapper ../data/pool01/119.bam
18	:	1660532428.379	     0.154	0	69	0	0	call_wrapper ../data/pool01/120.bam
19	:	1660532428.533	     0.030	0	69	0	0	call_wrapper ../data/pool01/122.bam
20	:	1660532428.564	     0.023	0	69	0	0	call_wrapper ../data/pool01/123.bam
21	:	1660532428.587	     0.035	0	69	0	0	call_wrapper ../data/pool02/124.bam
22	:	1660532428.622	     0.048	0	69	0	0	call_wrapper ../data/pool02/125.bam
23	:	1660532428.669	     0.037	0	69	0	0	call_wrapper ../data/pool02/126.bam
24	:	1660532428.705	     0.048	0	69	0	0	call_wrapper ../data/pool02/127.bam
25	:	1660532428.737	     0.016	0	69	0	0	call_wrapper ../data/pool02/128.bam
26	:	1660532428.752	     0.031	0	69	0	0	call_wrapper ../data/pool02/129.bam
27	:	1660532428.783	     0.030	0	69	0	0	call_wrapper ../data/pool02/130.bam
28	:	1660532428.813	     0.036	0	69	0	0	call_wrapper ../data/pool02/131.bam
29	:	1660532428.835	     0.014	0	69	0	0	call_wrapper ../data/pool02/132.bam
30	:	1660532428.848	     0.040	0	69	0	0	call_wrapper ../data/pool02/133.bam
31	:	1660532428.888	     0.029	0	69	0	0	call_wrapper ../data/pool02/134.bam
32	:	1660532428.918	     0.038	0	69	0	0	call_wrapper ../data/pool02/135.bam
33	:	1660532428.956	     0.034	0	69	0	0	call_wrapper ../data/pool02/136.bam
34	:	1660532428.990	     0.025	0	69	0	0	call_wrapper ../data/pool02/137.bam
35	:	1660532429.015	     0.038	0	69	0	0	call_wrapper ../data/pool02/138.bam
36	:	1660532429.053	     0.022	0	69	0	0	call_wrapper ../data/pool02/139.bam
37	:	1660532429.074	     0.032	0	69	0	0	call_wrapper ../data/pool02/140.bam
38	:	1660532429.105	     0.039	0	69	0	0	call_wrapper ../data/pool02/141.bam
39	:	1660532429.144	     0.030	0	69	0	0	call_wrapper ../data/pool02/142.bam
40	:	1660532429.174	     0.045	0	69	0	0	call_wrapper ../data/pool02/143.bam
41	:	1660532429.201	     0.019	0	69	0	0	call_wrapper ../data/pool03/144.bam
42	:	1660532429.218	     0.091	0	69	0	0	call_wrapper ../data/pool03/145.bam
43	:	1660532429.308	     0.021	0	69	0	0	call_wrapper ../data/pool03/146.bam
44	:	1660532429.330	     0.029	0	69	0	0	call_wrapper ../data/pool03/147.bam
45	:	1660532429.359	     0.032	0	69	0	0	call_wrapper ../data/pool03/148.bam
49	:	1660532429.617	     0.033	0	69	0	0	call_wrapper ../data/pool03/154.bam
50	:	1660532429.650	     0.115	0	69	0	0	call_wrapper ../data/pool03/155.bam
51	:	1660532429.765	     0.257	0	69	0	0	call_wrapper ../data/pool03/156.bam
52	:	1660532430.023	     0.062	0	69	0	0	call_wrapper ../data/pool03/157.bam
53	:	1660532430.085	     0.032	0	69	0	0	call_wrapper ../data/pool03/158.bam
54	:	1660532430.107	     0.049	0	69	0	0	call_wrapper ../data/pool03/159.bam
55	:	1660532430.117	     0.040	0	69	0	0	call_wrapper ../data/pool03/161.bam
56	:	1660532430.156	     0.029	0	69	0	0	call_wrapper ../data/pool03/162.bam
57	:	1660532430.185	     0.029	0	69	0	0	call_wrapper ../data/pool03/163.bam
58	:	1660532430.214	     0.023	0	69	0	0	call_wrapper ../data/pool04/164.bam
59	:	1660532430.237	     0.026	0	69	0	0	call_wrapper ../data/pool04/165.bam
60	:	1660532430.251	     0.048	0	69	0	0	call_wrapper ../data/pool04/166.bam
61	:	1660532430.263	     0.038	0	69	0	0	call_wrapper ../data/pool04/167.bam
62	:	1660532430.299	     0.046	0	69	0	0	call_wrapper ../data/pool04/168.bam
63	:	1660532430.345	     0.040	0	69	0	0	call_wrapper ../data/pool04/169.bam
64	:	1660532430.362	     0.026	0	69	0	0	call_wrapper ../data/pool04/170.bam
65	:	1660532430.386	     0.021	0	69	0	0	call_wrapper ../data/pool04/173.bam
66	:	1660532430.407	     0.026	0	69	0	0	call_wrapper ../data/pool04/174.bam
67	:	1660532430.434	     0.025	0	69	0	0	call_wrapper ../data/pool04/175.bam
68	:	1660532430.450	     0.021	0	69	0	0	call_wrapper ../data/pool04/176.bam
69	:	1660532430.458	     0.015	0	69	0	0	call_wrapper ../data/pool04/177.bam
70	:	1660532430.472	     0.025	0	69	0	0	call_wrapper ../data/pool04/178.bam
71	:	1660532430.497	     0.036	0	69	0	0	call_wrapper ../data/pool04/179.bam
72	:	1660532430.514	     0.021	0	69	0	0	call_wrapper ../data/pool04/180.bam
73	:	1660532430.533	     0.040	0	69	0	0	call_wrapper ../data/pool04/181.bam
74	:	1660532430.573	     0.039	0	69	0	0	call_wrapper ../data/pool04/182.bam
75	:	1660532430.613	     0.042	0	69	0	0	call_wrapper ../data/pool04/183.bam
76	:	1660532430.648	     0.065	0	69	0	0	call_wrapper ../data/pool04/184.bam
77	:	1660532430.655	     0.077	0	69	0	0	call_wrapper ../data/pool05/185.bam
78	:	1660532430.713	     0.040	0	69	0	0	call_wrapper ../data/pool05/186.bam
79	:	1660532430.732	     0.023	0	69	0	0	call_wrapper ../data/pool05/188.bam
80	:	1660532430.754	     0.041	0	69	0	0	call_wrapper ../data/pool05/216.bam
81	:	1660532430.795	     0.029	0	69	0	0	call_wrapper ../data/pool05/217.bam
82	:	1660532430.825	     0.029	0	69	0	0	call_wrapper ../data/pool05/229.bam
83	:	1660532430.854	     0.023	0	69	0	0	call_wrapper ../data/pool05/230.bam
84	:	1660532430.877	     0.032	0	69	0	0	call_wrapper ../data/pool05/231.bam
85	:	1660532430.894	     0.016	0	69	0	0	call_wrapper ../data/pool05/236.bam
86	:	1660532430.906	     0.026	0	69	0	0	call_wrapper ../data/pool05/450.bam
87	:	1660532430.931	     0.030	0	69	0	0	call_wrapper ../data/pool05/464.bam
88	:	1660532430.959	     0.036	0	69	0	0	call_wrapper ../data/pool05/465.bam
89	:	1660532430.995	     0.030	0	69	0	0	call_wrapper ../data/pool05/466.bam
90	:	1660532431.025	     0.032	0	69	0	0	call_wrapper ../data/pool05/468.bam
91	:	1660532431.057	     0.029	0	69	0	0	call_wrapper ../data/pool06/201.bam
92	:	1660532431.076	     0.046	0	69	0	0	call_wrapper ../data/pool06/204.bam
93	:	1660532431.086	     0.036	0	69	0	0	call_wrapper ../data/pool06/205.bam
94	:	1660532431.121	     0.029	0	69	0	0	call_wrapper ../data/pool06/206.bam
95	:	1660532431.149	     0.075	0	69	0	0	call_wrapper ../data/pool06/207.bam
96	:	1660532431.214	     0.010	0	69	0	0	call_wrapper ../data/pool06/209.bam
97	:	1660532431.223	     0.039	0	69	0	0	call_wrapper ../data/pool06/211.bam
98	:	1660532431.262	     0.024	0	69	0	0	call_wrapper ../data/pool06/212.bam
99	:	1660532431.287	     0.022	0	69	0	0	call_wrapper ../data/pool06/213.bam
100	:	1660532431.309	     0.027	0	69	0	0	call_wrapper ../data/pool06/214.bam
101	:	1660532431.327	     0.011	0	69	0	0	call_wrapper ../data/pool06/215.bam
102	:	1660532431.336	     0.032	0	69	0	0	call_wrapper ../data/pool06/219.bam
103	:	1660532431.368	     0.022	0	69	0	0	call_wrapper ../data/pool06/220.bam
104	:	1660532431.383	     0.008	0	69	0	0	call_wrapper ../data/pool06/221.bam
105	:	1660532431.389	     0.029	0	69	0	0	call_wrapper ../data/pool06/222.bam
106	:	1660532431.418	     0.023	0	69	0	0	call_wrapper ../data/pool06/223.bam
107	:	1660532431.431	     0.010	0	69	0	0	call_wrapper ../data/pool06/224.bam
108	:	1660532431.441	     0.026	0	69	0	0	call_wrapper ../data/pool06/225.bam
109	:	1660532431.467	     0.026	0	69	0	0	call_wrapper ../data/pool06/226.bam
110	:	1660532431.484	     0.010	0	69	0	0	call_wrapper ../data/pool06/227.bam
111	:	1660532431.493	     0.026	0	69	0	0	call_wrapper ../data/pool07/228.bam
113	:	1660532431.536	     0.013	0	69	0	0	call_wrapper ../data/pool07/233.bam
114	:	1660532431.549	     0.029	0	69	0	0	call_wrapper ../data/pool07/234.bam
115	:	1660532431.577	     0.111	0	69	0	0	call_wrapper ../data/pool07/235.bam
116	:	1660532431.688	     0.023	0	69	0	0	call_wrapper ../data/pool07/237.bam
117	:	1660532431.709	     0.038	0	69	0	0	call_wrapper ../data/pool07/238.bam
118	:	1660532431.747	     0.026	0	69	0	0	call_wrapper ../data/pool07/239.bam
119	:	1660532431.758	     0.039	0	69	0	0	call_wrapper ../data/pool07/240.bam
120	:	1660532431.796	     0.305	0	69	0	0	call_wrapper ../data/pool07/241.bam
121	:	1660532432.101	     0.046	0	69	0	0	call_wrapper ../data/pool07/242.bam
122	:	1660532432.147	     0.026	0	69	0	0	call_wrapper ../data/pool07/243.bam
123	:	1660532432.164	     0.026	0	69	0	0	call_wrapper ../data/pool07/244.bam
124	:	1660532432.191	     0.023	0	69	0	0	call_wrapper ../data/pool07/246.bam
125	:	1660532432.211	     0.019	0	69	0	0	call_wrapper ../data/pool07/247.bam
126	:	1660532432.231	     0.016	0	69	0	0	call_wrapper ../data/pool07/248.bam
128	:	1660532432.293	     0.105	0	69	0	0	call_wrapper ../data/pool07/250.bam
129	:	1660532432.471	     0.012	0	69	0	0	call_wrapper ../data/pool07/251.bam
46	:	1660532429.391	 22333.899	0	0	0	0	call_wrapper ../data/pool03/151.bam
48	:	1660532429.545	 23108.329	0	0	0	0	call_wrapper ../data/pool03/153.bam
127	:	1660532432.245	 24082.627	0	0	0	0	call_wrapper ../data/pool07/249.bam
133	:	1660556514.933	     0.028	0	69	0	0	call_wrapper ../data/pool08/259.bam
112	:	1660532431.519	 24905.546	0	0	0	0	call_wrapper ../data/pool07/232.bam
135	:	1660557337.148	     0.039	0	69	0	0	call_wrapper ../data/pool08/261.bam
130	:	1660532432.512	 26111.362	0	0	0	0	call_wrapper ../data/pool08/210.bam
47	:	1660532429.454	 26315.822	0	0	0	0	call_wrapper ../data/pool03/152.bam
132	:	1660555537.926	 21665.348	0	0	0	0	call_wrapper ../data/pool08/257.bam
131	:	1660554763.474	 22473.597	0	0	0	0	call_wrapper ../data/pool08/256.bam
134	:	1660556515.007	 21851.694	0	0	0	0	call_wrapper ../data/pool08/260.bam
138	:	1660558745.322	 22803.009	0	0	0	0	call_wrapper ../data/pool08/266.bam
142	:	1660581548.426	     0.015	0	69	0	0	call_wrapper ../data/pool08/271.bam
136	:	1660557337.224	 24984.901	0	0	0	0	call_wrapper ../data/pool08/262.bam
144	:	1660582322.210	     0.055	0	69	0	0	call_wrapper ../data/pool09/273.bam
145	:	1660582322.394	     0.042	0	69	0	0	call_wrapper ../data/pool09/274.bam
146	:	1660582322.468	     0.015	0	69	0	0	call_wrapper ../data/pool09/275.bam
147	:	1660582322.520	     0.012	0	69	0	0	call_wrapper ../data/pool09/276.bam
148	:	1660582322.573	     0.015	0	69	0	0	call_wrapper ../data/pool09/277.bam
149	:	1660582322.616	     0.015	0	69	0	0	call_wrapper ../data/pool09/278.bam
150	:	1660582322.669	     0.008	0	69	0	0	call_wrapper ../data/pool09/279.bam
151	:	1660582322.712	     0.017	0	69	0	0	call_wrapper ../data/pool09/280.bam
152	:	1660582322.748	     0.015	0	69	0	0	call_wrapper ../data/pool09/281.bam
153	:	1660582322.888	     0.016	0	69	0	0	call_wrapper ../data/pool09/282.bam
154	:	1660582322.956	     0.014	0	69	0	0	call_wrapper ../data/pool09/283.bam
155	:	1660582323.027	     0.016	0	69	0	0	call_wrapper ../data/pool09/284.bam
156	:	1660582323.073	     0.015	0	69	0	0	call_wrapper ../data/pool09/285.bam
157	:	1660582323.122	     0.010	0	69	0	0	call_wrapper ../data/pool09/286.bam
158	:	1660582323.156	     0.014	0	69	0	0	call_wrapper ../data/pool09/288.bam
159	:	1660582323.190	     0.009	0	69	0	0	call_wrapper ../data/pool09/289.bam
160	:	1660582323.224	     0.012	0	69	0	0	call_wrapper ../data/pool09/290.bam
161	:	1660582323.253	     0.013	0	69	0	0	call_wrapper ../data/pool09/291.bam
162	:	1660582323.300	     0.008	0	69	0	0	call_wrapper ../data/pool09/292.bam
163	:	1660582323.330	     0.016	0	69	0	0	call_wrapper ../data/pool09/293.bam
164	:	1660582323.366	     0.009	0	69	0	0	call_wrapper ../data/pool10/294.bam
165	:	1660582323.405	     0.008	0	69	0	0	call_wrapper ../data/pool10/296.bam
166	:	1660582323.438	     0.013	0	69	0	0	call_wrapper ../data/pool10/297.bam
167	:	1660582323.488	     0.009	0	69	0	0	call_wrapper ../data/pool10/298.bam
168	:	1660582323.533	     0.013	0	69	0	0	call_wrapper ../data/pool10/299.bam
169	:	1660582323.574	     0.013	0	69	0	0	call_wrapper ../data/pool10/300.bam
170	:	1660582323.607	     0.009	0	69	0	0	call_wrapper ../data/pool10/303.bam
171	:	1660582323.641	     0.013	0	69	0	0	call_wrapper ../data/pool10/304.bam
172	:	1660582323.672	     0.006	0	69	0	0	call_wrapper ../data/pool10/305.bam
173	:	1660582323.698	     0.015	0	69	0	0	call_wrapper ../data/pool10/306.bam
174	:	1660582323.729	     0.006	0	69	0	0	call_wrapper ../data/pool10/307.bam
175	:	1660582323.773	     0.010	0	69	0	0	call_wrapper ../data/pool10/309.bam
176	:	1660582323.802	     0.009	0	69	0	0	call_wrapper ../data/pool10/310.bam
177	:	1660582323.847	     0.015	0	69	0	0	call_wrapper ../data/pool10/311.bam
178	:	1660582323.889	     0.008	0	69	0	0	call_wrapper ../data/pool10/312.bam
179	:	1660582323.916	     0.011	0	69	0	0	call_wrapper ../data/pool10/313.bam
180	:	1660582323.953	     0.007	0	69	0	0	call_wrapper ../data/pool10/314.bam
181	:	1660582324.002	     0.008	0	69	0	0	call_wrapper ../data/pool10/315.bam
137	:	1660558543.956	 27830.748	0	0	0	0	call_wrapper ../data/pool08/264.bam
139	:	1660577203.376	 31759.288	0	0	0	0	call_wrapper ../data/pool08/267.bam
140	:	1660577237.114	 39519.691	0	0	0	0	call_wrapper ../data/pool08/269.bam
143	:	1660581548.475	 38702.775	0	0	0	0	call_wrapper ../data/pool08/272.bam
141	:	1660578366.748	 42472.740	0	0	0	0	call_wrapper ../data/pool08/270.bam
182	:	1660582324.029	 47733.006	0	0	0	0	call_wrapper ../data/pool11/326.bam
183	:	1660586374.801	 58958.494	0	0	0	0	call_wrapper ../data/pool11/328.bam
184	:	1660608962.788	 77306.066	0	0	0	0	call_wrapper ../data/pool11/330.bam
190	:	1660686268.983	     0.425	0	0	255	0	call_wrapper ../data/pool12/340.bam
191	:	1660686269.501	     0.373	0	0	255	0	call_wrapper ../data/pool12/344.bam
192	:	1660686269.941	     0.328	0	0	255	0	call_wrapper ../data/pool12/345.bam
193	:	1660686270.339	     0.322	0	0	255	0	call_wrapper ../data/pool12/346.bam
194	:	1660686270.758	     0.322	0	0	255	0	call_wrapper ../data/pool12/347.bam
195	:	1660686271.169	     0.302	0	0	255	0	call_wrapper ../data/pool12/348.bam
196	:	1660686271.516	     0.289	0	0	255	0	call_wrapper ../data/pool12/349.bam
197	:	1660686271.850	     0.279	0	0	255	0	call_wrapper ../data/pool12/350.bam
198	:	1660686272.190	     0.292	0	0	255	0	call_wrapper ../data/pool12/351.bam
199	:	1660686272.574	     0.301	0	0	255	0	call_wrapper ../data/pool12/352.bam
200	:	1660686272.951	     0.354	0	0	255	0	call_wrapper ../data/pool13/357.bam
201	:	1660686273.381	     0.280	0	0	255	0	call_wrapper ../data/pool13/358.bam
202	:	1660686273.738	     0.310	0	0	255	0	call_wrapper ../data/pool13/359.bam
203	:	1660686274.138	     0.368	0	0	255	0	call_wrapper ../data/pool13/360.bam
204	:	1660686274.561	     0.268	0	0	255	0	call_wrapper ../data/pool13/361.bam
205	:	1660686274.882	     0.273	0	0	255	0	call_wrapper ../data/pool13/362.bam
206	:	1660686275.211	     0.365	0	0	255	0	call_wrapper ../data/pool13/363.bam
207	:	1660686275.654	     0.253	0	0	255	0	call_wrapper ../data/pool13/364.bam
208	:	1660686275.974	     0.404	0	0	255	0	call_wrapper ../data/pool13/365.bam
209	:	1660686276.437	     0.264	0	0	255	0	call_wrapper ../data/pool13/366.bam
210	:	1660686276.752	     0.319	0	0	255	0	call_wrapper ../data/pool13/367.bam
211	:	1660686277.119	     0.284	0	0	255	0	call_wrapper ../data/pool13/368.bam
212	:	1660686277.474	     0.301	0	0	255	0	call_wrapper ../data/pool13/369.bam
213	:	1660686277.889	     0.304	0	0	255	0	call_wrapper ../data/pool13/370.bam
214	:	1660686278.252	     0.378	0	0	255	0	call_wrapper ../data/pool13/371.bam
215	:	1660686278.684	     0.328	0	0	255	0	call_wrapper ../data/pool13/372.bam
216	:	1660686279.094	     0.290	0	0	255	0	call_wrapper ../data/pool13/373.bam
217	:	1660686279.474	     0.314	0	0	255	0	call_wrapper ../data/pool13/374.bam
218	:	1660686279.854	     0.288	0	0	255	0	call_wrapper ../data/pool13/375.bam
219	:	1660686280.200	     0.329	0	0	255	0	call_wrapper ../data/pool13/376.bam
220	:	1660686280.594	     0.299	0	0	255	0	call_wrapper ../data/pool14/377.bam
221	:	1660686280.945	     0.312	0	0	255	0	call_wrapper ../data/pool14/378.bam
222	:	1660686281.314	     0.302	0	0	255	0	call_wrapper ../data/pool14/379.bam
223	:	1660686281.674	     0.276	0	0	255	0	call_wrapper ../data/pool14/381.bam
224	:	1660686282.051	     0.351	0	0	255	0	call_wrapper ../data/pool14/385.bam
225	:	1660686282.470	     0.332	0	0	255	0	call_wrapper ../data/pool14/386.bam
226	:	1660686282.874	     0.283	0	0	255	0	call_wrapper ../data/pool14/387.bam
227	:	1660686283.254	     0.262	0	0	255	0	call_wrapper ../data/pool14/388.bam
228	:	1660686283.574	     0.320	0	0	255	0	call_wrapper ../data/pool14/389.bam
229	:	1660686283.955	     0.335	0	0	255	0	call_wrapper ../data/pool14/390.bam
230	:	1660686284.361	     0.353	0	0	255	0	call_wrapper ../data/pool14/391.bam
231	:	1660686284.789	     0.365	0	0	255	0	call_wrapper ../data/pool14/392.bam
232	:	1660686285.213	     0.322	0	0	255	0	call_wrapper ../data/pool14/393.bam
233	:	1660686285.611	     0.323	0	0	255	0	call_wrapper ../data/pool14/395.bam
234	:	1660686285.990	     0.282	0	0	255	0	call_wrapper ../data/pool15/200.bam
235	:	1660686286.326	     0.345	0	0	255	0	call_wrapper ../data/pool15/202.bam
236	:	1660686286.725	     0.287	0	0	255	0	call_wrapper ../data/pool15/399.bam
237	:	1660686287.090	     0.287	0	0	255	0	call_wrapper ../data/pool15/400.bam
238	:	1660686287.429	     0.364	0	0	255	0	call_wrapper ../data/pool15/401.bam
239	:	1660686287.843	     0.335	0	0	255	0	call_wrapper ../data/pool15/402.bam
240	:	1660686288.250	     0.311	0	0	255	0	call_wrapper ../data/pool15/403.bam
241	:	1660686288.634	     0.319	0	0	255	0	call_wrapper ../data/pool15/404.bam
242	:	1660686289.054	     0.354	0	0	255	0	call_wrapper ../data/pool15/405.bam
243	:	1660686289.479	     0.342	0	0	255	0	call_wrapper ../data/pool15/407.bam
244	:	1660686289.900	     0.376	0	0	255	0	call_wrapper ../data/pool15/409.bam
245	:	1660686290.359	     0.263	0	0	255	0	call_wrapper ../data/pool15/410.bam
246	:	1660686290.669	     0.297	0	0	255	0	call_wrapper ../data/pool15/413.bam
247	:	1660686291.012	     0.302	0	0	255	0	call_wrapper ../data/pool15/414.bam
248	:	1660686291.354	     0.288	0	0	255	0	call_wrapper ../data/pool15/416.bam
249	:	1660686291.710	     0.325	0	0	255	0	call_wrapper ../data/pool16/287.bam
250	:	1660686292.121	     0.330	0	0	255	0	call_wrapper ../data/pool16/308.bam
251	:	1660686292.520	     0.056	0	69	0	0	call_wrapper ../data/pool16/419.bam
252	:	1660686292.690	     0.077	0	69	0	0	call_wrapper ../data/pool16/421.bam
253	:	1660686292.850	     0.282	0	0	255	0	call_wrapper ../data/pool16/424.bam
254	:	1660686293.189	     0.032	0	69	0	0	call_wrapper ../data/pool16/425.bam
255	:	1660686293.289	     0.059	0	69	0	0	call_wrapper ../data/pool16/427.bam
256	:	1660686293.406	     0.055	0	69	0	0	call_wrapper ../data/pool16/428.bam
257	:	1660686293.540	     0.335	0	0	255	0	call_wrapper ../data/pool16/429.bam
258	:	1660686293.955	     0.373	0	0	255	0	call_wrapper ../data/pool16/430.bam
259	:	1660686294.399	     0.335	0	0	255	0	call_wrapper ../data/pool16/431.bam
260	:	1660686294.795	     0.282	0	0	255	0	call_wrapper ../data/pool16/432.bam
261	:	1660686295.141	     0.323	0	0	255	0	call_wrapper ../data/pool16/433.bam
262	:	1660686295.507	     0.049	0	69	0	0	call_wrapper ../data/pool17/434.bam
263	:	1660686295.634	     0.082	0	69	0	0	call_wrapper ../data/pool17/435.bam
264	:	1660686295.759	     0.042	0	69	0	0	call_wrapper ../data/pool17/436.bam
265	:	1660686295.900	     0.072	0	69	0	0	call_wrapper ../data/pool17/437.bam
266	:	1660686296.034	     0.022	0	69	0	0	call_wrapper ../data/pool17/438.bam
267	:	1660686296.112	     0.048	0	69	0	0	call_wrapper ../data/pool17/439.bam
268	:	1660686296.229	     0.050	0	69	0	0	call_wrapper ../data/pool17/440.bam
269	:	1660686296.359	     0.051	0	69	0	0	call_wrapper ../data/pool17/441.bam
270	:	1660686296.474	     0.046	0	69	0	0	call_wrapper ../data/pool17/442.bam
271	:	1660686296.574	     0.067	0	69	0	0	call_wrapper ../data/pool17/443.bam
272	:	1660686296.698	     0.044	0	69	0	0	call_wrapper ../data/pool17/444.bam
273	:	1660686296.816	     0.059	0	69	0	0	call_wrapper ../data/pool17/445.bam
274	:	1660686296.922	     0.055	0	69	0	0	call_wrapper ../data/pool17/446.bam
275	:	1660686297.041	     0.059	0	69	0	0	call_wrapper ../data/pool17/447.bam
276	:	1660686297.154	     0.042	0	69	0	0	call_wrapper ../data/pool17/448.bam
277	:	1660686297.258	     0.078	0	69	0	0	call_wrapper ../data/pool17/449.bam
278	:	1660686297.400	     0.079	0	69	0	0	call_wrapper ../data/pool17/451.bam
279	:	1660686297.541	     0.059	0	69	0	0	call_wrapper ../data/pool17/452.bam
280	:	1660686297.694	     0.049	0	69	0	0	call_wrapper ../data/pool17/453.bam
281	:	1660686297.776	     0.059	0	69	0	0	call_wrapper ../data/pool17/454.bam
282	:	1660686297.962	     0.397	0	0	255	0	call_wrapper ../data/pool18/455.bam
283	:	1660686298.415	     0.318	0	0	255	0	call_wrapper ../data/pool18/456.bam
284	:	1660686298.834	     0.332	0	0	255	0	call_wrapper ../data/pool18/457.bam
285	:	1660686299.214	     0.283	0	0	255	0	call_wrapper ../data/pool18/458.bam
286	:	1660686299.574	     0.284	0	0	255	0	call_wrapper ../data/pool18/460.bam
287	:	1660686299.926	     0.346	0	0	255	0	call_wrapper ../data/pool18/461.bam
288	:	1660686300.329	     0.322	0	0	255	0	call_wrapper ../data/pool18/462.bam
289	:	1660686300.721	     0.347	0	0	255	0	call_wrapper ../data/pool18/463.bam
290	:	1660686301.133	     0.312	0	0	255	0	call_wrapper ../data/pool18/467.bam
291	:	1660686301.514	     0.337	0	0	255	0	call_wrapper ../data/pool18/469.bam
292	:	1660686301.900	     0.310	0	0	255	0	call_wrapper ../data/pool18/470.bam
293	:	1660686302.314	     0.398	0	0	255	0	call_wrapper ../data/pool18/471.bam
294	:	1660686302.803	     0.273	0	0	255	0	call_wrapper ../data/pool18/472.bam
295	:	1660686303.124	     0.326	0	0	255	0	call_wrapper ../data/pool18/473.bam
296	:	1660686303.514	     0.279	0	0	255	0	call_wrapper ../data/pool18/474.bam
297	:	1660686303.860	     0.315	0	0	255	0	call_wrapper ../data/pool18/475.bam
298	:	1660686304.241	     0.357	0	0	255	0	call_wrapper ../data/pool18/477.bam
299	:	1660686304.674	     0.336	0	0	255	0	call_wrapper ../data/pool19/479.bam
300	:	1660686305.119	     0.358	0	0	255	0	call_wrapper ../data/pool19/480.bam
301	:	1660686305.535	     0.338	0	0	255	0	call_wrapper ../data/pool19/481.bam
302	:	1660686305.959	     0.319	0	0	255	0	call_wrapper ../data/pool19/482.bam
303	:	1660686306.334	     0.312	0	0	255	0	call_wrapper ../data/pool19/483.bam
304	:	1660686306.720	     0.319	0	0	255	0	call_wrapper ../data/pool19/484.bam
305	:	1660686307.110	     0.313	0	0	255	0	call_wrapper ../data/pool19/485.bam
306	:	1660686307.468	     0.400	0	0	255	0	call_wrapper ../data/pool19/486.bam
307	:	1660686307.968	     0.328	0	0	255	0	call_wrapper ../data/pool19/487.bam
308	:	1660686308.406	     0.297	0	0	255	0	call_wrapper ../data/pool19/488.bam
309	:	1660686308.804	     0.428	0	0	255	0	call_wrapper ../data/pool19/489.bam
310	:	1660686309.290	     0.348	0	0	255	0	call_wrapper ../data/pool19/490.bam
311	:	1660686309.700	     0.254	0	0	255	0	call_wrapper ../data/pool19/492.bam
312	:	1660686310.015	     0.327	0	0	255	0	call_wrapper ../data/pool19/493.bam
313	:	1660686310.409	     0.312	0	0	255	0	call_wrapper ../data/pool19/494.bam
314	:	1660686310.774	     0.298	0	0	255	0	call_wrapper ../data/pool20/501.bam
315	:	1660686311.139	     0.302	0	0	255	0	call_wrapper ../data/pool20/503.bam
316	:	1660686311.482	     0.391	0	0	255	0	call_wrapper ../data/pool20/504.bam
317	:	1660686311.927	     0.302	0	0	255	0	call_wrapper ../data/pool20/505.bam
186	:	1660620251.415	 76597.345	0	0	0	0	call_wrapper ../data/pool11/333.bam
185	:	1660616756.920	 81172.628	0	0	0	0	call_wrapper ../data/pool11/332.bam
187	:	1660620839.645	 78027.339	0	0	0	0	call_wrapper ../data/pool11/335.bam
188	:	1660630057.136	 76883.988	0	0	0	0	call_wrapper ../data/pool11/336.bam
189	:	1660645333.409	 79534.617	0	0	0	0	call_wrapper ../data/pool12/337.bam
