Seq	Host	Starttime	JobRuntime	Send	Receive	Exitval	Signal	Command
1	:	1660516440.576	127062.226	0	25	0	0	map_wrapper ../data/pool14/377_GTCGATTG-ACGGTCTT_L00M_R1_001.fastq.gz ../data/pool14/377_GTCGATTG-ACGGTCTT_L00M_R2_001.fastq.gz
3	:	1660516440.590	138058.070	0	25	0	0	map_wrapper ../data/pool14/379_GCCTTAAC-AGCTCCTA_L00M_R1_001.fastq.gz ../data/pool14/379_GCCTTAAC-AGCTCCTA_L00M_R2_001.fastq.gz
2	:	1660516440.584	144068.872	0	25	0	0	map_wrapper ../data/pool14/378_ATAACGCC-TGAACCTG_L00M_R1_001.fastq.gz ../data/pool14/378_ATAACGCC-TGAACCTG_L00M_R2_001.fastq.gz
6	:	1660660510.130	138283.087	0	25	0	0	map_wrapper ../data/pool14/384_TGCGTAAC-GATAGGCT_L00M_R1_001.fastq.gz ../data/pool14/384_TGCGTAAC-GATAGGCT_L00M_R2_001.fastq.gz
7	:	1660798793.740	     0.562	0	25	132	0	map_wrapper ../data/pool14/385_CTTGCTAG-GGAGATGA_L00M_R1_001.fastq.gz ../data/pool14/385_CTTGCTAG-GGAGATGA_L00M_R2_001.fastq.gz
8	:	1660798794.373	     0.042	0	25	132	0	map_wrapper ../data/pool14/386_AGCGAGAT-GATACTGG_L00M_R1_001.fastq.gz ../data/pool14/386_AGCGAGAT-GATACTGG_L00M_R2_001.fastq.gz
9	:	1660798794.470	     0.043	0	25	132	0	map_wrapper ../data/pool14/387_TATGGCAC-TCTCGCAA_L00M_R1_001.fastq.gz ../data/pool14/387_TATGGCAC-TCTCGCAA_L00M_R2_001.fastq.gz
10	:	1660798794.536	     0.043	0	25	132	0	map_wrapper ../data/pool14/388_GAATCACC-CTTCGTTC_L00M_R1_001.fastq.gz ../data/pool14/388_GAATCACC-CTTCGTTC_L00M_R2_001.fastq.gz
11	:	1660798794.607	     0.042	0	25	132	0	map_wrapper ../data/pool14/389_GTAAGGTG-GCAATTCG_L00M_R1_001.fastq.gz ../data/pool14/389_GTAAGGTG-GCAATTCG_L00M_R2_001.fastq.gz
12	:	1660798794.660	     0.042	0	25	132	0	map_wrapper ../data/pool14/390_CGAGAGAA-TCTCTTCC_L00M_R1_001.fastq.gz ../data/pool14/390_CGAGAGAA-TCTCTTCC_L00M_R2_001.fastq.gz
13	:	1660798794.737	     0.042	0	25	132	0	map_wrapper ../data/pool14/391_CGCAACTA-GAATCCGA_L00M_R1_001.fastq.gz ../data/pool14/391_CGCAACTA-GAATCCGA_L00M_R2_001.fastq.gz
14	:	1660798794.799	     0.045	0	25	132	0	map_wrapper ../data/pool14/392_CACAGACT-TGGTACAG_L00M_R1_001.fastq.gz ../data/pool14/392_CACAGACT-TGGTACAG_L00M_R2_001.fastq.gz
15	:	1660798794.895	     0.046	0	25	132	0	map_wrapper ../data/pool14/393_TGGAAGCA-GTACTCTC_L00M_R1_001.fastq.gz ../data/pool14/393_TGGAAGCA-GTACTCTC_L00M_R2_001.fastq.gz
16	:	1660798795.019	     0.044	0	25	132	0	map_wrapper ../data/pool14/394_CAATAGCC-TGCGTAGA_L00M_R1_001.fastq.gz ../data/pool14/394_CAATAGCC-TGCGTAGA_L00M_R2_001.fastq.gz
17	:	1660798795.131	     0.042	0	25	132	0	map_wrapper ../data/pool14/395_CTCGAACA-GGAATTGC_L00M_R1_001.fastq.gz ../data/pool14/395_CTCGAACA-GGAATTGC_L00M_R2_001.fastq.gz
18	:	1660798795.247	     0.045	0	25	132	0	map_wrapper ../data/pool14/396_GGCAAGTT-CTTCTGAG_L00M_R1_001.fastq.gz ../data/pool14/396_GGCAAGTT-CTTCTGAG_L00M_R2_001.fastq.gz
19	:	1660798795.320	     0.042	0	25	132	0	map_wrapper ../data/pool14/397_AGCTACCA-CTTAGGAC_L00M_R1_001.fastq.gz ../data/pool14/397_AGCTACCA-CTTAGGAC_L00M_R2_001.fastq.gz
20	:	1660798795.389	     0.046	0	25	132	0	map_wrapper ../data/pool14/398_CAGCATAC-TCTAACGC_L00M_R1_001.fastq.gz ../data/pool14/398_CAGCATAC-TCTAACGC_L00M_R2_001.fastq.gz
4	:	1660643503.114	161018.616	0	25	0	0	map_wrapper ../data/pool14/381_GGTATAGG-CTGGAGTA_L00M_R1_001.fastq.gz ../data/pool14/381_GGTATAGG-CTGGAGTA_L00M_R2_001.fastq.gz
5	:	1660654499.011	169733.717	0	25	0	0	map_wrapper ../data/pool14/383_TCTAGGAG-AGGTCACT_L00M_R1_001.fastq.gz ../data/pool14/383_TCTAGGAG-AGGTCACT_L00M_R2_001.fastq.gz
