Seq	Host	Starttime	JobRuntime	Send	Receive	Exitval	Signal	Command
1	:	1660073418.106	 88658.638	0	25	0	0	map_wrapper ../data/pool11/316_CGGCATTA-TGACTGAC_L00M_R1_001.fastq.gz ../data/pool11/316_CGGCATTA-TGACTGAC_L00M_R2_001.fastq.gz
5	:	1660073418.145	 98972.078	0	25	0	0	map_wrapper ../data/pool11/320_GGACATCA-TGCAGGTA_L00M_R1_001.fastq.gz ../data/pool11/320_GGACATCA-TGCAGGTA_L00M_R2_001.fastq.gz
3	:	1660073418.125	100955.743	0	25	0	0	map_wrapper ../data/pool11/318_GGAATGTC-GTGTTCCT_L00M_R1_001.fastq.gz ../data/pool11/318_GGAATGTC-GTGTTCCT_L00M_R2_001.fastq.gz
4	:	1660073418.135	104379.459	0	25	0	0	map_wrapper ../data/pool11/319_TGGTGAAG-GCTGTAAG_L00M_R1_001.fastq.gz ../data/pool11/319_TGGTGAAG-GCTGTAAG_L00M_R2_001.fastq.gz
2	:	1660073418.116	135017.325	0	25	0	0	map_wrapper ../data/pool11/317_CACGCAAT-ATGGAAGG_L00M_R1_001.fastq.gz ../data/pool11/317_CACGCAAT-ATGGAAGG_L00M_R2_001.fastq.gz
6	:	1660162076.919	100284.328	0	25	0	0	map_wrapper ../data/pool11/321_GGTGTACA-TAGCGTCT_L00M_R1_001.fastq.gz ../data/pool11/321_GGTGTACA-TAGCGTCT_L00M_R2_001.fastq.gz
8	:	1660174373.984	109636.773	0	25	0	0	map_wrapper ../data/pool11/323_CCACAACA-TGTGGTAC_L00M_R1_001.fastq.gz ../data/pool11/323_CCACAACA-TGTGGTAC_L00M_R2_001.fastq.gz
7	:	1660172390.513	113487.079	0	25	0	0	map_wrapper ../data/pool11/322_GATAGCCA-CTGTGTTG_L00M_R1_001.fastq.gz ../data/pool11/322_GATAGCCA-CTGTGTTG_L00M_R2_001.fastq.gz
9	:	1660177797.749	116198.638	0	25	0	0	map_wrapper ../data/pool11/324_TTACCGAC-CGTATTCG_L00M_R1_001.fastq.gz ../data/pool11/324_TTACCGAC-CGTATTCG_L00M_R2_001.fastq.gz
10	:	1660208435.591	105270.335	0	25	0	0	map_wrapper ../data/pool11/325_TCGTCTGA-TCAAGGAC_L00M_R1_001.fastq.gz ../data/pool11/325_TCGTCTGA-TCAAGGAC_L00M_R2_001.fastq.gz
12	:	1660284010.984	 89382.815	0	25	1	0	map_wrapper ../data/pool11/327_TACGGTCT-GCAATGGA_L00M_R1_001.fastq.gz ../data/pool11/327_TACGGTCT-GCAATGGA_L00M_R2_001.fastq.gz
11	:	1660262361.417	114945.486	0	25	0	0	map_wrapper ../data/pool11/326_TTCCAGGT-AAGCACTG_L00M_R1_001.fastq.gz ../data/pool11/326_TTCCAGGT-AAGCACTG_L00M_R2_001.fastq.gz
13	:	1660285878.278	118804.572	0	25	0	0	map_wrapper ../data/pool11/328_AAGACCGT-CAATCGAC_L00M_R1_001.fastq.gz ../data/pool11/328_AAGACCGT-CAATCGAC_L00M_R2_001.fastq.gz
14	:	1660293996.651	113351.583	0	25	0	0	map_wrapper ../data/pool11/329_CAGGTTCA-GGCGTTAT_L00M_R1_001.fastq.gz ../data/pool11/329_CAGGTTCA-GGCGTTAT_L00M_R2_001.fastq.gz
15	:	1660313706.128	102836.973	0	25	0	0	map_wrapper ../data/pool11/330_TAGGAGCT-GTTAAGGC_L00M_R1_001.fastq.gz ../data/pool11/330_TAGGAGCT-GTTAAGGC_L00M_R2_001.fastq.gz
17	:	1660377307.068	 97046.460	0	25	0	0	map_wrapper ../data/pool11/332_AGTGACCT-CTCCTAGA_L00M_R1_001.fastq.gz ../data/pool11/332_AGTGACCT-CTCCTAGA_L00M_R2_001.fastq.gz
16	:	1660373394.058	102798.564	0	25	0	0	map_wrapper ../data/pool11/331_TACTCCAG-CCTATACC_L00M_R1_001.fastq.gz ../data/pool11/331_TACTCCAG-CCTATACC_L00M_R2_001.fastq.gz
18	:	1660404683.075	 85953.191	0	25	0	0	map_wrapper ../data/pool11/333_AGCCTATC-GTTACGCA_L00M_R1_001.fastq.gz ../data/pool11/333_AGCCTATC-GTTACGCA_L00M_R2_001.fastq.gz
20	:	1660416543.274	 91095.435	0	25	0	0	map_wrapper ../data/pool11/336_CCAGTATC-ATCTCGCT_L00M_R1_001.fastq.gz ../data/pool11/336_CCAGTATC-ATCTCGCT_L00M_R2_001.fastq.gz
19	:	1660407348.369	100644.710	0	25	0	0	map_wrapper ../data/pool11/335_TCATCTCC-CTAGCAAG_L00M_R1_001.fastq.gz ../data/pool11/335_TCATCTCC-CTAGCAAG_L00M_R2_001.fastq.gz
12	:	1660516298.465	 75807.676	0	25	1	0	map_wrapper ../data/pool11/327_TACGGTCT-GCAATGGA_L00M_R1_001.fastq.gz ../data/pool11/327_TACGGTCT-GCAATGGA_L00M_R2_001.fastq.gz
12	:	1660823207.396	 74585.272	0	25	1	0	map_wrapper ../data/pool11/327_TACGGTCT-GCAATGGA_L00M_R1_001.fastq.gz ../data/pool11/327_TACGGTCT-GCAATGGA_L00M_R2_001.fastq.gz
