Seq	Host	Starttime	JobRuntime	Send	Receive	Exitval	Signal	Command
3	:	1656948141.657	 63878.697	0	25	1	0	map_wrapper ../data/pool16/382_AAGACCGT-CAATCGAC_L00M_R1_001.fastq.gz ../data/pool16/382_AAGACCGT-CAATCGAC_L00M_R2_001.fastq.gz
5	:	1656948141.666	 63879.411	0	25	1	0	map_wrapper ../data/pool16/418_TAGGAGCT-GTTAAGGC_L00M_R1_001.fastq.gz ../data/pool16/418_TAGGAGCT-GTTAAGGC_L00M_R2_001.fastq.gz
7	:	1656948141.675	 63879.788	0	25	1	0	map_wrapper ../data/pool16/420_AGTGACCT-CTCCTAGA_L00M_R1_001.fastq.gz ../data/pool16/420_AGTGACCT-CTCCTAGA_L00M_R2_001.fastq.gz
9	:	1656948141.684	 63880.275	0	25	1	0	map_wrapper ../data/pool16/422_TCATCTCC-CTAGCAAG_L00M_R1_001.fastq.gz ../data/pool16/422_TCATCTCC-CTAGCAAG_L00M_R2_001.fastq.gz
4	:	1656948141.661	 63881.265	0	25	1	0	map_wrapper ../data/pool16/406_CAGGTTCA-GGCGTTAT_L00M_R1_001.fastq.gz ../data/pool16/406_CAGGTTCA-GGCGTTAT_L00M_R2_001.fastq.gz
10	:	1656948141.688	 63881.815	0	25	1	0	map_wrapper ../data/pool16/423_CCAGTATC-ATCTCGCT_L00M_R1_001.fastq.gz ../data/pool16/423_CCAGTATC-ATCTCGCT_L00M_R2_001.fastq.gz
13	:	1657012021.822	 14494.456	0	25	1	0	map_wrapper ../data/pool16/426_CGAATTGC-CACCTTAC_L00M_R1_001.fastq.gz ../data/pool16/426_CGAATTGC-CACCTTAC_L00M_R2_001.fastq.gz
6	:	1656948141.670	126065.786	0	25	0	0	map_wrapper ../data/pool16/419_TACTCCAG-CCTATACC_L00M_R1_001.fastq.gz ../data/pool16/419_TACTCCAG-CCTATACC_L00M_R2_001.fastq.gz
8	:	1656948141.679	149111.997	0	25	0	0	map_wrapper ../data/pool16/421_AGCCTATC-GTTACGCA_L00M_R1_001.fastq.gz ../data/pool16/421_AGCCTATC-GTTACGCA_L00M_R2_001.fastq.gz
1	:	1656948141.632	156200.032	0	25	0	0	map_wrapper ../data/pool16/287_TTCCAGGT-AAGCACTG_L00M_R1_001.fastq.gz ../data/pool16/287_TTCCAGGT-AAGCACTG_L00M_R2_001.fastq.gz
2	:	1656948141.637	164131.311	0	25	0	0	map_wrapper ../data/pool16/308_TACGGTCT-GCAATGGA_L00M_R1_001.fastq.gz ../data/pool16/308_TACGGTCT-GCAATGGA_L00M_R2_001.fastq.gz
15	:	1657012023.075	120577.601	0	25	0	0	map_wrapper ../data/pool16/428_TCGGATTC-TAGTTGCG_L00M_R1_001.fastq.gz ../data/pool16/428_TCGGATTC-TAGTTGCG_L00M_R2_001.fastq.gz
14	:	1657012022.102	123014.674	0	25	0	0	map_wrapper ../data/pool16/427_GGAAGAGA-TTCTCTCG_L00M_R1_001.fastq.gz ../data/pool16/427_GGAAGAGA-TTCTCTCG_L00M_R2_001.fastq.gz
12	:	1657012021.223	136958.036	0	25	0	0	map_wrapper ../data/pool16/425_GAACGAAG-GGTGATTC_L00M_R1_001.fastq.gz ../data/pool16/425_GAACGAAG-GGTGATTC_L00M_R2_001.fastq.gz
16	:	1657012024.022	143800.526	0	25	0	0	map_wrapper ../data/pool16/429_CTGTACCA-AGTCTGTG_L00M_R1_001.fastq.gz ../data/pool16/429_CTGTACCA-AGTCTGTG_L00M_R2_001.fastq.gz
11	:	1657012020.904	147339.315	0	25	0	0	map_wrapper ../data/pool16/424_TTGCGAGA-GTGCCATA_L00M_R1_001.fastq.gz ../data/pool16/424_TTGCGAGA-GTGCCATA_L00M_R2_001.fastq.gz
17	:	1657026516.553	147523.384	0	25	0	0	map_wrapper ../data/pool16/430_GAGAGTAC-TGCTTCCA_L00M_R1_001.fastq.gz ../data/pool16/430_GAGAGTAC-TGCTTCCA_L00M_R2_001.fastq.gz
19	:	1657097253.966	 82805.036	0	25	0	0	map_wrapper ../data/pool16/432_GCAATTCC-TGTTCGAG_L00M_R1_001.fastq.gz ../data/pool16/432_GCAATTCC-TGTTCGAG_L00M_R2_001.fastq.gz
18	:	1657074207.773	122851.713	0	25	0	0	map_wrapper ../data/pool16/431_TCTACGCA-GGCTATTG_L00M_R1_001.fastq.gz ../data/pool16/431_TCTACGCA-GGCTATTG_L00M_R2_001.fastq.gz
20	:	1657104341.965	100129.009	0	25	0	0	map_wrapper ../data/pool16/433_CTCAGAAG-AACTTGCC_L00M_R1_001.fastq.gz ../data/pool16/433_CTCAGAAG-AACTTGCC_L00M_R2_001.fastq.gz
