Seq	Host	Starttime	JobRuntime	Send	Receive	Exitval	Signal	Command
1	:	1659472955.756	  1390.317	0	25	1	0	map_wrapper ../data/pool05/185_TATGGCAC-TCTCGCAA_L00M_R1_001.fastq.gz ../data/pool05/185_TATGGCAC-TCTCGCAA_L00M_R2_001.fastq.gz
2	:	1659472955.763	 40927.986	0	25	1	0	map_wrapper ../data/pool05/186_GAATCACC-CTTCGTTC_L00M_R1_001.fastq.gz ../data/pool05/186_GAATCACC-CTTCGTTC_L00M_R2_001.fastq.gz
3	:	1659474347.645	 91906.752	0	25	0	0	map_wrapper ../data/pool05/188_GTAAGGTG-GCAATTCG_L00M_R1_001.fastq.gz ../data/pool05/188_GTAAGGTG-GCAATTCG_L00M_R2_001.fastq.gz
4	:	1659513884.100	 99556.838	0	25	0	0	map_wrapper ../data/pool05/216_CGAGAGAA-TCTCTTCC_L00M_R1_001.fastq.gz ../data/pool05/216_CGAGAGAA-TCTCTTCC_L00M_R2_001.fastq.gz
5	:	1659566254.491	100441.187	0	25	0	0	map_wrapper ../data/pool05/217_CGCAACTA-GAATCCGA_L00M_R1_001.fastq.gz ../data/pool05/217_CGCAACTA-GAATCCGA_L00M_R2_001.fastq.gz
6	:	1659613442.134	 94158.092	0	25	0	0	map_wrapper ../data/pool05/218_CACAGACT-TGGTACAG_L00M_R1_001.fastq.gz ../data/pool05/218_CACAGACT-TGGTACAG_L00M_R2_001.fastq.gz
7	:	1659666696.557	 81219.795	0	25	1	0	map_wrapper ../data/pool05/229_TGGAAGCA-GTACTCTC_L00M_R1_001.fastq.gz ../data/pool05/229_TGGAAGCA-GTACTCTC_L00M_R2_001.fastq.gz
9	:	1659747916.615	 21632.167	0	25	1	0	map_wrapper ../data/pool05/231_CTCGAACA-GGAATTGC_L00M_R1_001.fastq.gz ../data/pool05/231_CTCGAACA-GGAATTGC_L00M_R2_001.fastq.gz
8	:	1659707600.537	 83555.871	0	25	0	0	map_wrapper ../data/pool05/230_CAATAGCC-TGCGTAGA_L00M_R1_001.fastq.gz ../data/pool05/230_CAATAGCC-TGCGTAGA_L00M_R2_001.fastq.gz
11	:	1659791156.716	  3584.356	0	25	1	0	map_wrapper ../data/pool05/252_AGCTACCA-CTTAGGAC_L00M_R1_001.fastq.gz ../data/pool05/252_AGCTACCA-CTTAGGAC_L00M_R2_001.fastq.gz
12	:	1659794749.441	  3577.786	0	25	1	0	map_wrapper ../data/pool05/255_CAGCATAC-TCTAACGC_L00M_R1_001.fastq.gz ../data/pool05/255_CAGCATAC-TCTAACGC_L00M_R2_001.fastq.gz
13	:	1659798327.284	 21620.651	0	25	1	0	map_wrapper ../data/pool05/301_CGTATCTC-GTACCTTG_L00M_R1_001.fastq.gz ../data/pool05/301_CGTATCTC-GTACCTTG_L00M_R2_001.fastq.gz
10	:	1659769549.266	 61181.359	0	25	1	0	map_wrapper ../data/pool05/236_GGCAAGTT-CTTCTGAG_L00M_R1_001.fastq.gz ../data/pool05/236_GGCAAGTT-CTTCTGAG_L00M_R2_001.fastq.gz
14	:	1659819948.064	 57577.516	0	25	1	0	map_wrapper ../data/pool05/334_TTACGTGC-CAAGGTCT_L00M_R1_001.fastq.gz ../data/pool05/334_TTACGTGC-CAAGGTCT_L00M_R2_001.fastq.gz
15	:	1659830731.424	 46797.318	0	25	1	0	map_wrapper ../data/pool05/380_AGCTAAGC-GTAACGAC_L00M_R1_001.fastq.gz ../data/pool05/380_AGCTAAGC-GTAACGAC_L00M_R2_001.fastq.gz
17	:	1659877529.000	 74528.588	0	25	0	0	map_wrapper ../data/pool05/464_CAACTCCA-ACGGATTC_L00M_R1_001.fastq.gz ../data/pool05/464_CAACTCCA-ACGGATTC_L00M_R2_001.fastq.gz
16	:	1659877526.288	 91202.219	0	25	0	0	map_wrapper ../data/pool05/450_AAGACACC-TCGGTTAC_L00M_R1_001.fastq.gz ../data/pool05/450_AAGACACC-TCGGTTAC_L00M_R2_001.fastq.gz
18	:	1659952057.711	 22625.640	0	25	1	0	map_wrapper ../data/pool05/465_GATCTTGC-TGCTCATG_L00M_R1_001.fastq.gz ../data/pool05/465_GATCTTGC-TGCTCATG_L00M_R2_001.fastq.gz
19	:	1659968728.694	 89554.601	0	25	0	0	map_wrapper ../data/pool05/466_CTTCACTG-GTCCTAAG_L00M_R1_001.fastq.gz ../data/pool05/466_CTTCACTG-GTCCTAAG_L00M_R2_001.fastq.gz
20	:	1659974683.595	 90694.937	0	25	0	0	map_wrapper ../data/pool05/468_CTCGACTT-GGTCAGAT_L00M_R1_001.fastq.gz ../data/pool05/468_CTCGACTT-GGTCAGAT_L00M_R2_001.fastq.gz
1	:	1660514591.803	     0.000	0	0	127	0	map_wrapper ../data/pool05/185_TATGGCAC-TCTCGCAA_L00M_R1_001.fastq.gz ../data/pool05/185_TATGGCAC-TCTCGCAA_L00M_R2_001.fastq.gz
2	:	1660514591.807	     0.038	0	0	127	0	map_wrapper ../data/pool05/186_GAATCACC-CTTCGTTC_L00M_R1_001.fastq.gz ../data/pool05/186_GAATCACC-CTTCGTTC_L00M_R2_001.fastq.gz
7	:	1660514591.811	     0.034	0	0	127	0	map_wrapper ../data/pool05/229_TGGAAGCA-GTACTCTC_L00M_R1_001.fastq.gz ../data/pool05/229_TGGAAGCA-GTACTCTC_L00M_R2_001.fastq.gz
9	:	1660514591.852	     0.025	0	0	127	0	map_wrapper ../data/pool05/231_CTCGAACA-GGAATTGC_L00M_R1_001.fastq.gz ../data/pool05/231_CTCGAACA-GGAATTGC_L00M_R2_001.fastq.gz
10	:	1660514591.855	     0.023	0	0	127	0	map_wrapper ../data/pool05/236_GGCAAGTT-CTTCTGAG_L00M_R1_001.fastq.gz ../data/pool05/236_GGCAAGTT-CTTCTGAG_L00M_R2_001.fastq.gz
12	:	1660514591.886	     0.019	0	0	127	0	map_wrapper ../data/pool05/255_CAGCATAC-TCTAACGC_L00M_R1_001.fastq.gz ../data/pool05/255_CAGCATAC-TCTAACGC_L00M_R2_001.fastq.gz
11	:	1660514591.883	     0.022	0	0	127	0	map_wrapper ../data/pool05/252_AGCTACCA-CTTAGGAC_L00M_R1_001.fastq.gz ../data/pool05/252_AGCTACCA-CTTAGGAC_L00M_R2_001.fastq.gz
14	:	1660514591.913	     0.013	0	0	127	0	map_wrapper ../data/pool05/334_TTACGTGC-CAAGGTCT_L00M_R1_001.fastq.gz ../data/pool05/334_TTACGTGC-CAAGGTCT_L00M_R2_001.fastq.gz
13	:	1660514591.910	     0.017	0	0	127	0	map_wrapper ../data/pool05/301_CGTATCTC-GTACCTTG_L00M_R1_001.fastq.gz ../data/pool05/301_CGTATCTC-GTACCTTG_L00M_R2_001.fastq.gz
15	:	1660514591.932	     0.019	0	0	127	0	map_wrapper ../data/pool05/380_AGCTAAGC-GTAACGAC_L00M_R1_001.fastq.gz ../data/pool05/380_AGCTAAGC-GTAACGAC_L00M_R2_001.fastq.gz
18	:	1660514591.935	     0.016	0	0	127	0	map_wrapper ../data/pool05/465_GATCTTGC-TGCTCATG_L00M_R1_001.fastq.gz ../data/pool05/465_GATCTTGC-TGCTCATG_L00M_R2_001.fastq.gz
2	:	1660514621.150	111141.269	0	25	0	0	map_wrapper ../data/pool05/186_GAATCACC-CTTCGTTC_L00M_R1_001.fastq.gz ../data/pool05/186_GAATCACC-CTTCGTTC_L00M_R2_001.fastq.gz
1	:	1660514621.147	159851.904	0	25	0	0	map_wrapper ../data/pool05/185_TATGGCAC-TCTCGCAA_L00M_R1_001.fastq.gz ../data/pool05/185_TATGGCAC-TCTCGCAA_L00M_R2_001.fastq.gz
7	:	1660625762.614	171440.981	0	25	0	0	map_wrapper ../data/pool05/229_TGGAAGCA-GTACTCTC_L00M_R1_001.fastq.gz ../data/pool05/229_TGGAAGCA-GTACTCTC_L00M_R2_001.fastq.gz
10	:	1660797203.732	     0.773	0	25	132	0	map_wrapper ../data/pool05/236_GGCAAGTT-CTTCTGAG_L00M_R1_001.fastq.gz ../data/pool05/236_GGCAAGTT-CTTCTGAG_L00M_R2_001.fastq.gz
11	:	1660797204.511	     0.075	0	25	132	0	map_wrapper ../data/pool05/252_AGCTACCA-CTTAGGAC_L00M_R1_001.fastq.gz ../data/pool05/252_AGCTACCA-CTTAGGAC_L00M_R2_001.fastq.gz
12	:	1660797204.591	     0.049	0	25	132	0	map_wrapper ../data/pool05/255_CAGCATAC-TCTAACGC_L00M_R1_001.fastq.gz ../data/pool05/255_CAGCATAC-TCTAACGC_L00M_R2_001.fastq.gz
13	:	1660797204.645	     0.052	0	25	132	0	map_wrapper ../data/pool05/301_CGTATCTC-GTACCTTG_L00M_R1_001.fastq.gz ../data/pool05/301_CGTATCTC-GTACCTTG_L00M_R2_001.fastq.gz
14	:	1660797204.703	     0.062	0	25	132	0	map_wrapper ../data/pool05/334_TTACGTGC-CAAGGTCT_L00M_R1_001.fastq.gz ../data/pool05/334_TTACGTGC-CAAGGTCT_L00M_R2_001.fastq.gz
15	:	1660797204.770	     0.071	0	25	132	0	map_wrapper ../data/pool05/380_AGCTAAGC-GTAACGAC_L00M_R1_001.fastq.gz ../data/pool05/380_AGCTAAGC-GTAACGAC_L00M_R2_001.fastq.gz
18	:	1660797204.846	     0.059	0	25	132	0	map_wrapper ../data/pool05/465_GATCTTGC-TGCTCATG_L00M_R1_001.fastq.gz ../data/pool05/465_GATCTTGC-TGCTCATG_L00M_R2_001.fastq.gz
9	:	1660674473.260	131829.911	0	25	0	0	map_wrapper ../data/pool05/231_CTCGAACA-GGAATTGC_L00M_R1_001.fastq.gz ../data/pool05/231_CTCGAACA-GGAATTGC_L00M_R2_001.fastq.gz
10	:	1660823137.337	     0.064	0	25	132	0	map_wrapper ../data/pool05/236_GGCAAGTT-CTTCTGAG_L00M_R1_001.fastq.gz ../data/pool05/236_GGCAAGTT-CTTCTGAG_L00M_R2_001.fastq.gz
11	:	1660823137.342	     0.072	0	25	132	0	map_wrapper ../data/pool05/252_AGCTACCA-CTTAGGAC_L00M_R1_001.fastq.gz ../data/pool05/252_AGCTACCA-CTTAGGAC_L00M_R2_001.fastq.gz
12	:	1660823137.406	     0.067	0	25	132	0	map_wrapper ../data/pool05/255_CAGCATAC-TCTAACGC_L00M_R1_001.fastq.gz ../data/pool05/255_CAGCATAC-TCTAACGC_L00M_R2_001.fastq.gz
13	:	1660823137.433	     0.056	0	25	132	0	map_wrapper ../data/pool05/301_CGTATCTC-GTACCTTG_L00M_R1_001.fastq.gz ../data/pool05/301_CGTATCTC-GTACCTTG_L00M_R2_001.fastq.gz
14	:	1660823137.478	     0.058	0	25	132	0	map_wrapper ../data/pool05/334_TTACGTGC-CAAGGTCT_L00M_R1_001.fastq.gz ../data/pool05/334_TTACGTGC-CAAGGTCT_L00M_R2_001.fastq.gz
15	:	1660823137.495	     0.049	0	25	132	0	map_wrapper ../data/pool05/380_AGCTAAGC-GTAACGAC_L00M_R1_001.fastq.gz ../data/pool05/380_AGCTAAGC-GTAACGAC_L00M_R2_001.fastq.gz
18	:	1660823137.542	     0.105	0	25	132	0	map_wrapper ../data/pool05/465_GATCTTGC-TGCTCATG_L00M_R1_001.fastq.gz ../data/pool05/465_GATCTTGC-TGCTCATG_L00M_R2_001.fastq.gz
10	:	1660823193.559	 22713.431	0	25	1	0	map_wrapper ../data/pool05/236_GGCAAGTT-CTTCTGAG_L00M_R1_001.fastq.gz ../data/pool05/236_GGCAAGTT-CTTCTGAG_L00M_R2_001.fastq.gz
11	:	1660823193.562	 87789.532	0	25	0	0	map_wrapper ../data/pool05/252_AGCTACCA-CTTAGGAC_L00M_R1_001.fastq.gz ../data/pool05/252_AGCTACCA-CTTAGGAC_L00M_R2_001.fastq.gz
12	:	1660845907.041	 84172.402	0	25	0	0	map_wrapper ../data/pool05/255_CAGCATAC-TCTAACGC_L00M_R1_001.fastq.gz ../data/pool05/255_CAGCATAC-TCTAACGC_L00M_R2_001.fastq.gz
13	:	1660910983.164	 90267.516	0	25	0	0	map_wrapper ../data/pool05/301_CGTATCTC-GTACCTTG_L00M_R1_001.fastq.gz ../data/pool05/301_CGTATCTC-GTACCTTG_L00M_R2_001.fastq.gz
14	:	1660930079.576	 98222.255	0	25	0	0	map_wrapper ../data/pool05/334_TTACGTGC-CAAGGTCT_L00M_R1_001.fastq.gz ../data/pool05/334_TTACGTGC-CAAGGTCT_L00M_R2_001.fastq.gz
15	:	1661001250.810	 79354.098	0	25	0	0	map_wrapper ../data/pool05/380_AGCTAAGC-GTAACGAC_L00M_R1_001.fastq.gz ../data/pool05/380_AGCTAAGC-GTAACGAC_L00M_R2_001.fastq.gz
18	:	1661028301.903	 55994.194	0	25	1	0	map_wrapper ../data/pool05/465_GATCTTGC-TGCTCATG_L00M_R1_001.fastq.gz ../data/pool05/465_GATCTTGC-TGCTCATG_L00M_R2_001.fastq.gz
18	:	1661202439.173	 64637.888	0	25	1	0	map_wrapper ../data/pool05/465_GATCTTGC-TGCTCATG_L00M_R1_001.fastq.gz ../data/pool05/465_GATCTTGC-TGCTCATG_L00M_R2_001.fastq.gz
