Seq	Host	Starttime	JobRuntime	Send	Receive	Exitval	Signal	Command
5	:	1657553474.807	 88883.712	0	25	1	0	map_wrapper ../data/pool18/459_CAACACAG-TGGCTATC_L00M_R1_001.fastq.gz ../data/pool18/459_CAACACAG-TGGCTATC_L00M_R2_001.fastq.gz
7	:	1657553474.825	120815.042	0	25	0	0	map_wrapper ../data/pool18/461_CGAATACG-GTCGGTAA_L00M_R1_001.fastq.gz ../data/pool18/461_CGAATACG-GTCGGTAA_L00M_R2_001.fastq.gz
2	:	1657553474.779	121976.441	0	25	0	0	map_wrapper ../data/pool18/456_CTTACAGC-CTTCACCA_L00M_R1_001.fastq.gz ../data/pool18/456_CTTACAGC-CTTCACCA_L00M_R2_001.fastq.gz
10	:	1657553474.848	124910.260	0	25	0	0	map_wrapper ../data/pool18/467_TCCATTGC-AGACCGTA_L00M_R1_001.fastq.gz ../data/pool18/467_TCCATTGC-AGACCGTA_L00M_R2_001.fastq.gz
3	:	1657553474.788	129446.146	0	25	0	0	map_wrapper ../data/pool18/457_TACCTGCA-TGATGTCC_L00M_R1_001.fastq.gz ../data/pool18/457_TACCTGCA-TGATGTCC_L00M_R2_001.fastq.gz
8	:	1657553474.834	132679.648	0	25	0	0	map_wrapper ../data/pool18/462_GTCCTTGA-TCAGACGA_L00M_R1_001.fastq.gz ../data/pool18/462_GTCCTTGA-TCAGACGA_L00M_R2_001.fastq.gz
4	:	1657553474.797	134918.478	0	25	0	0	map_wrapper ../data/pool18/458_AGACGCTA-TGTACACC_L00M_R1_001.fastq.gz ../data/pool18/458_AGACGCTA-TGTACACC_L00M_R2_001.fastq.gz
1	:	1657553474.769	136989.093	0	25	0	0	map_wrapper ../data/pool18/455_AGGAACAC-GACATTCC_L00M_R1_001.fastq.gz ../data/pool18/455_AGGAACAC-GACATTCC_L00M_R2_001.fastq.gz
6	:	1657553474.816	138125.726	0	25	0	0	map_wrapper ../data/pool18/460_GTACCACA-TGTTGTGG_L00M_R1_001.fastq.gz ../data/pool18/460_GTACCACA-TGTTGTGG_L00M_R2_001.fastq.gz
9	:	1657553474.842	157723.971	0	25	0	0	map_wrapper ../data/pool18/463_CAGTGCTT-ACCTGGAA_L00M_R1_001.fastq.gz ../data/pool18/463_CAGTGCTT-ACCTGGAA_L00M_R2_001.fastq.gz
11	:	1657642358.739	140452.836	0	25	0	0	map_wrapper ../data/pool18/469_GTCGATTG-ACGGTCTT_L00M_R1_001.fastq.gz ../data/pool18/469_GTCGATTG-ACGGTCTT_L00M_R2_001.fastq.gz
13	:	1657675451.384	134849.208	0	25	0	0	map_wrapper ../data/pool18/471_GCCTTAAC-AGCTCCTA_L00M_R1_001.fastq.gz ../data/pool18/471_GCCTTAAC-AGCTCCTA_L00M_R2_001.fastq.gz
14	:	1657678385.320	133940.571	0	25	0	0	map_wrapper ../data/pool18/472_GGTATAGG-CTGGAGTA_L00M_R1_001.fastq.gz ../data/pool18/472_GGTATAGG-CTGGAGTA_L00M_R2_001.fastq.gz
12	:	1657674290.052	141156.907	0	25	0	0	map_wrapper ../data/pool18/470_ATAACGCC-TGAACCTG_L00M_R1_001.fastq.gz ../data/pool18/470_ATAACGCC-TGAACCTG_L00M_R2_001.fastq.gz
16	:	1657686154.697	139819.491	0	25	0	0	map_wrapper ../data/pool18/474_TGCGTAAC-GATAGGCT_L00M_R1_001.fastq.gz ../data/pool18/474_TGCGTAAC-GATAGGCT_L00M_R2_001.fastq.gz
15	:	1657682921.210	143352.023	0	25	0	0	map_wrapper ../data/pool18/473_TCTAGGAG-AGGTCACT_L00M_R1_001.fastq.gz ../data/pool18/473_TCTAGGAG-AGGTCACT_L00M_R2_001.fastq.gz
19	:	1657691600.962	141594.838	0	25	0	0	map_wrapper ../data/pool18/477_TATGGCAC-TCTCGCAA_L00M_R1_001.fastq.gz ../data/pool18/477_TATGGCAC-TCTCGCAA_L00M_R2_001.fastq.gz
20	:	1657711199.129	125598.322	0	25	1	0	map_wrapper ../data/pool18/478_GAATCACC-CTTCGTTC_L00M_R1_001.fastq.gz ../data/pool18/478_GAATCACC-CTTCGTTC_L00M_R2_001.fastq.gz
17	:	1657688393.585	150879.957	0	25	0	0	map_wrapper ../data/pool18/475_CTTGCTAG-GGAGATGA_L00M_R1_001.fastq.gz ../data/pool18/475_CTTGCTAG-GGAGATGA_L00M_R2_001.fastq.gz
18	:	1657690464.243	150004.958	0	25	1	0	map_wrapper ../data/pool18/476_AGCGAGAT-GATACTGG_L00M_R1_001.fastq.gz ../data/pool18/476_AGCGAGAT-GATACTGG_L00M_R2_001.fastq.gz
